<?xml version="1.0" encoding="utf-8"?>
<TestRun id="7b80b36c-c376-47fa-b418-21b91dd54e06" name="semih@SEMIH 2026-08-05 07:50:37" runUser="SEMIH\semih" xmlns="http://microsoft.com/schemas/VisualStudio/TeamTest/2010">
  <Times creation="2026-08-05T07:50:37.9865754+03:00" queuing="2026-08-05T07:50:37.9865759+03:00" start="2026-08-05T07:50:37.1941391+03:00" finish="2026-08-05T07:50:39.5920757+03:00" />
  <TestSettings name="default" id="dcb328ed-69a3-4514-be84-ca3bbebe02ce">
    <Deployment runDeploymentRoot="semih_SEMIH_2026-08-05_07_50_37" />
  </TestSettings>
  <Results>
    <UnitTestResult executionId="4fc37148-cab5-40e3-8a38-3cefac90f592" testId="afd112b4-4899-e668-e251-6b57ef909844" testName="ALKAROS.Idempotency.Tests.IdempotencyKeyTests.ConstructorMaxLengthValuesAreAccepted" computerName="SEMIH" duration="00:00:00.0002239" startTime="2026-08-05T07:50:37.9458088+03:00" endTime="2026-08-05T07:50:37.9458089+03:00" testType="13cdc9d9-ddb5-4fa4-a97d-d965ccfc6d4b" outcome="Passed" testListId="8c84fa94-04c1-424b-9868-57a2d4851a1d" relativeResultsDirectory="4fc37148-cab5-40e3-8a38-3cefac90f592" />
    <UnitTestResult executionId="f17c3ef8-5e02-4f59-a041-25c386f21775" testId="b2c5d15a-4806-220b-ea56-4a1b58433c7c" testName="ALKAROS.Idempotency.Tests.InboxStoreTests.ProcessPendingHandlerSucceedsMarksProcessed" computerName="SEMIH" duration="00:00:00.0221816" startTime="2026-08-05T07:50:39.3117626+03:00" endTime="2026-08-05T07:50:39.3117628+03:00" testType="13cdc9d9-ddb5-4fa4-a97d-d965ccfc6d4b" outcome="Passed" testListId="8c84fa94-04c1-424b-9868-57a2d4851a1d" relativeResultsDirectory="f17c3ef8-5e02-4f59-a041-25c386f21775" />
    <UnitTestResult executionId="9ccc43c3-00b5-404c-bfee-cb15091db034" testId="6c29677f-34a1-16ad-a803-da6487d2e6e3" testName="ALKAROS.Idempotency.Tests.OutboxStoreTests.DispatchHandlerRunsOutsideTheClaimTransaction" computerName="SEMIH" duration="00:00:00.0261329" startTime="2026-08-05T07:50:38.8679086+03:00" endTime="2026-08-05T07:50:38.8679091+03:00" testType="13cdc9d9-ddb5-4fa4-a97d-d965ccfc6d4b" outcome="Passed" testListId="8c84fa94-04c1-424b-9868-57a2d4851a1d" relativeResultsDirectory="9ccc43c3-00b5-404c-bfee-cb15091db034" />
    <UnitTestResult executionId="09e47b18-1880-4277-8e9e-b5275d845d2d" testId="35f5c44e-411d-8426-a874-9c09863c8a04" testName="ALKAROS.Idempotency.Tests.InboxStoreTests.TryEnqueueNewMessageReturnsTrue" computerName="SEMIH" duration="00:00:00.0051697" startTime="2026-08-05T07:50:38.8491417+03:00" endTime="2026-08-05T07:50:38.8491421+03:00" testType="13cdc9d9-ddb5-4fa4-a97d-d965ccfc6d4b" outcome="Passed" testListId="8c84fa94-04c1-424b-9868-57a2d4851a1d" relativeResultsDirectory="09e47b18-1880-4277-8e9e-b5275d845d2d" />
    <UnitTestResult executionId="332f94fe-941b-4071-aba0-c49567bcad93" testId="c9784506-0724-83c5-707f-fd3634830f13" testName="ALKAROS.Idempotency.Tests.EnvelopeValidationTests.InboxEnvelopeInvalidSourceThrows(source: &quot;&quot;)" computerName="SEMIH" duration="00:00:00.0005143" startTime="2026-08-05T07:50:37.9432944+03:00" endTime="2026-08-05T07:50:37.9432944+03:00" testType="13cdc9d9-ddb5-4fa4-a97d-d965ccfc6d4b" outcome="Passed" testListId="8c84fa94-04c1-424b-9868-57a2d4851a1d" relativeResultsDirectory="332f94fe-941b-4071-aba0-c49567bcad93" />
    <UnitTestResult executionId="eb757ca8-60d4-4918-a4d4-bda8a53275c7" testId="1190b577-036a-5ffe-aa33-c27bfbfad53b" testName="ALKAROS.Idempotency.Tests.IdempotencyKeyStoreTests.RegisterOrReplayFirstUseReturnsCreatedAndStoresEnvelope" computerName="SEMIH" duration="00:00:00.0095898" startTime="2026-08-05T07:50:38.6068419+03:00" endTime="2026-08-05T07:50:38.6068420+03:00" testType="13cdc9d9-ddb5-4fa4-a97d-d965ccfc6d4b" outcome="Passed" testListId="8c84fa94-04c1-424b-9868-57a2d4851a1d" relativeResultsDirectory="eb757ca8-60d4-4918-a4d4-bda8a53275c7" />
    <UnitTestResult executionId="e518165b-34a6-4e04-b2e0-e81fd6610f03" testId="cc977dd7-8927-31ec-efeb-9d226814ff7c" testName="ALKAROS.Idempotency.Tests.EnvelopeValidationTests.InboxEnvelopeInvalidExternalEventIdThrows(externalEventId: &quot; &quot;)" computerName="SEMIH" duration="00:00:00.0002365" startTime="2026-08-05T07:50:37.9461321+03:00" endTime="2026-08-05T07:50:37.9461321+03:00" testType="13cdc9d9-ddb5-4fa4-a97d-d965ccfc6d4b" outcome="Passed" testListId="8c84fa94-04c1-424b-9868-57a2d4851a1d" relativeResultsDirectory="e518165b-34a6-4e04-b2e0-e81fd6610f03" />
    <UnitTestResult executionId="e51b1c72-369e-4c07-8d8a-ab07013b1b17" testId="c46676e9-679e-2ae0-7ed2-9a053e4f43a6" testName="ALKAROS.Idempotency.Tests.InboxRedeliveryContractTests.RedeliveryAfterAckLossCarriesAttemptCountAndNoDuplicateSideEffect" computerName="SEMIH" duration="00:00:00.1850551" startTime="2026-08-05T07:50:38.5784505+03:00" endTime="2026-08-05T07:50:38.5784509+03:00" testType="13cdc9d9-ddb5-4fa4-a97d-d965ccfc6d4b" outcome="Passed" testListId="8c84fa94-04c1-424b-9868-57a2d4851a1d" relativeResultsDirectory="e51b1c72-369e-4c07-8d8a-ab07013b1b17" />
    <UnitTestResult executionId="e485a220-abb9-4751-ba34-581f2ea4c23d" testId="fcf1f4c6-ce41-192c-3e12-1a92c16ab82b" testName="ALKAROS.Idempotency.Tests.EnvelopeValidationTests.InboxEnvelopeInvalidExternalEventIdThrows(externalEventId: null)" computerName="SEMIH" duration="00:00:00.0004687" startTime="2026-08-05T07:50:37.9461006+03:00" endTime="2026-08-05T07:50:37.9461007+03:00" testType="13cdc9d9-ddb5-4fa4-a97d-d965ccfc6d4b" outcome="Passed" testListId="8c84fa94-04c1-424b-9868-57a2d4851a1d" relativeResultsDirectory="e485a220-abb9-4751-ba34-581f2ea4c23d" />
    <UnitTestResult executionId="545cc9e4-dba9-4701-8e60-883e8621d0dd" testId="4e07c47a-75f6-e5fb-6117-65de88566648" testName="ALKAROS.Idempotency.Tests.IdempotencyKeyStoreTests.RegisterOrReplayConcurrentSameKeySameHashYieldsSingleCreateAndReplay" computerName="SEMIH" duration="00:00:00.0125489" startTime="2026-08-05T07:50:38.5630046+03:00" endTime="2026-08-05T07:50:38.5630048+03:00" testType="13cdc9d9-ddb5-4fa4-a97d-d965ccfc6d4b" outcome="Passed" testListId="8c84fa94-04c1-424b-9868-57a2d4851a1d" relativeResultsDirectory="545cc9e4-dba9-4701-8e60-883e8621d0dd" />
    <UnitTestResult executionId="2fd9b4d9-4f27-4103-ab22-147d31b97580" testId="7f483b71-936d-0063-acb7-b75158f4a174" testName="ALKAROS.Idempotency.Tests.IdempotencyKeyTests.ConstructorOverMaxLengthThrows" computerName="SEMIH" duration="00:00:00.0003994" startTime="2026-08-05T07:50:37.9434079+03:00" endTime="2026-08-05T07:50:37.9434080+03:00" testType="13cdc9d9-ddb5-4fa4-a97d-d965ccfc6d4b" outcome="Passed" testListId="8c84fa94-04c1-424b-9868-57a2d4851a1d" relativeResultsDirectory="2fd9b4d9-4f27-4103-ab22-147d31b97580" />
    <UnitTestResult executionId="8747aa76-71da-41ed-984f-f010e37f12c5" testId="3eb40130-3a29-4a28-bc9d-eaaa7aaf37c0" testName="ALKAROS.Idempotency.Tests.OutboxStoreTests.DispatchHandlerThrowsCountsAsFailure" computerName="SEMIH" duration="00:00:00.1585756" startTime="2026-08-05T07:50:38.8410946+03:00" endTime="2026-08-05T07:50:38.8410949+03:00" testType="13cdc9d9-ddb5-4fa4-a97d-d965ccfc6d4b" outcome="Passed" testListId="8c84fa94-04c1-424b-9868-57a2d4851a1d" relativeResultsDirectory="8747aa76-71da-41ed-984f-f010e37f12c5" />
    <UnitTestResult executionId="812205af-8585-4f0f-9dbd-7310ae09f8a2" testId="9efa43d3-54f9-76ee-d5f2-8b358fc0c400" testName="ALKAROS.Idempotency.Tests.IdempotencyKeyStoreTests.RegisterOrReplaySameKeySameHashReturnsReplayWithOriginalEnvelope" computerName="SEMIH" duration="00:00:00.0134532" startTime="2026-08-05T07:50:38.6210137+03:00" endTime="2026-08-05T07:50:38.6210157+03:00" testType="13cdc9d9-ddb5-4fa4-a97d-d965ccfc6d4b" outcome="Passed" testListId="8c84fa94-04c1-424b-9868-57a2d4851a1d" relativeResultsDirectory="812205af-8585-4f0f-9dbd-7310ae09f8a2" />
    <UnitTestResult executionId="a897b446-0473-4727-a3ca-3ea8a679179a" testId="a00d30ab-00d1-be81-cdfb-4f294c5edb38" testName="ALKAROS.Idempotency.Tests.EnvelopeValidationTests.OutboxEnvelopeInvalidEventTypeThrows(eventType: null)" computerName="SEMIH" duration="00:00:00.0065484" startTime="2026-08-05T07:50:37.9099055+03:00" endTime="2026-08-05T07:50:37.9099057+03:00" testType="13cdc9d9-ddb5-4fa4-a97d-d965ccfc6d4b" outcome="Passed" testListId="8c84fa94-04c1-424b-9868-57a2d4851a1d" relativeResultsDirectory="a897b446-0473-4727-a3ca-3ea8a679179a" />
    <UnitTestResult executionId="92489539-9fb9-4638-baa5-2ada7bf74025" testId="a78d4f55-2d85-80a7-d93f-71054687d40a" testName="ALKAROS.Idempotency.Tests.IdempotencyKeyStoreTests.RegisterOrReplayExpiredKeyDifferentHashRegistersNewOperation" computerName="SEMIH" duration="00:00:00.0175978" startTime="2026-08-05T07:50:38.5069554+03:00" endTime="2026-08-05T07:50:38.5069559+03:00" testType="13cdc9d9-ddb5-4fa4-a97d-d965ccfc6d4b" outcome="Passed" testListId="8c84fa94-04c1-424b-9868-57a2d4851a1d" relativeResultsDirectory="92489539-9fb9-4638-baa5-2ada7bf74025" />
    <UnitTestResult executionId="9abd6a2c-04d5-49de-a66b-7f30c470f10e" testId="7d9c8010-92d4-5fef-3343-366f5059a0ae" testName="ALKAROS.Idempotency.Tests.OutboxStoreTests.DispatchConcurrentDispatchersDeliverEachMessageOnce" computerName="SEMIH" duration="00:00:00.1818938" startTime="2026-08-05T07:50:38.5909195+03:00" endTime="2026-08-05T07:50:38.5909197+03:00" testType="13cdc9d9-ddb5-4fa4-a97d-d965ccfc6d4b" outcome="Passed" testListId="8c84fa94-04c1-424b-9868-57a2d4851a1d" relativeResultsDirectory="9abd6a2c-04d5-49de-a66b-7f30c470f10e" />
    <UnitTestResult executionId="747bf2ce-511d-4858-b1d4-c6cde7e2b9b2" testId="1de7c2b5-5482-da52-df3e-568df067a44e" testName="ALKAROS.Idempotency.Tests.EnvelopeValidationTests.OutboxEnvelopeValidValuesAreStored" computerName="SEMIH" duration="00:00:00.0121366" startTime="2026-08-05T07:50:37.9460614+03:00" endTime="2026-08-05T07:50:37.9460614+03:00" testType="13cdc9d9-ddb5-4fa4-a97d-d965ccfc6d4b" outcome="Passed" testListId="8c84fa94-04c1-424b-9868-57a2d4851a1d" relativeResultsDirectory="747bf2ce-511d-4858-b1d4-c6cde7e2b9b2" />
    <UnitTestResult executionId="160eded7-e12a-4085-998a-8210bac7fafd" testId="afab77c3-edc1-8bed-4f16-cda5513eaa48" testName="ALKAROS.Idempotency.Tests.IdempotencyKeyTests.ConstructorWhitespaceClientIdThrows(clientId: null)" computerName="SEMIH" duration="00:00:00.0000421" startTime="2026-08-05T07:50:37.9432535+03:00" endTime="2026-08-05T07:50:37.9432536+03:00" testType="13cdc9d9-ddb5-4fa4-a97d-d965ccfc6d4b" outcome="Passed" testListId="8c84fa94-04c1-424b-9868-57a2d4851a1d" relativeResultsDirectory="160eded7-e12a-4085-998a-8210bac7fafd" />
    <UnitTestResult executionId="71d9f8ef-0068-46ac-87ce-b06e1204301c" testId="685c6083-ff75-7bd5-4ca5-cb663323dcd9" testName="ALKAROS.Idempotency.Tests.EnvelopeValidationTests.InboxEnvelopeNullPayloadThrows" computerName="SEMIH" duration="00:00:00.0002021" startTime="2026-08-05T07:50:37.9466184+03:00" endTime="2026-08-05T07:50:37.9466184+03:00" testType="13cdc9d9-ddb5-4fa4-a97d-d965ccfc6d4b" outcome="Passed" testListId="8c84fa94-04c1-424b-9868-57a2d4851a1d" relativeResultsDirectory="71d9f8ef-0068-46ac-87ce-b06e1204301c" />
    <UnitTestResult executionId="c2c9ea17-dedc-48c6-80f1-6008d2053f7d" testId="3c566600-8a21-0527-8a6c-45108d68b034" testName="ALKAROS.Idempotency.Tests.RetryPolicyTests.NextRetryDelayNonPositiveBaseDelayThrows" computerName="SEMIH" duration="00:00:00.0002014" startTime="2026-08-05T07:50:37.9460341+03:00" endTime="2026-08-05T07:50:37.9460341+03:00" testType="13cdc9d9-ddb5-4fa4-a97d-d965ccfc6d4b" outcome="Passed" testListId="8c84fa94-04c1-424b-9868-57a2d4851a1d" relativeResultsDirectory="c2c9ea17-dedc-48c6-80f1-6008d2053f7d" />
    <UnitTestResult executionId="98859738-cc5f-4f0a-8eb8-e24627540323" testId="8004444f-a9ee-8157-b00b-63fa9bff8399" testName="ALKAROS.Idempotency.Tests.InboxStoreTests.ProcessHandlerRunsOutsideTheClaimTransaction" computerName="SEMIH" duration="00:00:00.0233512" startTime="2026-08-05T07:50:39.3646472+03:00" endTime="2026-08-05T07:50:39.3646475+03:00" testType="13cdc9d9-ddb5-4fa4-a97d-d965ccfc6d4b" outcome="Passed" testListId="8c84fa94-04c1-424b-9868-57a2d4851a1d" relativeResultsDirectory="98859738-cc5f-4f0a-8eb8-e24627540323" />
    <UnitTestResult executionId="56d156e0-fe6f-437e-9ee9-f040c17a7700" testId="74caced9-c829-9c03-947d-dbaa7887e631" testName="ALKAROS.Idempotency.Tests.InboxRedeliveryContractTests.ExpiredLeaseRedeliveryIsIdempotentForTheHandler" computerName="SEMIH" duration="00:00:00.0432484" startTime="2026-08-05T07:50:38.6224684+03:00" endTime="2026-08-05T07:50:38.6224687+03:00" testType="13cdc9d9-ddb5-4fa4-a97d-d965ccfc6d4b" outcome="Passed" testListId="8c84fa94-04c1-424b-9868-57a2d4851a1d" relativeResultsDirectory="56d156e0-fe6f-437e-9ee9-f040c17a7700" />
    <UnitTestResult executionId="6dd031e4-6938-4545-8b59-ebca7eb7f0aa" testId="96c29b2f-edc4-b63d-b1d1-ce6f825c7528" testName="ALKAROS.Idempotency.Tests.InboxStoreTests.ProcessPendingHandlerReturnsFalseSchedulesRetry" computerName="SEMIH" duration="00:00:00.0958396" startTime="2026-08-05T07:50:39.2889372+03:00" endTime="2026-08-05T07:50:39.2889374+03:00" testType="13cdc9d9-ddb5-4fa4-a97d-d965ccfc6d4b" outcome="Passed" testListId="8c84fa94-04c1-424b-9868-57a2d4851a1d" relativeResultsDirectory="6dd031e4-6938-4545-8b59-ebca7eb7f0aa" />
    <UnitTestResult executionId="a2e4c74e-ad1c-421e-b91f-9defdfc1de6d" testId="e275afb9-3323-799b-ee1d-1fe9241ae176" testName="ALKAROS.Idempotency.Tests.RequestHashTests.ComputeSameBodyIsDeterministic" computerName="SEMIH" duration="00:00:00.0001541" startTime="2026-08-05T07:50:37.9453538+03:00" endTime="2026-08-05T07:50:37.9453539+03:00" testType="13cdc9d9-ddb5-4fa4-a97d-d965ccfc6d4b" outcome="Passed" testListId="8c84fa94-04c1-424b-9868-57a2d4851a1d" relativeResultsDirectory="a2e4c74e-ad1c-421e-b91f-9defdfc1de6d" />
    <UnitTestResult executionId="8a17811e-7940-4184-924b-60ac5c685a09" testId="e88b28b6-5a03-6f00-eea9-a857120dd512" testName="ALKAROS.Idempotency.Tests.IdempotencyKeyTests.ConstructorEmptyOperationIdThrows" computerName="SEMIH" duration="00:00:00.0065414" startTime="2026-08-05T07:50:37.9071464+03:00" endTime="2026-08-05T07:50:37.9071808+03:00" testType="13cdc9d9-ddb5-4fa4-a97d-d965ccfc6d4b" outcome="Passed" testListId="8c84fa94-04c1-424b-9868-57a2d4851a1d" relativeResultsDirectory="8a17811e-7940-4184-924b-60ac5c685a09" />
    <UnitTestResult executionId="90a5ec15-e7cb-4343-a844-36fe890f965e" testId="c2cab594-8bc8-0f10-d650-fe2b64aaf961" testName="ALKAROS.Idempotency.Tests.RetrySqlIdentifierTests.RegisteredIdentifiersPassTheGuardAndReachCommandExecution(tableName: &quot;inbox_messages&quot;)" computerName="SEMIH" duration="00:00:00.0341556" startTime="2026-08-05T07:50:37.9468781+03:00" endTime="2026-08-05T07:50:37.9468782+03:00" testType="13cdc9d9-ddb5-4fa4-a97d-d965ccfc6d4b" outcome="Passed" testListId="8c84fa94-04c1-424b-9868-57a2d4851a1d" relativeResultsDirectory="90a5ec15-e7cb-4343-a844-36fe890f965e" />
    <UnitTestResult executionId="0f1a8bc4-4aa7-4232-abec-21564361f523" testId="d490b17b-e1e2-1f3e-9d56-928692609344" testName="ALKAROS.Idempotency.Tests.EnvelopeValidationTests.OutboxEnvelopeInvalidEventTypeThrows(eventType: &quot; &quot;)" computerName="SEMIH" duration="00:00:00.0002853" startTime="2026-08-05T07:50:37.9114969+03:00" endTime="2026-08-05T07:50:37.9114970+03:00" testType="13cdc9d9-ddb5-4fa4-a97d-d965ccfc6d4b" outcome="Passed" testListId="8c84fa94-04c1-424b-9868-57a2d4851a1d" relativeResultsDirectory="0f1a8bc4-4aa7-4232-abec-21564361f523" />
    <UnitTestResult executionId="d47fdbf7-4dff-45bc-8860-458fc08fd2f9" testId="07c0d3bb-883a-6b7e-bf25-55a5c9b6b9e3" testName="ALKAROS.Idempotency.Tests.RequestHashTests.ComputeDifferentBodiesProduceDifferentHashes" computerName="SEMIH" duration="00:00:00.0092938" startTime="2026-08-05T07:50:37.9102582+03:00" endTime="2026-08-05T07:50:37.9102582+03:00" testType="13cdc9d9-ddb5-4fa4-a97d-d965ccfc6d4b" outcome="Passed" testListId="8c84fa94-04c1-424b-9868-57a2d4851a1d" relativeResultsDirectory="d47fdbf7-4dff-45bc-8860-458fc08fd2f9" />
    <UnitTestResult executionId="c392a040-1519-4be4-811d-b5a4e9da5f47" testId="ab84022b-44dd-00ff-72af-a6e53bf7ff86" testName="ALKAROS.Idempotency.Tests.InboxStoreTests.ProcessPendingThreeFailuresMovesToDeadLetter" computerName="SEMIH" duration="00:00:00.2013848" startTime="2026-08-05T07:50:39.0511112+03:00" endTime="2026-08-05T07:50:39.0511115+03:00" testType="13cdc9d9-ddb5-4fa4-a97d-d965ccfc6d4b" outcome="Passed" testListId="8c84fa94-04c1-424b-9868-57a2d4851a1d" relativeResultsDirectory="c392a040-1519-4be4-811d-b5a4e9da5f47" />
    <UnitTestResult executionId="19e99c76-e44d-44f8-b129-1c158c800554" testId="a75a3b83-3feb-0b0b-6b3c-2d16455c61d1" testName="ALKAROS.Idempotency.Tests.IdempotencyKeyStoreTests.RegisterOrReplaySameKeyDifferentHashThrowsConflict" computerName="SEMIH" duration="00:00:00.0125854" startTime="2026-08-05T07:50:38.5966190+03:00" endTime="2026-08-05T07:50:38.5966192+03:00" testType="13cdc9d9-ddb5-4fa4-a97d-d965ccfc6d4b" outcome="Passed" testListId="8c84fa94-04c1-424b-9868-57a2d4851a1d" relativeResultsDirectory="19e99c76-e44d-44f8-b129-1c158c800554" />
    <UnitTestResult executionId="bfecd2cf-6788-475f-a24c-5c782b60ba7e" testId="10c15574-ec61-d948-4647-0292ab24b241" testName="ALKAROS.Idempotency.Tests.IdempotencyKeyStoreTests.SweepExpiredAsyncWithNoExpiredRecordsDeletesNothing" computerName="SEMIH" duration="00:00:00.0198413" startTime="2026-08-05T07:50:38.5834311+03:00" endTime="2026-08-05T07:50:38.5834312+03:00" testType="13cdc9d9-ddb5-4fa4-a97d-d965ccfc6d4b" outcome="Passed" testListId="8c84fa94-04c1-424b-9868-57a2d4851a1d" relativeResultsDirectory="bfecd2cf-6788-475f-a24c-5c782b60ba7e" />
    <UnitTestResult executionId="e2b2a46c-5450-4049-bf6c-0b65c271c3fd" testId="e20880a7-4309-3ee9-a98b-7b7b4be96b47" testName="ALKAROS.Idempotency.Tests.RetrySqlIdentifierTests.UnregisteredIdentifiersFailClosedBeforeAnyCommand(tableName: &quot;user_payload&quot;)" computerName="SEMIH" duration="00:00:00.0008838" startTime="2026-08-05T07:50:37.9470067+03:00" endTime="2026-08-05T07:50:37.9470069+03:00" testType="13cdc9d9-ddb5-4fa4-a97d-d965ccfc6d4b" outcome="Passed" testListId="8c84fa94-04c1-424b-9868-57a2d4851a1d" relativeResultsDirectory="e2b2a46c-5450-4049-bf6c-0b65c271c3fd" />
    <UnitTestResult executionId="053829ca-6f2d-4ede-a0d0-183f6d02f7aa" testId="a2920640-dbaa-20ea-a720-557bf5430481" testName="ALKAROS.Idempotency.Tests.RetrySqlIdentifierTests.AllowedTableNamesContainExactlyTheRegisteredIdentifiers" computerName="SEMIH" duration="00:00:00.0033110" startTime="2026-08-05T07:50:37.9478272+03:00" endTime="2026-08-05T07:50:37.9478272+03:00" testType="13cdc9d9-ddb5-4fa4-a97d-d965ccfc6d4b" outcome="Passed" testListId="8c84fa94-04c1-424b-9868-57a2d4851a1d" relativeResultsDirectory="053829ca-6f2d-4ede-a0d0-183f6d02f7aa" />
    <UnitTestResult executionId="54d4dd3d-2a3f-48d2-94f5-e30d30d4be22" testId="1908897c-d988-8627-3296-519a49e396cc" testName="ALKAROS.Idempotency.Tests.InboxStoreTests.ProcessExpiredLeaseIsReclaimedAndProcessed" computerName="SEMIH" duration="00:00:00.0325312" startTime="2026-08-05T07:50:39.1924110+03:00" endTime="2026-08-05T07:50:39.1924114+03:00" testType="13cdc9d9-ddb5-4fa4-a97d-d965ccfc6d4b" outcome="Passed" testListId="8c84fa94-04c1-424b-9868-57a2d4851a1d" relativeResultsDirectory="54d4dd3d-2a3f-48d2-94f5-e30d30d4be22" />
    <UnitTestResult executionId="1cb4a842-ac3e-4af4-aebd-ac9904635a1b" testId="14b9ed1a-7038-23bc-8e69-dfc254e789fd" testName="ALKAROS.Idempotency.Tests.OutboxStoreTests.DispatchLeaseLostBeforeMarkThrowsInsteadOfSkippingSilently" computerName="SEMIH" duration="00:00:00.0244474" startTime="2026-08-05T07:50:39.1314872+03:00" endTime="2026-08-05T07:50:39.1314880+03:00" testType="13cdc9d9-ddb5-4fa4-a97d-d965ccfc6d4b" outcome="Passed" testListId="8c84fa94-04c1-424b-9868-57a2d4851a1d" relativeResultsDirectory="1cb4a842-ac3e-4af4-aebd-ac9904635a1b" />
    <UnitTestResult executionId="1ce61d0d-c3ac-4069-9562-0ce578e9ef01" testId="55acc19b-2894-ece3-2e3c-2c78fea8a493" testName="ALKAROS.Idempotency.Tests.EnvelopeValidationTests.OutboxEnvelopeOverMaxTypeLengthThrows" computerName="SEMIH" duration="00:00:00.0002253" startTime="2026-08-05T07:50:37.9466567+03:00" endTime="2026-08-05T07:50:37.9466567+03:00" testType="13cdc9d9-ddb5-4fa4-a97d-d965ccfc6d4b" outcome="Passed" testListId="8c84fa94-04c1-424b-9868-57a2d4851a1d" relativeResultsDirectory="1ce61d0d-c3ac-4069-9562-0ce578e9ef01" />
    <UnitTestResult executionId="c9d24857-bacf-476d-a64e-155cca1d310e" testId="d71e79d9-90be-ce0e-4207-1c4d4c157491" testName="ALKAROS.Idempotency.Tests.RetryPolicyTests.NextRetryDelayAppliesExponentialBackoff(completedAttempts: 2, expectedSeconds: 2)" computerName="SEMIH" duration="00:00:00.0024713" startTime="2026-08-05T07:50:37.9459208+03:00" endTime="2026-08-05T07:50:37.9459209+03:00" testType="13cdc9d9-ddb5-4fa4-a97d-d965ccfc6d4b" outcome="Passed" testListId="8c84fa94-04c1-424b-9868-57a2d4851a1d" relativeResultsDirectory="c9d24857-bacf-476d-a64e-155cca1d310e" />
    <UnitTestResult executionId="2d45a18c-5aea-4aa8-ac96-5cd0f05eb3be" testId="2a0ac941-6ae7-f33b-f6d0-b298547e0908" testName="ALKAROS.Idempotency.Tests.EnvelopeValidationTests.InboxEnvelopeOverMaxExternalEventIdLengthThrows" computerName="SEMIH" duration="00:00:00.0001896" startTime="2026-08-05T07:50:37.9468145+03:00" endTime="2026-08-05T07:50:37.9468147+03:00" testType="13cdc9d9-ddb5-4fa4-a97d-d965ccfc6d4b" outcome="Passed" testListId="8c84fa94-04c1-424b-9868-57a2d4851a1d" relativeResultsDirectory="2d45a18c-5aea-4aa8-ac96-5cd0f05eb3be" />
    <UnitTestResult executionId="481f690e-ecbd-424f-b469-e0ca53668a19" testId="ca8d5ca7-64b1-6f69-fb8e-658cb5c534ce" testName="ALKAROS.Idempotency.Tests.InboxStoreTests.ProcessLeaseLostBeforeMarkThrowsInsteadOfSkippingSilently" computerName="SEMIH" duration="00:00:00.0269211" startTime="2026-08-05T07:50:39.0786211+03:00" endTime="2026-08-05T07:50:39.0786218+03:00" testType="13cdc9d9-ddb5-4fa4-a97d-d965ccfc6d4b" outcome="Passed" testListId="8c84fa94-04c1-424b-9868-57a2d4851a1d" relativeResultsDirectory="481f690e-ecbd-424f-b469-e0ca53668a19" />
    <UnitTestResult executionId="37bf11f2-385f-4d9f-8fd7-3cd7f1b580aa" testId="637db4c1-14a2-6197-8df2-d4c8b2e909a0" testName="ALKAROS.Idempotency.Tests.OutboxStoreTests.DispatchThreeFailuresMovesToDeadLetter" computerName="SEMIH" duration="00:00:00.1290945" startTime="2026-08-05T07:50:39.3287741+03:00" endTime="2026-08-05T07:50:39.3287744+03:00" testType="13cdc9d9-ddb5-4fa4-a97d-d965ccfc6d4b" outcome="Passed" testListId="8c84fa94-04c1-424b-9868-57a2d4851a1d" relativeResultsDirectory="37bf11f2-385f-4d9f-8fd7-3cd7f1b580aa" />
    <UnitTestResult executionId="6aa1366c-ca80-4663-93cd-13cd815a0a2d" testId="f7ab76a3-369c-f2e7-5dfd-5a72c2c64eee" testName="ALKAROS.Idempotency.Tests.RetrySqlIdentifierTests.UnregisteredIdentifiersFailClosedBeforeAnyCommand(tableName: &quot;inbox_messages; DROP TABLE inbox_messages;--&quot;)" computerName="SEMIH" duration="00:00:00.0003518" startTime="2026-08-05T07:50:37.9477148+03:00" endTime="2026-08-05T07:50:37.9477149+03:00" testType="13cdc9d9-ddb5-4fa4-a97d-d965ccfc6d4b" outcome="Passed" testListId="8c84fa94-04c1-424b-9868-57a2d4851a1d" relativeResultsDirectory="6aa1366c-ca80-4663-93cd-13cd815a0a2d" />
    <UnitTestResult executionId="dccbc0f9-fe7f-4d2d-80f5-b30ab9c5dcb1" testId="274186cd-c2f9-5350-d55f-f3ab0b781898" testName="ALKAROS.Idempotency.Tests.OutboxStoreTests.DispatchRespectsBatchSize" computerName="SEMIH" duration="00:00:00.0670057" startTime="2026-08-05T07:50:39.1991189+03:00" endTime="2026-08-05T07:50:39.1991192+03:00" testType="13cdc9d9-ddb5-4fa4-a97d-d965ccfc6d4b" outcome="Passed" testListId="8c84fa94-04c1-424b-9868-57a2d4851a1d" relativeResultsDirectory="dccbc0f9-fe7f-4d2d-80f5-b30ab9c5dcb1" />
    <UnitTestResult executionId="d94c5c08-262f-4b43-97d1-7260e5d80318" testId="a6915049-7159-2512-0b45-0629d3c7bd9a" testName="ALKAROS.Idempotency.Tests.RetryPolicyTests.NextRetryDelayZeroCompletedAttemptsThrows" computerName="SEMIH" duration="00:00:00.0003878" startTime="2026-08-05T07:50:37.9459942+03:00" endTime="2026-08-05T07:50:37.9459942+03:00" testType="13cdc9d9-ddb5-4fa4-a97d-d965ccfc6d4b" outcome="Passed" testListId="8c84fa94-04c1-424b-9868-57a2d4851a1d" relativeResultsDirectory="d94c5c08-262f-4b43-97d1-7260e5d80318" />
    <UnitTestResult executionId="6e5b137d-50db-49a6-9de8-8f493a417a82" testId="cc47c48c-034d-7cef-6cdb-bb809020da61" testName="ALKAROS.Idempotency.Tests.IdempotencyKeyTests.ConstructorWhitespaceClientIdThrows(clientId: &quot;\t&quot;)" computerName="SEMIH" duration="00:00:00.0001537" startTime="2026-08-05T07:50:37.9432213+03:00" endTime="2026-08-05T07:50:37.9432213+03:00" testType="13cdc9d9-ddb5-4fa4-a97d-d965ccfc6d4b" outcome="Passed" testListId="8c84fa94-04c1-424b-9868-57a2d4851a1d" relativeResultsDirectory="6e5b137d-50db-49a6-9de8-8f493a417a82" />
    <UnitTestResult executionId="6d9183ad-b3cc-4b09-9bf0-4152c6b9e8ff" testId="e64cfde8-6946-a538-66f8-3aba83d3a931" testName="ALKAROS.Idempotency.Tests.OutboxStoreTests.DispatchDeadLetterMessageIsNotClaimedAgain" computerName="SEMIH" duration="00:00:00.0590568" startTime="2026-08-05T07:50:39.1064142+03:00" endTime="2026-08-05T07:50:39.1064144+03:00" testType="13cdc9d9-ddb5-4fa4-a97d-d965ccfc6d4b" outcome="Passed" testListId="8c84fa94-04c1-424b-9868-57a2d4851a1d" relativeResultsDirectory="6d9183ad-b3cc-4b09-9bf0-4152c6b9e8ff" />
    <UnitTestResult executionId="8cfcfc4a-90ee-45c0-8e04-3966c043aaa7" testId="5546954c-022f-0d02-3208-e2b340af3a1f" testName="ALKAROS.Idempotency.Tests.IdempotencyKeyStoreTests.SweepExpiredAsyncRemovesOnlyExpiredRecords" computerName="SEMIH" duration="00:00:00.0282344" startTime="2026-08-05T07:50:38.5498110+03:00" endTime="2026-08-05T07:50:38.5498112+03:00" testType="13cdc9d9-ddb5-4fa4-a97d-d965ccfc6d4b" outcome="Passed" testListId="8c84fa94-04c1-424b-9868-57a2d4851a1d" relativeResultsDirectory="8cfcfc4a-90ee-45c0-8e04-3966c043aaa7" />
    <UnitTestResult executionId="f9b80e1a-e2e3-4365-af79-fada4703d575" testId="0a00a5f5-3387-97a2-1af6-365fe16e31dd" testName="ALKAROS.Idempotency.Tests.IdempotencyKeyStoreTests.RegisterOrReplayExpiredKeySameHashRegistersNewOperation" computerName="SEMIH" duration="00:00:00.0132479" startTime="2026-08-05T07:50:38.5209570+03:00" endTime="2026-08-05T07:50:38.5209577+03:00" testType="13cdc9d9-ddb5-4fa4-a97d-d965ccfc6d4b" outcome="Passed" testListId="8c84fa94-04c1-424b-9868-57a2d4851a1d" relativeResultsDirectory="f9b80e1a-e2e3-4365-af79-fada4703d575" />
    <UnitTestResult executionId="cb1961e6-e596-417a-b1ca-36ea4f227a8a" testId="6dcd83d0-ba64-764a-7fe4-dd517de38416" testName="ALKAROS.Idempotency.Tests.OutboxStoreTests.EnqueuePersistsPendingMessage" computerName="SEMIH" duration="00:00:00.0097706" startTime="2026-08-05T07:50:39.0466971+03:00" endTime="2026-08-05T07:50:39.0466974+03:00" testType="13cdc9d9-ddb5-4fa4-a97d-d965ccfc6d4b" outcome="Passed" testListId="8c84fa94-04c1-424b-9868-57a2d4851a1d" relativeResultsDirectory="cb1961e6-e596-417a-b1ca-36ea4f227a8a" />
    <UnitTestResult executionId="7a4ee595-ac2b-4176-900a-f82c51b510cb" testId="ef277b59-d7c5-5049-890f-27c01e10d814" testName="ALKAROS.Idempotency.Tests.InboxStoreTests.ProcessPendingRespectsBatchSize" computerName="SEMIH" duration="00:00:00.0534967" startTime="2026-08-05T07:50:39.1326976+03:00" endTime="2026-08-05T07:50:39.1326986+03:00" testType="13cdc9d9-ddb5-4fa4-a97d-d965ccfc6d4b" outcome="Passed" testListId="8c84fa94-04c1-424b-9868-57a2d4851a1d" relativeResultsDirectory="7a4ee595-ac2b-4176-900a-f82c51b510cb" />
    <UnitTestResult executionId="877aa462-66cc-45c4-b992-97c96ae81f2f" testId="0eb49845-4500-3410-315d-36a3bfa6eda0" testName="ALKAROS.Idempotency.Tests.EnvelopeValidationTests.InboxEnvelopeInvalidSourceThrows(source: &quot; &quot;)" computerName="SEMIH" duration="00:00:00.0000324" startTime="2026-08-05T07:50:37.9433687+03:00" endTime="2026-08-05T07:50:37.9433688+03:00" testType="13cdc9d9-ddb5-4fa4-a97d-d965ccfc6d4b" outcome="Passed" testListId="8c84fa94-04c1-424b-9868-57a2d4851a1d" relativeResultsDirectory="877aa462-66cc-45c4-b992-97c96ae81f2f" />
    <UnitTestResult executionId="49a3efeb-0f7d-4867-83c2-5ebe202af0e6" testId="3a9ffdef-db86-e4e9-b24d-584dc6676b98" testName="ALKAROS.Idempotency.Tests.OutboxStoreTests.DispatchHandlerReturnsFalseSchedulesRetry" computerName="SEMIH" duration="00:00:00.1674789" startTime="2026-08-05T07:50:39.0362270+03:00" endTime="2026-08-05T07:50:39.0362273+03:00" testType="13cdc9d9-ddb5-4fa4-a97d-d965ccfc6d4b" outcome="Passed" testListId="8c84fa94-04c1-424b-9868-57a2d4851a1d" relativeResultsDirectory="49a3efeb-0f7d-4867-83c2-5ebe202af0e6" />
    <UnitTestResult executionId="85675087-7192-444b-bb54-db7c90a39fe6" testId="5610ae1b-c9c9-04c8-8de7-f933a20e044f" testName="ALKAROS.Idempotency.Tests.OutboxStoreTests.DispatchHandlerSucceedsMarksDispatched" computerName="SEMIH" duration="00:00:00.0479185" startTime="2026-08-05T07:50:38.6818480+03:00" endTime="2026-08-05T07:50:38.6818487+03:00" testType="13cdc9d9-ddb5-4fa4-a97d-d965ccfc6d4b" outcome="Passed" testListId="8c84fa94-04c1-424b-9868-57a2d4851a1d" relativeResultsDirectory="85675087-7192-444b-bb54-db7c90a39fe6" />
    <UnitTestResult executionId="b8d971a8-fef5-4535-987d-944266b541bb" testId="584914d5-9645-8d2b-2130-c9ae55fadada" testName="ALKAROS.Idempotency.Tests.RetryScheduleIntegrationTests.InboxSecondFailureUsesTwiceTheBaseDelay" computerName="SEMIH" duration="00:00:00.0698949" startTime="2026-08-05T07:50:38.6663286+03:00" endTime="2026-08-05T07:50:38.6663289+03:00" testType="13cdc9d9-ddb5-4fa4-a97d-d965ccfc6d4b" outcome="Passed" testListId="8c84fa94-04c1-424b-9868-57a2d4851a1d" relativeResultsDirectory="b8d971a8-fef5-4535-987d-944266b541bb" />
    <UnitTestResult executionId="6ea1bd45-64a9-4314-8e13-f766eeea9ed7" testId="5a0f2478-845b-e106-2eae-3f0c8e472ac1" testName="ALKAROS.Idempotency.Tests.RequestHashTests.ComputeEmptyBodyMatchesKnownSha256Vector" computerName="SEMIH" duration="00:00:00.0000968" startTime="2026-08-05T07:50:37.9458416+03:00" endTime="2026-08-05T07:50:37.9458417+03:00" testType="13cdc9d9-ddb5-4fa4-a97d-d965ccfc6d4b" outcome="Passed" testListId="8c84fa94-04c1-424b-9868-57a2d4851a1d" relativeResultsDirectory="6ea1bd45-64a9-4314-8e13-f766eeea9ed7" />
    <UnitTestResult executionId="53bff2dc-f7f7-4ea3-9049-6022848ff986" testId="a06153ff-6e09-67ae-fa89-a74989e9343a" testName="ALKAROS.Idempotency.Tests.RetrySqlIdentifierTests.UnregisteredIdentifiersFailClosedBeforeAnyCommand(tableName: &quot;OUTBOX_MESSAGES&quot;)" computerName="SEMIH" duration="00:00:00.0000740" startTime="2026-08-05T07:50:37.9477555+03:00" endTime="2026-08-05T07:50:37.9477555+03:00" testType="13cdc9d9-ddb5-4fa4-a97d-d965ccfc6d4b" outcome="Passed" testListId="8c84fa94-04c1-424b-9868-57a2d4851a1d" relativeResultsDirectory="53bff2dc-f7f7-4ea3-9049-6022848ff986" />
    <UnitTestResult executionId="2e3b5082-448f-4929-b873-5ebdc413deba" testId="1f518b4f-bca8-f201-ab24-bc63fb29e0f4" testName="ALKAROS.Idempotency.Tests.EnvelopeValidationTests.OutboxEnvelopeInvalidEventTypeThrows(eventType: &quot;&quot;)" computerName="SEMIH" duration="00:00:00.0000363" startTime="2026-08-05T07:50:37.9429874+03:00" endTime="2026-08-05T07:50:37.9429875+03:00" testType="13cdc9d9-ddb5-4fa4-a97d-d965ccfc6d4b" outcome="Passed" testListId="8c84fa94-04c1-424b-9868-57a2d4851a1d" relativeResultsDirectory="2e3b5082-448f-4929-b873-5ebdc413deba" />
    <UnitTestResult executionId="d249bfcf-8a54-43ab-9fd9-0561f4e0457c" testId="cf8dd8ba-4791-0b51-3e52-d10ed6ce0f6c" testName="ALKAROS.Idempotency.Tests.InboxStoreTests.ProcessPendingHandlerThrowsCountsAsFailure" computerName="SEMIH" duration="00:00:00.0283425" startTime="2026-08-05T07:50:39.3407707+03:00" endTime="2026-08-05T07:50:39.3407712+03:00" testType="13cdc9d9-ddb5-4fa4-a97d-d965ccfc6d4b" outcome="Passed" testListId="8c84fa94-04c1-424b-9868-57a2d4851a1d" relativeResultsDirectory="d249bfcf-8a54-43ab-9fd9-0561f4e0457c" />
    <UnitTestResult executionId="e28e6657-e3b4-42fe-a927-36bf9c254d6e" testId="aaefda08-920b-39f5-d6a8-e23369cdb467" testName="ALKAROS.Idempotency.Tests.RetryScheduleIntegrationTests.OutboxSecondFailureUsesTwiceTheBaseDelay" computerName="SEMIH" duration="00:00:00.1892735" startTime="2026-08-05T07:50:38.5958310+03:00" endTime="2026-08-05T07:50:38.5958314+03:00" testType="13cdc9d9-ddb5-4fa4-a97d-d965ccfc6d4b" outcome="Passed" testListId="8c84fa94-04c1-424b-9868-57a2d4851a1d" relativeResultsDirectory="e28e6657-e3b4-42fe-a927-36bf9c254d6e" />
    <UnitTestResult executionId="60ed3d9a-3f20-4dad-9d42-5a574a7297e6" testId="0e13e160-ed7b-baf0-07fb-53eb92f43f7a" testName="ALKAROS.Idempotency.Tests.EnvelopeValidationTests.InboxEnvelopeValidValuesAreStored" computerName="SEMIH" duration="00:00:00.0003140" startTime="2026-08-05T07:50:37.9465789+03:00" endTime="2026-08-05T07:50:37.9465789+03:00" testType="13cdc9d9-ddb5-4fa4-a97d-d965ccfc6d4b" outcome="Passed" testListId="8c84fa94-04c1-424b-9868-57a2d4851a1d" relativeResultsDirectory="60ed3d9a-3f20-4dad-9d42-5a574a7297e6" />
    <UnitTestResult executionId="85334b6a-3eac-4fea-a2c8-3805573607a7" testId="0d1a361f-9dd4-4e69-12c5-42a9a674eda8" testName="ALKAROS.Idempotency.Tests.InboxStoreTests.ProcessPendingDeadLetterMessageIsNotClaimedAgain" computerName="SEMIH" duration="00:00:00.2216418" startTime="2026-08-05T07:50:38.5969227+03:00" endTime="2026-08-05T07:50:38.5969229+03:00" testType="13cdc9d9-ddb5-4fa4-a97d-d965ccfc6d4b" outcome="Passed" testListId="8c84fa94-04c1-424b-9868-57a2d4851a1d" relativeResultsDirectory="85334b6a-3eac-4fea-a2c8-3805573607a7" />
    <UnitTestResult executionId="6ef1096a-bdf7-4c4e-a89f-13013d904ef7" testId="80123698-32a9-f188-e682-ab5b17aa4b93" testName="ALKAROS.Idempotency.Tests.EnvelopeValidationTests.InboxEnvelopeOverMaxSourceLengthThrows" computerName="SEMIH" duration="00:00:00.0003341" startTime="2026-08-05T07:50:37.9450995+03:00" endTime="2026-08-05T07:50:37.9450995+03:00" testType="13cdc9d9-ddb5-4fa4-a97d-d965ccfc6d4b" outcome="Passed" testListId="8c84fa94-04c1-424b-9868-57a2d4851a1d" relativeResultsDirectory="6ef1096a-bdf7-4c4e-a89f-13013d904ef7" />
    <UnitTestResult executionId="ef0ac250-50e0-4694-9e9b-fb905689fc3c" testId="68e5f9aa-4482-6947-9101-9d03a3578673" testName="ALKAROS.Idempotency.Tests.IdempotencyKeyTests.ConstructorWhitespaceClientIdThrows(clientId: &quot; &quot;)" computerName="SEMIH" duration="00:00:00.0003566" startTime="2026-08-05T07:50:37.9431777+03:00" endTime="2026-08-05T07:50:37.9431778+03:00" testType="13cdc9d9-ddb5-4fa4-a97d-d965ccfc6d4b" outcome="Passed" testListId="8c84fa94-04c1-424b-9868-57a2d4851a1d" relativeResultsDirectory="ef0ac250-50e0-4694-9e9b-fb905689fc3c" />
    <UnitTestResult executionId="55739d23-ee19-45ad-98f6-0f73c758e6c3" testId="85ecc1b9-2e08-e669-eb97-f7447174d12f" testName="ALKAROS.Idempotency.Tests.RetrySqlIdentifierTests.UnregisteredIdentifiersFailClosedBeforeAnyCommand(tableName: &quot;inbox_messages &quot;)" computerName="SEMIH" duration="00:00:00.0000717" startTime="2026-08-05T07:50:37.9477874+03:00" endTime="2026-08-05T07:50:37.9477875+03:00" testType="13cdc9d9-ddb5-4fa4-a97d-d965ccfc6d4b" outcome="Passed" testListId="8c84fa94-04c1-424b-9868-57a2d4851a1d" relativeResultsDirectory="55739d23-ee19-45ad-98f6-0f73c758e6c3" />
    <UnitTestResult executionId="ce4c6df0-220c-4ece-b74e-6bf1f7a89069" testId="b06c1aa2-9b0a-ac32-f1be-5a3f7db057f6" testName="ALKAROS.Idempotency.Tests.EnvelopeValidationTests.InboxEnvelopeInvalidSourceThrows(source: null)" computerName="SEMIH" duration="00:00:00.0001466" startTime="2026-08-05T07:50:37.9433338+03:00" endTime="2026-08-05T07:50:37.9433339+03:00" testType="13cdc9d9-ddb5-4fa4-a97d-d965ccfc6d4b" outcome="Passed" testListId="8c84fa94-04c1-424b-9868-57a2d4851a1d" relativeResultsDirectory="ce4c6df0-220c-4ece-b74e-6bf1f7a89069" />
    <UnitTestResult executionId="eecad33c-9982-47eb-b2d0-8632eef1e62e" testId="4f7b981c-2bd1-4b1a-b120-7cd63fed3818" testName="ALKAROS.Idempotency.Tests.IdempotencyKeyStoreTests.RegisterOrReplayReplayDoesNotExtendRetention" computerName="SEMIH" duration="00:00:00.0160486" startTime="2026-08-05T07:50:38.4887187+03:00" endTime="2026-08-05T07:50:38.4887191+03:00" testType="13cdc9d9-ddb5-4fa4-a97d-d965ccfc6d4b" outcome="Passed" testListId="8c84fa94-04c1-424b-9868-57a2d4851a1d" relativeResultsDirectory="eecad33c-9982-47eb-b2d0-8632eef1e62e" />
    <UnitTestResult executionId="2a6a2f5c-0d78-495b-b4cb-82cfe2bb75e2" testId="31b31fee-6e7e-7fce-36a2-e0b4a3fc3134" testName="ALKAROS.Idempotency.Tests.InboxStoreTests.ProcessPendingConcurrentDispatchersClaimEachMessageOnce" computerName="SEMIH" duration="00:00:00.2339034" startTime="2026-08-05T07:50:38.8435150+03:00" endTime="2026-08-05T07:50:38.8435154+03:00" testType="13cdc9d9-ddb5-4fa4-a97d-d965ccfc6d4b" outcome="Passed" testListId="8c84fa94-04c1-424b-9868-57a2d4851a1d" relativeResultsDirectory="2a6a2f5c-0d78-495b-b4cb-82cfe2bb75e2" />
    <UnitTestResult executionId="aab481b6-e3aa-4056-8ebc-61eda20de3a8" testId="f82df1aa-9303-7b9a-7241-d604b98a119e" testName="ALKAROS.Idempotency.Tests.RetryPolicyTests.MaxAttemptsIsThree" computerName="SEMIH" duration="00:00:00.0032579" startTime="2026-08-05T07:50:37.9452006+03:00" endTime="2026-08-05T07:50:37.9452007+03:00" testType="13cdc9d9-ddb5-4fa4-a97d-d965ccfc6d4b" outcome="Passed" testListId="8c84fa94-04c1-424b-9868-57a2d4851a1d" relativeResultsDirectory="aab481b6-e3aa-4056-8ebc-61eda20de3a8" />
    <UnitTestResult executionId="2aba52b1-60bd-4ff2-8cd2-3c1c97ff8dfa" testId="d752ae4a-ee43-c85e-505c-088298a512bc" testName="ALKAROS.Idempotency.Tests.IdempotencyKeyTests.RecordEqualityIsStructural" computerName="SEMIH" duration="00:00:00.0019348" startTime="2026-08-05T07:50:37.9451570+03:00" endTime="2026-08-05T07:50:37.9451570+03:00" testType="13cdc9d9-ddb5-4fa4-a97d-d965ccfc6d4b" outcome="Passed" testListId="8c84fa94-04c1-424b-9868-57a2d4851a1d" relativeResultsDirectory="2aba52b1-60bd-4ff2-8cd2-3c1c97ff8dfa" />
    <UnitTestResult executionId="1b5b3963-f3a2-44de-a618-8af98ba58e0e" testId="ca774864-dcef-5770-f519-d685a625e992" testName="ALKAROS.Idempotency.Tests.OutboxStoreTests.DispatchExpiredLeaseIsReclaimedAndDelivered" computerName="SEMIH" duration="00:00:00.0417775" startTime="2026-08-05T07:50:38.6333369+03:00" endTime="2026-08-05T07:50:38.6333372+03:00" testType="13cdc9d9-ddb5-4fa4-a97d-d965ccfc6d4b" outcome="Passed" testListId="8c84fa94-04c1-424b-9868-57a2d4851a1d" relativeResultsDirectory="1b5b3963-f3a2-44de-a618-8af98ba58e0e" />
    <UnitTestResult executionId="24a44642-1e0c-477b-b051-a63382df50f0" testId="78af2e37-22c2-9a22-9c17-b8ad3833c5f8" testName="ALKAROS.Idempotency.Tests.InboxStoreTests.TryEnqueueSameSourceDifferentEventIsAllowed" computerName="SEMIH" duration="00:00:00.0114147" startTime="2026-08-05T07:50:38.6089748+03:00" endTime="2026-08-05T07:50:38.6089751+03:00" testType="13cdc9d9-ddb5-4fa4-a97d-d965ccfc6d4b" outcome="Passed" testListId="8c84fa94-04c1-424b-9868-57a2d4851a1d" relativeResultsDirectory="24a44642-1e0c-477b-b051-a63382df50f0" />
    <UnitTestResult executionId="c8686b84-b443-4751-9cc6-f70fcd4fb35c" testId="7334e02c-e98f-5f7f-05ba-f34c00b23aea" testName="ALKAROS.Idempotency.Tests.RetrySqlIdentifierTests.RegisteredIdentifiersPassTheGuardAndReachCommandExecution(tableName: &quot;outbox_messages&quot;)" computerName="SEMIH" duration="00:00:00.0003020" startTime="2026-08-05T07:50:37.9469343+03:00" endTime="2026-08-05T07:50:37.9469344+03:00" testType="13cdc9d9-ddb5-4fa4-a97d-d965ccfc6d4b" outcome="Passed" testListId="8c84fa94-04c1-424b-9868-57a2d4851a1d" relativeResultsDirectory="c8686b84-b443-4751-9cc6-f70fcd4fb35c" />
    <UnitTestResult executionId="b1f97e13-c7f4-4a82-8a19-1a660d471d30" testId="a346fe94-fc53-f53c-c98b-745d31157b99" testName="ALKAROS.Idempotency.Tests.RetryPolicyTests.NextRetryDelayAtMaxAttemptsThrows" computerName="SEMIH" duration="00:00:00.0065262" startTime="2026-08-05T07:50:37.9102696+03:00" endTime="2026-08-05T07:50:37.9102697+03:00" testType="13cdc9d9-ddb5-4fa4-a97d-d965ccfc6d4b" outcome="Passed" testListId="8c84fa94-04c1-424b-9868-57a2d4851a1d" relativeResultsDirectory="b1f97e13-c7f4-4a82-8a19-1a660d471d30" />
    <UnitTestResult executionId="365ec079-292d-43e3-adc1-388a1df0bf49" testId="74048095-7e5f-8903-28cd-81bb408c447b" testName="ALKAROS.Idempotency.Tests.InboxStoreTests.TryEnqueueDuplicateSourceAndEventReturnsFalse" computerName="SEMIH" duration="00:00:00.0075465" startTime="2026-08-05T07:50:39.1410026+03:00" endTime="2026-08-05T07:50:39.1410030+03:00" testType="13cdc9d9-ddb5-4fa4-a97d-d965ccfc6d4b" outcome="Passed" testListId="8c84fa94-04c1-424b-9868-57a2d4851a1d" relativeResultsDirectory="365ec079-292d-43e3-adc1-388a1df0bf49" />
    <UnitTestResult executionId="df41a931-511c-4689-83df-c898b8fd640e" testId="baf4b933-078b-6419-67ba-a1c5ca60dedb" testName="ALKAROS.Idempotency.Tests.EnvelopeValidationTests.InboxEnvelopeInvalidExternalEventIdThrows(externalEventId: &quot;&quot;)" computerName="SEMIH" duration="00:00:00.0000392" startTime="2026-08-05T07:50:37.9465330+03:00" endTime="2026-08-05T07:50:37.9465331+03:00" testType="13cdc9d9-ddb5-4fa4-a97d-d965ccfc6d4b" outcome="Passed" testListId="8c84fa94-04c1-424b-9868-57a2d4851a1d" relativeResultsDirectory="df41a931-511c-4689-83df-c898b8fd640e" />
    <UnitTestResult executionId="2a4c3e49-3b0d-4b52-a996-b1cfb1dc93eb" testId="a503120e-eaa3-b02a-68d8-578b15ce19aa" testName="ALKAROS.Idempotency.Tests.IdempotencyKeyStoreTests.RegisterOrReplayConcurrentSameKeyDifferentHashYieldsSingleCreate" computerName="SEMIH" duration="00:00:00.0672992" startTime="2026-08-05T07:50:38.4701376+03:00" endTime="2026-08-05T07:50:38.4701380+03:00" testType="13cdc9d9-ddb5-4fa4-a97d-d965ccfc6d4b" outcome="Passed" testListId="8c84fa94-04c1-424b-9868-57a2d4851a1d" relativeResultsDirectory="2a4c3e49-3b0d-4b52-a996-b1cfb1dc93eb" />
    <UnitTestResult executionId="d1c81119-b795-4a34-a060-da7872eaf004" testId="4f74e1b0-43f3-c55c-df10-534e635189c2" testName="ALKAROS.Idempotency.Tests.RetryPolicyTests.NextRetryDelayAppliesExponentialBackoff(completedAttempts: 1, expectedSeconds: 1)" computerName="SEMIH" duration="00:00:00.0002760" startTime="2026-08-05T07:50:37.9459548+03:00" endTime="2026-08-05T07:50:37.9459548+03:00" testType="13cdc9d9-ddb5-4fa4-a97d-d965ccfc6d4b" outcome="Passed" testListId="8c84fa94-04c1-424b-9868-57a2d4851a1d" relativeResultsDirectory="d1c81119-b795-4a34-a060-da7872eaf004" />
    <UnitTestResult executionId="cf2cbef0-1d78-40a4-aa43-b3968735e206" testId="f12036c5-1df3-b9c3-9637-bd5b7338a767" testName="ALKAROS.Idempotency.Tests.IdempotencyKeyTests.ConstructorEmptyClientIdThrows" computerName="SEMIH" duration="00:00:00.0002909" startTime="2026-08-05T07:50:37.9452424+03:00" endTime="2026-08-05T07:50:37.9452424+03:00" testType="13cdc9d9-ddb5-4fa4-a97d-d965ccfc6d4b" outcome="Passed" testListId="8c84fa94-04c1-424b-9868-57a2d4851a1d" relativeResultsDirectory="cf2cbef0-1d78-40a4-aa43-b3968735e206" />
    <UnitTestResult executionId="cf556119-6f2d-47fc-a1c5-2af54510660a" testId="ffaee9bc-85fa-a200-ed49-f124957e8539" testName="ALKAROS.Idempotency.Tests.RequestHashTests.ComputeReturns64LowercaseHexCharacters" computerName="SEMIH" duration="00:00:00.0034381" startTime="2026-08-05T07:50:37.9452832+03:00" endTime="2026-08-05T07:50:37.9452832+03:00" testType="13cdc9d9-ddb5-4fa4-a97d-d965ccfc6d4b" outcome="Passed" testListId="8c84fa94-04c1-424b-9868-57a2d4851a1d" relativeResultsDirectory="cf556119-6f2d-47fc-a1c5-2af54510660a" />
    <UnitTestResult executionId="26165b21-1fd4-482b-b4c6-5d4e038725e9" testId="fbc94bc4-71b0-a899-c70a-4aaf3d715ce4" testName="ALKAROS.Idempotency.Tests.EnvelopeValidationTests.OutboxEnvelopeNullPayloadThrows" computerName="SEMIH" duration="00:00:00.0002000" startTime="2026-08-05T07:50:37.9466960+03:00" endTime="2026-08-05T07:50:37.9466960+03:00" testType="13cdc9d9-ddb5-4fa4-a97d-d965ccfc6d4b" outcome="Passed" testListId="8c84fa94-04c1-424b-9868-57a2d4851a1d" relativeResultsDirectory="26165b21-1fd4-482b-b4c6-5d4e038725e9" />
    <UnitTestResult executionId="879b66ad-5a61-4a5f-a15d-e0e1bd50aa86" testId="35badc59-3464-0703-6a2e-6f9b68ee47ae" testName="ALKAROS.Idempotency.Tests.InboxStoreTests.TryEnqueueDifferentSourceSameEventIsAllowed" computerName="SEMIH" duration="00:00:00.0102124" startTime="2026-08-05T07:50:39.1518026+03:00" endTime="2026-08-05T07:50:39.1518030+03:00" testType="13cdc9d9-ddb5-4fa4-a97d-d965ccfc6d4b" outcome="Passed" testListId="8c84fa94-04c1-424b-9868-57a2d4851a1d" relativeResultsDirectory="879b66ad-5a61-4a5f-a15d-e0e1bd50aa86" />
  </Results>
  <TestDefinitions>
    <UnitTest name="ALKAROS.Idempotency.Tests.InboxStoreTests.ProcessPendingDeadLetterMessageIsNotClaimedAgain" storage="d:\project\alkaros\tests\buildingblocks\idempotency\bin\debug\net8.0\alkaros.idempotency.tests.dll" id="0d1a361f-9dd4-4e69-12c5-42a9a674eda8">
      <Execution id="85334b6a-3eac-4fea-a2c8-3805573607a7" />
      <TestMethod codeBase="D:\PROJECT\ALKAROS\tests\BuildingBlocks\Idempotency\bin\Debug\net8.0\ALKAROS.Idempotency.Tests.dll" adapterTypeName="executor://xunit/VsTestRunner2/netcoreapp" className="ALKAROS.Idempotency.Tests.InboxStoreTests" name="ProcessPendingDeadLetterMessageIsNotClaimedAgain" />
    </UnitTest>
    <UnitTest name="ALKAROS.Idempotency.Tests.IdempotencyKeyStoreTests.SweepExpiredAsyncRemovesOnlyExpiredRecords" storage="d:\project\alkaros\tests\buildingblocks\idempotency\bin\debug\net8.0\alkaros.idempotency.tests.dll" id="5546954c-022f-0d02-3208-e2b340af3a1f">
      <Execution id="8cfcfc4a-90ee-45c0-8e04-3966c043aaa7" />
      <TestMethod codeBase="D:\PROJECT\ALKAROS\tests\BuildingBlocks\Idempotency\bin\Debug\net8.0\ALKAROS.Idempotency.Tests.dll" adapterTypeName="executor://xunit/VsTestRunner2/netcoreapp" className="ALKAROS.Idempotency.Tests.IdempotencyKeyStoreTests" name="SweepExpiredAsyncRemovesOnlyExpiredRecords" />
    </UnitTest>
    <UnitTest name="ALKAROS.Idempotency.Tests.IdempotencyKeyStoreTests.RegisterOrReplayConcurrentSameKeyDifferentHashYieldsSingleCreate" storage="d:\project\alkaros\tests\buildingblocks\idempotency\bin\debug\net8.0\alkaros.idempotency.tests.dll" id="a503120e-eaa3-b02a-68d8-578b15ce19aa">
      <Execution id="2a4c3e49-3b0d-4b52-a996-b1cfb1dc93eb" />
      <TestMethod codeBase="D:\PROJECT\ALKAROS\tests\BuildingBlocks\Idempotency\bin\Debug\net8.0\ALKAROS.Idempotency.Tests.dll" adapterTypeName="executor://xunit/VsTestRunner2/netcoreapp" className="ALKAROS.Idempotency.Tests.IdempotencyKeyStoreTests" name="RegisterOrReplayConcurrentSameKeyDifferentHashYieldsSingleCreate" />
    </UnitTest>
    <UnitTest name="ALKAROS.Idempotency.Tests.InboxStoreTests.ProcessPendingHandlerSucceedsMarksProcessed" storage="d:\project\alkaros\tests\buildingblocks\idempotency\bin\debug\net8.0\alkaros.idempotency.tests.dll" id="b2c5d15a-4806-220b-ea56-4a1b58433c7c">
      <Execution id="f17c3ef8-5e02-4f59-a041-25c386f21775" />
      <TestMethod codeBase="D:\PROJECT\ALKAROS\tests\BuildingBlocks\Idempotency\bin\Debug\net8.0\ALKAROS.Idempotency.Tests.dll" adapterTypeName="executor://xunit/VsTestRunner2/netcoreapp" className="ALKAROS.Idempotency.Tests.InboxStoreTests" name="ProcessPendingHandlerSucceedsMarksProcessed" />
    </UnitTest>
    <UnitTest name="ALKAROS.Idempotency.Tests.RetrySqlIdentifierTests.UnregisteredIdentifiersFailClosedBeforeAnyCommand(tableName: &quot;OUTBOX_MESSAGES&quot;)" storage="d:\project\alkaros\tests\buildingblocks\idempotency\bin\debug\net8.0\alkaros.idempotency.tests.dll" id="a06153ff-6e09-67ae-fa89-a74989e9343a">
      <Execution id="53bff2dc-f7f7-4ea3-9049-6022848ff986" />
      <TestMethod codeBase="D:\PROJECT\ALKAROS\tests\BuildingBlocks\Idempotency\bin\Debug\net8.0\ALKAROS.Idempotency.Tests.dll" adapterTypeName="executor://xunit/VsTestRunner2/netcoreapp" className="ALKAROS.Idempotency.Tests.RetrySqlIdentifierTests" name="UnregisteredIdentifiersFailClosedBeforeAnyCommand" />
    </UnitTest>
    <UnitTest name="ALKAROS.Idempotency.Tests.RetryPolicyTests.NextRetryDelayAppliesExponentialBackoff(completedAttempts: 2, expectedSeconds: 2)" storage="d:\project\alkaros\tests\buildingblocks\idempotency\bin\debug\net8.0\alkaros.idempotency.tests.dll" id="d71e79d9-90be-ce0e-4207-1c4d4c157491">
      <Execution id="c9d24857-bacf-476d-a64e-155cca1d310e" />
      <TestMethod codeBase="D:\PROJECT\ALKAROS\tests\BuildingBlocks\Idempotency\bin\Debug\net8.0\ALKAROS.Idempotency.Tests.dll" adapterTypeName="executor://xunit/VsTestRunner2/netcoreapp" className="ALKAROS.Idempotency.Tests.RetryPolicyTests" name="NextRetryDelayAppliesExponentialBackoff" />
    </UnitTest>
    <UnitTest name="ALKAROS.Idempotency.Tests.OutboxStoreTests.DispatchHandlerSucceedsMarksDispatched" storage="d:\project\alkaros\tests\buildingblocks\idempotency\bin\debug\net8.0\alkaros.idempotency.tests.dll" id="5610ae1b-c9c9-04c8-8de7-f933a20e044f">
      <Execution id="85675087-7192-444b-bb54-db7c90a39fe6" />
      <TestMethod codeBase="D:\PROJECT\ALKAROS\tests\BuildingBlocks\Idempotency\bin\Debug\net8.0\ALKAROS.Idempotency.Tests.dll" adapterTypeName="executor://xunit/VsTestRunner2/netcoreapp" className="ALKAROS.Idempotency.Tests.OutboxStoreTests" name="DispatchHandlerSucceedsMarksDispatched" />
    </UnitTest>
    <UnitTest name="ALKAROS.Idempotency.Tests.IdempotencyKeyTests.ConstructorWhitespaceClientIdThrows(clientId: &quot;\t&quot;)" storage="d:\project\alkaros\tests\buildingblocks\idempotency\bin\debug\net8.0\alkaros.idempotency.tests.dll" id="cc47c48c-034d-7cef-6cdb-bb809020da61">
      <Execution id="6e5b137d-50db-49a6-9de8-8f493a417a82" />
      <TestMethod codeBase="D:\PROJECT\ALKAROS\tests\BuildingBlocks\Idempotency\bin\Debug\net8.0\ALKAROS.Idempotency.Tests.dll" adapterTypeName="executor://xunit/VsTestRunner2/netcoreapp" className="ALKAROS.Idempotency.Tests.IdempotencyKeyTests" name="ConstructorWhitespaceClientIdThrows" />
    </UnitTest>
    <UnitTest name="ALKAROS.Idempotency.Tests.IdempotencyKeyTests.ConstructorMaxLengthValuesAreAccepted" storage="d:\project\alkaros\tests\buildingblocks\idempotency\bin\debug\net8.0\alkaros.idempotency.tests.dll" id="afd112b4-4899-e668-e251-6b57ef909844">
      <Execution id="4fc37148-cab5-40e3-8a38-3cefac90f592" />
      <TestMethod codeBase="D:\PROJECT\ALKAROS\tests\BuildingBlocks\Idempotency\bin\Debug\net8.0\ALKAROS.Idempotency.Tests.dll" adapterTypeName="executor://xunit/VsTestRunner2/netcoreapp" className="ALKAROS.Idempotency.Tests.IdempotencyKeyTests" name="ConstructorMaxLengthValuesAreAccepted" />
    </UnitTest>
    <UnitTest name="ALKAROS.Idempotency.Tests.InboxStoreTests.ProcessPendingConcurrentDispatchersClaimEachMessageOnce" storage="d:\project\alkaros\tests\buildingblocks\idempotency\bin\debug\net8.0\alkaros.idempotency.tests.dll" id="31b31fee-6e7e-7fce-36a2-e0b4a3fc3134">
      <Execution id="2a6a2f5c-0d78-495b-b4cb-82cfe2bb75e2" />
      <TestMethod codeBase="D:\PROJECT\ALKAROS\tests\BuildingBlocks\Idempotency\bin\Debug\net8.0\ALKAROS.Idempotency.Tests.dll" adapterTypeName="executor://xunit/VsTestRunner2/netcoreapp" className="ALKAROS.Idempotency.Tests.InboxStoreTests" name="ProcessPendingConcurrentDispatchersClaimEachMessageOnce" />
    </UnitTest>
    <UnitTest name="ALKAROS.Idempotency.Tests.EnvelopeValidationTests.InboxEnvelopeInvalidSourceThrows(source: null)" storage="d:\project\alkaros\tests\buildingblocks\idempotency\bin\debug\net8.0\alkaros.idempotency.tests.dll" id="b06c1aa2-9b0a-ac32-f1be-5a3f7db057f6">
      <Execution id="ce4c6df0-220c-4ece-b74e-6bf1f7a89069" />
      <TestMethod codeBase="D:\PROJECT\ALKAROS\tests\BuildingBlocks\Idempotency\bin\Debug\net8.0\ALKAROS.Idempotency.Tests.dll" adapterTypeName="executor://xunit/VsTestRunner2/netcoreapp" className="ALKAROS.Idempotency.Tests.EnvelopeValidationTests" name="InboxEnvelopeInvalidSourceThrows" />
    </UnitTest>
    <UnitTest name="ALKAROS.Idempotency.Tests.EnvelopeValidationTests.InboxEnvelopeValidValuesAreStored" storage="d:\project\alkaros\tests\buildingblocks\idempotency\bin\debug\net8.0\alkaros.idempotency.tests.dll" id="0e13e160-ed7b-baf0-07fb-53eb92f43f7a">
      <Execution id="60ed3d9a-3f20-4dad-9d42-5a574a7297e6" />
      <TestMethod codeBase="D:\PROJECT\ALKAROS\tests\BuildingBlocks\Idempotency\bin\Debug\net8.0\ALKAROS.Idempotency.Tests.dll" adapterTypeName="executor://xunit/VsTestRunner2/netcoreapp" className="ALKAROS.Idempotency.Tests.EnvelopeValidationTests" name="InboxEnvelopeValidValuesAreStored" />
    </UnitTest>
    <UnitTest name="ALKAROS.Idempotency.Tests.RetrySqlIdentifierTests.UnregisteredIdentifiersFailClosedBeforeAnyCommand(tableName: &quot;inbox_messages; DROP TABLE inbox_messages;--&quot;)" storage="d:\project\alkaros\tests\buildingblocks\idempotency\bin\debug\net8.0\alkaros.idempotency.tests.dll" id="f7ab76a3-369c-f2e7-5dfd-5a72c2c64eee">
      <Execution id="6aa1366c-ca80-4663-93cd-13cd815a0a2d" />
      <TestMethod codeBase="D:\PROJECT\ALKAROS\tests\BuildingBlocks\Idempotency\bin\Debug\net8.0\ALKAROS.Idempotency.Tests.dll" adapterTypeName="executor://xunit/VsTestRunner2/netcoreapp" className="ALKAROS.Idempotency.Tests.RetrySqlIdentifierTests" name="UnregisteredIdentifiersFailClosedBeforeAnyCommand" />
    </UnitTest>
    <UnitTest name="ALKAROS.Idempotency.Tests.RequestHashTests.ComputeEmptyBodyMatchesKnownSha256Vector" storage="d:\project\alkaros\tests\buildingblocks\idempotency\bin\debug\net8.0\alkaros.idempotency.tests.dll" id="5a0f2478-845b-e106-2eae-3f0c8e472ac1">
      <Execution id="6ea1bd45-64a9-4314-8e13-f766eeea9ed7" />
      <TestMethod codeBase="D:\PROJECT\ALKAROS\tests\BuildingBlocks\Idempotency\bin\Debug\net8.0\ALKAROS.Idempotency.Tests.dll" adapterTypeName="executor://xunit/VsTestRunner2/netcoreapp" className="ALKAROS.Idempotency.Tests.RequestHashTests" name="ComputeEmptyBodyMatchesKnownSha256Vector" />
    </UnitTest>
    <UnitTest name="ALKAROS.Idempotency.Tests.InboxStoreTests.TryEnqueueDifferentSourceSameEventIsAllowed" storage="d:\project\alkaros\tests\buildingblocks\idempotency\bin\debug\net8.0\alkaros.idempotency.tests.dll" id="35badc59-3464-0703-6a2e-6f9b68ee47ae">
      <Execution id="879b66ad-5a61-4a5f-a15d-e0e1bd50aa86" />
      <TestMethod codeBase="D:\PROJECT\ALKAROS\tests\BuildingBlocks\Idempotency\bin\Debug\net8.0\ALKAROS.Idempotency.Tests.dll" adapterTypeName="executor://xunit/VsTestRunner2/netcoreapp" className="ALKAROS.Idempotency.Tests.InboxStoreTests" name="TryEnqueueDifferentSourceSameEventIsAllowed" />
    </UnitTest>
    <UnitTest name="ALKAROS.Idempotency.Tests.OutboxStoreTests.DispatchRespectsBatchSize" storage="d:\project\alkaros\tests\buildingblocks\idempotency\bin\debug\net8.0\alkaros.idempotency.tests.dll" id="274186cd-c2f9-5350-d55f-f3ab0b781898">
      <Execution id="dccbc0f9-fe7f-4d2d-80f5-b30ab9c5dcb1" />
      <TestMethod codeBase="D:\PROJECT\ALKAROS\tests\BuildingBlocks\Idempotency\bin\Debug\net8.0\ALKAROS.Idempotency.Tests.dll" adapterTypeName="executor://xunit/VsTestRunner2/netcoreapp" className="ALKAROS.Idempotency.Tests.OutboxStoreTests" name="DispatchRespectsBatchSize" />
    </UnitTest>
    <UnitTest name="ALKAROS.Idempotency.Tests.EnvelopeValidationTests.InboxEnvelopeInvalidExternalEventIdThrows(externalEventId: &quot;&quot;)" storage="d:\project\alkaros\tests\buildingblocks\idempotency\bin\debug\net8.0\alkaros.idempotency.tests.dll" id="baf4b933-078b-6419-67ba-a1c5ca60dedb">
      <Execution id="df41a931-511c-4689-83df-c898b8fd640e" />
      <TestMethod codeBase="D:\PROJECT\ALKAROS\tests\BuildingBlocks\Idempotency\bin\Debug\net8.0\ALKAROS.Idempotency.Tests.dll" adapterTypeName="executor://xunit/VsTestRunner2/netcoreapp" className="ALKAROS.Idempotency.Tests.EnvelopeValidationTests" name="InboxEnvelopeInvalidExternalEventIdThrows" />
    </UnitTest>
    <UnitTest name="ALKAROS.Idempotency.Tests.InboxStoreTests.TryEnqueueNewMessageReturnsTrue" storage="d:\project\alkaros\tests\buildingblocks\idempotency\bin\debug\net8.0\alkaros.idempotency.tests.dll" id="35f5c44e-411d-8426-a874-9c09863c8a04">
      <Execution id="09e47b18-1880-4277-8e9e-b5275d845d2d" />
      <TestMethod codeBase="D:\PROJECT\ALKAROS\tests\BuildingBlocks\Idempotency\bin\Debug\net8.0\ALKAROS.Idempotency.Tests.dll" adapterTypeName="executor://xunit/VsTestRunner2/netcoreapp" className="ALKAROS.Idempotency.Tests.InboxStoreTests" name="TryEnqueueNewMessageReturnsTrue" />
    </UnitTest>
    <UnitTest name="ALKAROS.Idempotency.Tests.RetryScheduleIntegrationTests.InboxSecondFailureUsesTwiceTheBaseDelay" storage="d:\project\alkaros\tests\buildingblocks\idempotency\bin\debug\net8.0\alkaros.idempotency.tests.dll" id="584914d5-9645-8d2b-2130-c9ae55fadada">
      <Execution id="b8d971a8-fef5-4535-987d-944266b541bb" />
      <TestMethod codeBase="D:\PROJECT\ALKAROS\tests\BuildingBlocks\Idempotency\bin\Debug\net8.0\ALKAROS.Idempotency.Tests.dll" adapterTypeName="executor://xunit/VsTestRunner2/netcoreapp" className="ALKAROS.Idempotency.Tests.RetryScheduleIntegrationTests" name="InboxSecondFailureUsesTwiceTheBaseDelay" />
    </UnitTest>
    <UnitTest name="ALKAROS.Idempotency.Tests.RetryPolicyTests.NextRetryDelayAtMaxAttemptsThrows" storage="d:\project\alkaros\tests\buildingblocks\idempotency\bin\debug\net8.0\alkaros.idempotency.tests.dll" id="a346fe94-fc53-f53c-c98b-745d31157b99">
      <Execution id="b1f97e13-c7f4-4a82-8a19-1a660d471d30" />
      <TestMethod codeBase="D:\PROJECT\ALKAROS\tests\BuildingBlocks\Idempotency\bin\Debug\net8.0\ALKAROS.Idempotency.Tests.dll" adapterTypeName="executor://xunit/VsTestRunner2/netcoreapp" className="ALKAROS.Idempotency.Tests.RetryPolicyTests" name="NextRetryDelayAtMaxAttemptsThrows" />
    </UnitTest>
    <UnitTest name="ALKAROS.Idempotency.Tests.RetrySqlIdentifierTests.AllowedTableNamesContainExactlyTheRegisteredIdentifiers" storage="d:\project\alkaros\tests\buildingblocks\idempotency\bin\debug\net8.0\alkaros.idempotency.tests.dll" id="a2920640-dbaa-20ea-a720-557bf5430481">
      <Execution id="053829ca-6f2d-4ede-a0d0-183f6d02f7aa" />
      <TestMethod codeBase="D:\PROJECT\ALKAROS\tests\BuildingBlocks\Idempotency\bin\Debug\net8.0\ALKAROS.Idempotency.Tests.dll" adapterTypeName="executor://xunit/VsTestRunner2/netcoreapp" className="ALKAROS.Idempotency.Tests.RetrySqlIdentifierTests" name="AllowedTableNamesContainExactlyTheRegisteredIdentifiers" />
    </UnitTest>
    <UnitTest name="ALKAROS.Idempotency.Tests.OutboxStoreTests.EnqueuePersistsPendingMessage" storage="d:\project\alkaros\tests\buildingblocks\idempotency\bin\debug\net8.0\alkaros.idempotency.tests.dll" id="6dcd83d0-ba64-764a-7fe4-dd517de38416">
      <Execution id="cb1961e6-e596-417a-b1ca-36ea4f227a8a" />
      <TestMethod codeBase="D:\PROJECT\ALKAROS\tests\BuildingBlocks\Idempotency\bin\Debug\net8.0\ALKAROS.Idempotency.Tests.dll" adapterTypeName="executor://xunit/VsTestRunner2/netcoreapp" className="ALKAROS.Idempotency.Tests.OutboxStoreTests" name="EnqueuePersistsPendingMessage" />
    </UnitTest>
    <UnitTest name="ALKAROS.Idempotency.Tests.InboxStoreTests.ProcessLeaseLostBeforeMarkThrowsInsteadOfSkippingSilently" storage="d:\project\alkaros\tests\buildingblocks\idempotency\bin\debug\net8.0\alkaros.idempotency.tests.dll" id="ca8d5ca7-64b1-6f69-fb8e-658cb5c534ce">
      <Execution id="481f690e-ecbd-424f-b469-e0ca53668a19" />
      <TestMethod codeBase="D:\PROJECT\ALKAROS\tests\BuildingBlocks\Idempotency\bin\Debug\net8.0\ALKAROS.Idempotency.Tests.dll" adapterTypeName="executor://xunit/VsTestRunner2/netcoreapp" className="ALKAROS.Idempotency.Tests.InboxStoreTests" name="ProcessLeaseLostBeforeMarkThrowsInsteadOfSkippingSilently" />
    </UnitTest>
    <UnitTest name="ALKAROS.Idempotency.Tests.EnvelopeValidationTests.InboxEnvelopeOverMaxExternalEventIdLengthThrows" storage="d:\project\alkaros\tests\buildingblocks\idempotency\bin\debug\net8.0\alkaros.idempotency.tests.dll" id="2a0ac941-6ae7-f33b-f6d0-b298547e0908">
      <Execution id="2d45a18c-5aea-4aa8-ac96-5cd0f05eb3be" />
      <TestMethod codeBase="D:\PROJECT\ALKAROS\tests\BuildingBlocks\Idempotency\bin\Debug\net8.0\ALKAROS.Idempotency.Tests.dll" adapterTypeName="executor://xunit/VsTestRunner2/netcoreapp" className="ALKAROS.Idempotency.Tests.EnvelopeValidationTests" name="InboxEnvelopeOverMaxExternalEventIdLengthThrows" />
    </UnitTest>
    <UnitTest name="ALKAROS.Idempotency.Tests.OutboxStoreTests.DispatchHandlerRunsOutsideTheClaimTransaction" storage="d:\project\alkaros\tests\buildingblocks\idempotency\bin\debug\net8.0\alkaros.idempotency.tests.dll" id="6c29677f-34a1-16ad-a803-da6487d2e6e3">
      <Execution id="9ccc43c3-00b5-404c-bfee-cb15091db034" />
      <TestMethod codeBase="D:\PROJECT\ALKAROS\tests\BuildingBlocks\Idempotency\bin\Debug\net8.0\ALKAROS.Idempotency.Tests.dll" adapterTypeName="executor://xunit/VsTestRunner2/netcoreapp" className="ALKAROS.Idempotency.Tests.OutboxStoreTests" name="DispatchHandlerRunsOutsideTheClaimTransaction" />
    </UnitTest>
    <UnitTest name="ALKAROS.Idempotency.Tests.RetrySqlIdentifierTests.UnregisteredIdentifiersFailClosedBeforeAnyCommand(tableName: &quot;inbox_messages &quot;)" storage="d:\project\alkaros\tests\buildingblocks\idempotency\bin\debug\net8.0\alkaros.idempotency.tests.dll" id="85ecc1b9-2e08-e669-eb97-f7447174d12f">
      <Execution id="55739d23-ee19-45ad-98f6-0f73c758e6c3" />
      <TestMethod codeBase="D:\PROJECT\ALKAROS\tests\BuildingBlocks\Idempotency\bin\Debug\net8.0\ALKAROS.Idempotency.Tests.dll" adapterTypeName="executor://xunit/VsTestRunner2/netcoreapp" className="ALKAROS.Idempotency.Tests.RetrySqlIdentifierTests" name="UnregisteredIdentifiersFailClosedBeforeAnyCommand" />
    </UnitTest>
    <UnitTest name="ALKAROS.Idempotency.Tests.InboxStoreTests.ProcessPendingThreeFailuresMovesToDeadLetter" storage="d:\project\alkaros\tests\buildingblocks\idempotency\bin\debug\net8.0\alkaros.idempotency.tests.dll" id="ab84022b-44dd-00ff-72af-a6e53bf7ff86">
      <Execution id="c392a040-1519-4be4-811d-b5a4e9da5f47" />
      <TestMethod codeBase="D:\PROJECT\ALKAROS\tests\BuildingBlocks\Idempotency\bin\Debug\net8.0\ALKAROS.Idempotency.Tests.dll" adapterTypeName="executor://xunit/VsTestRunner2/netcoreapp" className="ALKAROS.Idempotency.Tests.InboxStoreTests" name="ProcessPendingThreeFailuresMovesToDeadLetter" />
    </UnitTest>
    <UnitTest name="ALKAROS.Idempotency.Tests.InboxStoreTests.ProcessHandlerRunsOutsideTheClaimTransaction" storage="d:\project\alkaros\tests\buildingblocks\idempotency\bin\debug\net8.0\alkaros.idempotency.tests.dll" id="8004444f-a9ee-8157-b00b-63fa9bff8399">
      <Execution id="98859738-cc5f-4f0a-8eb8-e24627540323" />
      <TestMethod codeBase="D:\PROJECT\ALKAROS\tests\BuildingBlocks\Idempotency\bin\Debug\net8.0\ALKAROS.Idempotency.Tests.dll" adapterTypeName="executor://xunit/VsTestRunner2/netcoreapp" className="ALKAROS.Idempotency.Tests.InboxStoreTests" name="ProcessHandlerRunsOutsideTheClaimTransaction" />
    </UnitTest>
    <UnitTest name="ALKAROS.Idempotency.Tests.EnvelopeValidationTests.OutboxEnvelopeInvalidEventTypeThrows(eventType: &quot;&quot;)" storage="d:\project\alkaros\tests\buildingblocks\idempotency\bin\debug\net8.0\alkaros.idempotency.tests.dll" id="1f518b4f-bca8-f201-ab24-bc63fb29e0f4">
      <Execution id="2e3b5082-448f-4929-b873-5ebdc413deba" />
      <TestMethod codeBase="D:\PROJECT\ALKAROS\tests\BuildingBlocks\Idempotency\bin\Debug\net8.0\ALKAROS.Idempotency.Tests.dll" adapterTypeName="executor://xunit/VsTestRunner2/netcoreapp" className="ALKAROS.Idempotency.Tests.EnvelopeValidationTests" name="OutboxEnvelopeInvalidEventTypeThrows" />
    </UnitTest>
    <UnitTest name="ALKAROS.Idempotency.Tests.EnvelopeValidationTests.OutboxEnvelopeInvalidEventTypeThrows(eventType: &quot; &quot;)" storage="d:\project\alkaros\tests\buildingblocks\idempotency\bin\debug\net8.0\alkaros.idempotency.tests.dll" id="d490b17b-e1e2-1f3e-9d56-928692609344">
      <Execution id="0f1a8bc4-4aa7-4232-abec-21564361f523" />
      <TestMethod codeBase="D:\PROJECT\ALKAROS\tests\BuildingBlocks\Idempotency\bin\Debug\net8.0\ALKAROS.Idempotency.Tests.dll" adapterTypeName="executor://xunit/VsTestRunner2/netcoreapp" className="ALKAROS.Idempotency.Tests.EnvelopeValidationTests" name="OutboxEnvelopeInvalidEventTypeThrows" />
    </UnitTest>
    <UnitTest name="ALKAROS.Idempotency.Tests.OutboxStoreTests.DispatchHandlerThrowsCountsAsFailure" storage="d:\project\alkaros\tests\buildingblocks\idempotency\bin\debug\net8.0\alkaros.idempotency.tests.dll" id="3eb40130-3a29-4a28-bc9d-eaaa7aaf37c0">
      <Execution id="8747aa76-71da-41ed-984f-f010e37f12c5" />
      <TestMethod codeBase="D:\PROJECT\ALKAROS\tests\BuildingBlocks\Idempotency\bin\Debug\net8.0\ALKAROS.Idempotency.Tests.dll" adapterTypeName="executor://xunit/VsTestRunner2/netcoreapp" className="ALKAROS.Idempotency.Tests.OutboxStoreTests" name="DispatchHandlerThrowsCountsAsFailure" />
    </UnitTest>
    <UnitTest name="ALKAROS.Idempotency.Tests.InboxStoreTests.ProcessExpiredLeaseIsReclaimedAndProcessed" storage="d:\project\alkaros\tests\buildingblocks\idempotency\bin\debug\net8.0\alkaros.idempotency.tests.dll" id="1908897c-d988-8627-3296-519a49e396cc">
      <Execution id="54d4dd3d-2a3f-48d2-94f5-e30d30d4be22" />
      <TestMethod codeBase="D:\PROJECT\ALKAROS\tests\BuildingBlocks\Idempotency\bin\Debug\net8.0\ALKAROS.Idempotency.Tests.dll" adapterTypeName="executor://xunit/VsTestRunner2/netcoreapp" className="ALKAROS.Idempotency.Tests.InboxStoreTests" name="ProcessExpiredLeaseIsReclaimedAndProcessed" />
    </UnitTest>
    <UnitTest name="ALKAROS.Idempotency.Tests.InboxRedeliveryContractTests.ExpiredLeaseRedeliveryIsIdempotentForTheHandler" storage="d:\project\alkaros\tests\buildingblocks\idempotency\bin\debug\net8.0\alkaros.idempotency.tests.dll" id="74caced9-c829-9c03-947d-dbaa7887e631">
      <Execution id="56d156e0-fe6f-437e-9ee9-f040c17a7700" />
      <TestMethod codeBase="D:\PROJECT\ALKAROS\tests\BuildingBlocks\Idempotency\bin\Debug\net8.0\ALKAROS.Idempotency.Tests.dll" adapterTypeName="executor://xunit/VsTestRunner2/netcoreapp" className="ALKAROS.Idempotency.Tests.InboxRedeliveryContractTests" name="ExpiredLeaseRedeliveryIsIdempotentForTheHandler" />
    </UnitTest>
    <UnitTest name="ALKAROS.Idempotency.Tests.IdempotencyKeyTests.ConstructorOverMaxLengthThrows" storage="d:\project\alkaros\tests\buildingblocks\idempotency\bin\debug\net8.0\alkaros.idempotency.tests.dll" id="7f483b71-936d-0063-acb7-b75158f4a174">
      <Execution id="2fd9b4d9-4f27-4103-ab22-147d31b97580" />
      <TestMethod codeBase="D:\PROJECT\ALKAROS\tests\BuildingBlocks\Idempotency\bin\Debug\net8.0\ALKAROS.Idempotency.Tests.dll" adapterTypeName="executor://xunit/VsTestRunner2/netcoreapp" className="ALKAROS.Idempotency.Tests.IdempotencyKeyTests" name="ConstructorOverMaxLengthThrows" />
    </UnitTest>
    <UnitTest name="ALKAROS.Idempotency.Tests.IdempotencyKeyStoreTests.RegisterOrReplaySameKeySameHashReturnsReplayWithOriginalEnvelope" storage="d:\project\alkaros\tests\buildingblocks\idempotency\bin\debug\net8.0\alkaros.idempotency.tests.dll" id="9efa43d3-54f9-76ee-d5f2-8b358fc0c400">
      <Execution id="812205af-8585-4f0f-9dbd-7310ae09f8a2" />
      <TestMethod codeBase="D:\PROJECT\ALKAROS\tests\BuildingBlocks\Idempotency\bin\Debug\net8.0\ALKAROS.Idempotency.Tests.dll" adapterTypeName="executor://xunit/VsTestRunner2/netcoreapp" className="ALKAROS.Idempotency.Tests.IdempotencyKeyStoreTests" name="RegisterOrReplaySameKeySameHashReturnsReplayWithOriginalEnvelope" />
    </UnitTest>
    <UnitTest name="ALKAROS.Idempotency.Tests.RetryScheduleIntegrationTests.OutboxSecondFailureUsesTwiceTheBaseDelay" storage="d:\project\alkaros\tests\buildingblocks\idempotency\bin\debug\net8.0\alkaros.idempotency.tests.dll" id="aaefda08-920b-39f5-d6a8-e23369cdb467">
      <Execution id="e28e6657-e3b4-42fe-a927-36bf9c254d6e" />
      <TestMethod codeBase="D:\PROJECT\ALKAROS\tests\BuildingBlocks\Idempotency\bin\Debug\net8.0\ALKAROS.Idempotency.Tests.dll" adapterTypeName="executor://xunit/VsTestRunner2/netcoreapp" className="ALKAROS.Idempotency.Tests.RetryScheduleIntegrationTests" name="OutboxSecondFailureUsesTwiceTheBaseDelay" />
    </UnitTest>
    <UnitTest name="ALKAROS.Idempotency.Tests.RetrySqlIdentifierTests.UnregisteredIdentifiersFailClosedBeforeAnyCommand(tableName: &quot;user_payload&quot;)" storage="d:\project\alkaros\tests\buildingblocks\idempotency\bin\debug\net8.0\alkaros.idempotency.tests.dll" id="e20880a7-4309-3ee9-a98b-7b7b4be96b47">
      <Execution id="e2b2a46c-5450-4049-bf6c-0b65c271c3fd" />
      <TestMethod codeBase="D:\PROJECT\ALKAROS\tests\BuildingBlocks\Idempotency\bin\Debug\net8.0\ALKAROS.Idempotency.Tests.dll" adapterTypeName="executor://xunit/VsTestRunner2/netcoreapp" className="ALKAROS.Idempotency.Tests.RetrySqlIdentifierTests" name="UnregisteredIdentifiersFailClosedBeforeAnyCommand" />
    </UnitTest>
    <UnitTest name="ALKAROS.Idempotency.Tests.RetryPolicyTests.MaxAttemptsIsThree" storage="d:\project\alkaros\tests\buildingblocks\idempotency\bin\debug\net8.0\alkaros.idempotency.tests.dll" id="f82df1aa-9303-7b9a-7241-d604b98a119e">
      <Execution id="aab481b6-e3aa-4056-8ebc-61eda20de3a8" />
      <TestMethod codeBase="D:\PROJECT\ALKAROS\tests\BuildingBlocks\Idempotency\bin\Debug\net8.0\ALKAROS.Idempotency.Tests.dll" adapterTypeName="executor://xunit/VsTestRunner2/netcoreapp" className="ALKAROS.Idempotency.Tests.RetryPolicyTests" name="MaxAttemptsIsThree" />
    </UnitTest>
    <UnitTest name="ALKAROS.Idempotency.Tests.RequestHashTests.ComputeDifferentBodiesProduceDifferentHashes" storage="d:\project\alkaros\tests\buildingblocks\idempotency\bin\debug\net8.0\alkaros.idempotency.tests.dll" id="07c0d3bb-883a-6b7e-bf25-55a5c9b6b9e3">
      <Execution id="d47fdbf7-4dff-45bc-8860-458fc08fd2f9" />
      <TestMethod codeBase="D:\PROJECT\ALKAROS\tests\BuildingBlocks\Idempotency\bin\Debug\net8.0\ALKAROS.Idempotency.Tests.dll" adapterTypeName="executor://xunit/VsTestRunner2/netcoreapp" className="ALKAROS.Idempotency.Tests.RequestHashTests" name="ComputeDifferentBodiesProduceDifferentHashes" />
    </UnitTest>
    <UnitTest name="ALKAROS.Idempotency.Tests.OutboxStoreTests.DispatchExpiredLeaseIsReclaimedAndDelivered" storage="d:\project\alkaros\tests\buildingblocks\idempotency\bin\debug\net8.0\alkaros.idempotency.tests.dll" id="ca774864-dcef-5770-f519-d685a625e992">
      <Execution id="1b5b3963-f3a2-44de-a618-8af98ba58e0e" />
      <TestMethod codeBase="D:\PROJECT\ALKAROS\tests\BuildingBlocks\Idempotency\bin\Debug\net8.0\ALKAROS.Idempotency.Tests.dll" adapterTypeName="executor://xunit/VsTestRunner2/netcoreapp" className="ALKAROS.Idempotency.Tests.OutboxStoreTests" name="DispatchExpiredLeaseIsReclaimedAndDelivered" />
    </UnitTest>
    <UnitTest name="ALKAROS.Idempotency.Tests.EnvelopeValidationTests.InboxEnvelopeOverMaxSourceLengthThrows" storage="d:\project\alkaros\tests\buildingblocks\idempotency\bin\debug\net8.0\alkaros.idempotency.tests.dll" id="80123698-32a9-f188-e682-ab5b17aa4b93">
      <Execution id="6ef1096a-bdf7-4c4e-a89f-13013d904ef7" />
      <TestMethod codeBase="D:\PROJECT\ALKAROS\tests\BuildingBlocks\Idempotency\bin\Debug\net8.0\ALKAROS.Idempotency.Tests.dll" adapterTypeName="executor://xunit/VsTestRunner2/netcoreapp" className="ALKAROS.Idempotency.Tests.EnvelopeValidationTests" name="InboxEnvelopeOverMaxSourceLengthThrows" />
    </UnitTest>
    <UnitTest name="ALKAROS.Idempotency.Tests.EnvelopeValidationTests.InboxEnvelopeInvalidExternalEventIdThrows(externalEventId: null)" storage="d:\project\alkaros\tests\buildingblocks\idempotency\bin\debug\net8.0\alkaros.idempotency.tests.dll" id="fcf1f4c6-ce41-192c-3e12-1a92c16ab82b">
      <Execution id="e485a220-abb9-4751-ba34-581f2ea4c23d" />
      <TestMethod codeBase="D:\PROJECT\ALKAROS\tests\BuildingBlocks\Idempotency\bin\Debug\net8.0\ALKAROS.Idempotency.Tests.dll" adapterTypeName="executor://xunit/VsTestRunner2/netcoreapp" className="ALKAROS.Idempotency.Tests.EnvelopeValidationTests" name="InboxEnvelopeInvalidExternalEventIdThrows" />
    </UnitTest>
    <UnitTest name="ALKAROS.Idempotency.Tests.EnvelopeValidationTests.InboxEnvelopeInvalidSourceThrows(source: &quot;&quot;)" storage="d:\project\alkaros\tests\buildingblocks\idempotency\bin\debug\net8.0\alkaros.idempotency.tests.dll" id="c9784506-0724-83c5-707f-fd3634830f13">
      <Execution id="332f94fe-941b-4071-aba0-c49567bcad93" />
      <TestMethod codeBase="D:\PROJECT\ALKAROS\tests\BuildingBlocks\Idempotency\bin\Debug\net8.0\ALKAROS.Idempotency.Tests.dll" adapterTypeName="executor://xunit/VsTestRunner2/netcoreapp" className="ALKAROS.Idempotency.Tests.EnvelopeValidationTests" name="InboxEnvelopeInvalidSourceThrows" />
    </UnitTest>
    <UnitTest name="ALKAROS.Idempotency.Tests.IdempotencyKeyTests.ConstructorEmptyClientIdThrows" storage="d:\project\alkaros\tests\buildingblocks\idempotency\bin\debug\net8.0\alkaros.idempotency.tests.dll" id="f12036c5-1df3-b9c3-9637-bd5b7338a767">
      <Execution id="cf2cbef0-1d78-40a4-aa43-b3968735e206" />
      <TestMethod codeBase="D:\PROJECT\ALKAROS\tests\BuildingBlocks\Idempotency\bin\Debug\net8.0\ALKAROS.Idempotency.Tests.dll" adapterTypeName="executor://xunit/VsTestRunner2/netcoreapp" className="ALKAROS.Idempotency.Tests.IdempotencyKeyTests" name="ConstructorEmptyClientIdThrows" />
    </UnitTest>
    <UnitTest name="ALKAROS.Idempotency.Tests.InboxStoreTests.TryEnqueueDuplicateSourceAndEventReturnsFalse" storage="d:\project\alkaros\tests\buildingblocks\idempotency\bin\debug\net8.0\alkaros.idempotency.tests.dll" id="74048095-7e5f-8903-28cd-81bb408c447b">
      <Execution id="365ec079-292d-43e3-adc1-388a1df0bf49" />
      <TestMethod codeBase="D:\PROJECT\ALKAROS\tests\BuildingBlocks\Idempotency\bin\Debug\net8.0\ALKAROS.Idempotency.Tests.dll" adapterTypeName="executor://xunit/VsTestRunner2/netcoreapp" className="ALKAROS.Idempotency.Tests.InboxStoreTests" name="TryEnqueueDuplicateSourceAndEventReturnsFalse" />
    </UnitTest>
    <UnitTest name="ALKAROS.Idempotency.Tests.EnvelopeValidationTests.InboxEnvelopeInvalidExternalEventIdThrows(externalEventId: &quot; &quot;)" storage="d:\project\alkaros\tests\buildingblocks\idempotency\bin\debug\net8.0\alkaros.idempotency.tests.dll" id="cc977dd7-8927-31ec-efeb-9d226814ff7c">
      <Execution id="e518165b-34a6-4e04-b2e0-e81fd6610f03" />
      <TestMethod codeBase="D:\PROJECT\ALKAROS\tests\BuildingBlocks\Idempotency\bin\Debug\net8.0\ALKAROS.Idempotency.Tests.dll" adapterTypeName="executor://xunit/VsTestRunner2/netcoreapp" className="ALKAROS.Idempotency.Tests.EnvelopeValidationTests" name="InboxEnvelopeInvalidExternalEventIdThrows" />
    </UnitTest>
    <UnitTest name="ALKAROS.Idempotency.Tests.IdempotencyKeyStoreTests.RegisterOrReplayReplayDoesNotExtendRetention" storage="d:\project\alkaros\tests\buildingblocks\idempotency\bin\debug\net8.0\alkaros.idempotency.tests.dll" id="4f7b981c-2bd1-4b1a-b120-7cd63fed3818">
      <Execution id="eecad33c-9982-47eb-b2d0-8632eef1e62e" />
      <TestMethod codeBase="D:\PROJECT\ALKAROS\tests\BuildingBlocks\Idempotency\bin\Debug\net8.0\ALKAROS.Idempotency.Tests.dll" adapterTypeName="executor://xunit/VsTestRunner2/netcoreapp" className="ALKAROS.Idempotency.Tests.IdempotencyKeyStoreTests" name="RegisterOrReplayReplayDoesNotExtendRetention" />
    </UnitTest>
    <UnitTest name="ALKAROS.Idempotency.Tests.RetryPolicyTests.NextRetryDelayNonPositiveBaseDelayThrows" storage="d:\project\alkaros\tests\buildingblocks\idempotency\bin\debug\net8.0\alkaros.idempotency.tests.dll" id="3c566600-8a21-0527-8a6c-45108d68b034">
      <Execution id="c2c9ea17-dedc-48c6-80f1-6008d2053f7d" />
      <TestMethod codeBase="D:\PROJECT\ALKAROS\tests\BuildingBlocks\Idempotency\bin\Debug\net8.0\ALKAROS.Idempotency.Tests.dll" adapterTypeName="executor://xunit/VsTestRunner2/netcoreapp" className="ALKAROS.Idempotency.Tests.RetryPolicyTests" name="NextRetryDelayNonPositiveBaseDelayThrows" />
    </UnitTest>
    <UnitTest name="ALKAROS.Idempotency.Tests.IdempotencyKeyStoreTests.SweepExpiredAsyncWithNoExpiredRecordsDeletesNothing" storage="d:\project\alkaros\tests\buildingblocks\idempotency\bin\debug\net8.0\alkaros.idempotency.tests.dll" id="10c15574-ec61-d948-4647-0292ab24b241">
      <Execution id="bfecd2cf-6788-475f-a24c-5c782b60ba7e" />
      <TestMethod codeBase="D:\PROJECT\ALKAROS\tests\BuildingBlocks\Idempotency\bin\Debug\net8.0\ALKAROS.Idempotency.Tests.dll" adapterTypeName="executor://xunit/VsTestRunner2/netcoreapp" className="ALKAROS.Idempotency.Tests.IdempotencyKeyStoreTests" name="SweepExpiredAsyncWithNoExpiredRecordsDeletesNothing" />
    </UnitTest>
    <UnitTest name="ALKAROS.Idempotency.Tests.EnvelopeValidationTests.OutboxEnvelopeOverMaxTypeLengthThrows" storage="d:\project\alkaros\tests\buildingblocks\idempotency\bin\debug\net8.0\alkaros.idempotency.tests.dll" id="55acc19b-2894-ece3-2e3c-2c78fea8a493">
      <Execution id="1ce61d0d-c3ac-4069-9562-0ce578e9ef01" />
      <TestMethod codeBase="D:\PROJECT\ALKAROS\tests\BuildingBlocks\Idempotency\bin\Debug\net8.0\ALKAROS.Idempotency.Tests.dll" adapterTypeName="executor://xunit/VsTestRunner2/netcoreapp" className="ALKAROS.Idempotency.Tests.EnvelopeValidationTests" name="OutboxEnvelopeOverMaxTypeLengthThrows" />
    </UnitTest>
    <UnitTest name="ALKAROS.Idempotency.Tests.RetryPolicyTests.NextRetryDelayAppliesExponentialBackoff(completedAttempts: 1, expectedSeconds: 1)" storage="d:\project\alkaros\tests\buildingblocks\idempotency\bin\debug\net8.0\alkaros.idempotency.tests.dll" id="4f74e1b0-43f3-c55c-df10-534e635189c2">
      <Execution id="d1c81119-b795-4a34-a060-da7872eaf004" />
      <TestMethod codeBase="D:\PROJECT\ALKAROS\tests\BuildingBlocks\Idempotency\bin\Debug\net8.0\ALKAROS.Idempotency.Tests.dll" adapterTypeName="executor://xunit/VsTestRunner2/netcoreapp" className="ALKAROS.Idempotency.Tests.RetryPolicyTests" name="NextRetryDelayAppliesExponentialBackoff" />
    </UnitTest>
    <UnitTest name="ALKAROS.Idempotency.Tests.OutboxStoreTests.DispatchConcurrentDispatchersDeliverEachMessageOnce" storage="d:\project\alkaros\tests\buildingblocks\idempotency\bin\debug\net8.0\alkaros.idempotency.tests.dll" id="7d9c8010-92d4-5fef-3343-366f5059a0ae">
      <Execution id="9abd6a2c-04d5-49de-a66b-7f30c470f10e" />
      <TestMethod codeBase="D:\PROJECT\ALKAROS\tests\BuildingBlocks\Idempotency\bin\Debug\net8.0\ALKAROS.Idempotency.Tests.dll" adapterTypeName="executor://xunit/VsTestRunner2/netcoreapp" className="ALKAROS.Idempotency.Tests.OutboxStoreTests" name="DispatchConcurrentDispatchersDeliverEachMessageOnce" />
    </UnitTest>
    <UnitTest name="ALKAROS.Idempotency.Tests.RequestHashTests.ComputeSameBodyIsDeterministic" storage="d:\project\alkaros\tests\buildingblocks\idempotency\bin\debug\net8.0\alkaros.idempotency.tests.dll" id="e275afb9-3323-799b-ee1d-1fe9241ae176">
      <Execution id="a2e4c74e-ad1c-421e-b91f-9defdfc1de6d" />
      <TestMethod codeBase="D:\PROJECT\ALKAROS\tests\BuildingBlocks\Idempotency\bin\Debug\net8.0\ALKAROS.Idempotency.Tests.dll" adapterTypeName="executor://xunit/VsTestRunner2/netcoreapp" className="ALKAROS.Idempotency.Tests.RequestHashTests" name="ComputeSameBodyIsDeterministic" />
    </UnitTest>
    <UnitTest name="ALKAROS.Idempotency.Tests.IdempotencyKeyTests.ConstructorEmptyOperationIdThrows" storage="d:\project\alkaros\tests\buildingblocks\idempotency\bin\debug\net8.0\alkaros.idempotency.tests.dll" id="e88b28b6-5a03-6f00-eea9-a857120dd512">
      <Execution id="8a17811e-7940-4184-924b-60ac5c685a09" />
      <TestMethod codeBase="D:\PROJECT\ALKAROS\tests\BuildingBlocks\Idempotency\bin\Debug\net8.0\ALKAROS.Idempotency.Tests.dll" adapterTypeName="executor://xunit/VsTestRunner2/netcoreapp" className="ALKAROS.Idempotency.Tests.IdempotencyKeyTests" name="ConstructorEmptyOperationIdThrows" />
    </UnitTest>
    <UnitTest name="ALKAROS.Idempotency.Tests.IdempotencyKeyTests.ConstructorWhitespaceClientIdThrows(clientId: null)" storage="d:\project\alkaros\tests\buildingblocks\idempotency\bin\debug\net8.0\alkaros.idempotency.tests.dll" id="afab77c3-edc1-8bed-4f16-cda5513eaa48">
      <Execution id="160eded7-e12a-4085-998a-8210bac7fafd" />
      <TestMethod codeBase="D:\PROJECT\ALKAROS\tests\BuildingBlocks\Idempotency\bin\Debug\net8.0\ALKAROS.Idempotency.Tests.dll" adapterTypeName="executor://xunit/VsTestRunner2/netcoreapp" className="ALKAROS.Idempotency.Tests.IdempotencyKeyTests" name="ConstructorWhitespaceClientIdThrows" />
    </UnitTest>
[...]
      <Execution id="26165b21-1fd4-482b-b4c6-5d4e038725e9" />
      <TestMethod codeBase="D:\PROJECT\ALKAROS\tests\BuildingBlocks\Idempotency\bin\Debug\net8.0\ALKAROS.Idempotency.Tests.dll" adapterTypeName="executor://xunit/VsTestRunner2/netcoreapp" className="ALKAROS.Idempotency.Tests.EnvelopeValidationTests" name="OutboxEnvelopeNullPayloadThrows" />
    </UnitTest>
    <UnitTest name="ALKAROS.Idempotency.Tests.EnvelopeValidationTests.InboxEnvelopeInvalidSourceThrows(source: &quot; &quot;)" storage="d:\project\alkaros\tests\buildingblocks\idempotency\bin\debug\net8.0\alkaros.idempotency.tests.dll" id="0eb49845-4500-3410-315d-36a3bfa6eda0">
      <Execution id="877aa462-66cc-45c4-b992-97c96ae81f2f" />
      <TestMethod codeBase="D:\PROJECT\ALKAROS\tests\BuildingBlocks\Idempotency\bin\Debug\net8.0\ALKAROS.Idempotency.Tests.dll" adapterTypeName="executor://xunit/VsTestRunner2/netcoreapp" className="ALKAROS.Idempotency.Tests.EnvelopeValidationTests" name="InboxEnvelopeInvalidSourceThrows" />
    </UnitTest>
    <UnitTest name="ALKAROS.Idempotency.Tests.InboxRedeliveryContractTests.RedeliveryAfterAckLossCarriesAttemptCountAndNoDuplicateSideEffect" storage="d:\project\alkaros\tests\buildingblocks\idempotency\bin\debug\net8.0\alkaros.idempotency.tests.dll" id="c46676e9-679e-2ae0-7ed2-9a053e4f43a6">
      <Execution id="e51b1c72-369e-4c07-8d8a-ab07013b1b17" />
      <TestMethod codeBase="D:\PROJECT\ALKAROS\tests\BuildingBlocks\Idempotency\bin\Debug\net8.0\ALKAROS.Idempotency.Tests.dll" adapterTypeName="executor://xunit/VsTestRunner2/netcoreapp" className="ALKAROS.Idempotency.Tests.InboxRedeliveryContractTests" name="RedeliveryAfterAckLossCarriesAttemptCountAndNoDuplicateSideEffect" />
    </UnitTest>
    <UnitTest name="ALKAROS.Idempotency.Tests.RetryPolicyTests.NextRetryDelayZeroCompletedAttemptsThrows" storage="d:\project\alkaros\tests\buildingblocks\idempotency\bin\debug\net8.0\alkaros.idempotency.tests.dll" id="a6915049-7159-2512-0b45-0629d3c7bd9a">
      <Execution id="d94c5c08-262f-4b43-97d1-7260e5d80318" />
      <TestMethod codeBase="D:\PROJECT\ALKAROS\tests\BuildingBlocks\Idempotency\bin\Debug\net8.0\ALKAROS.Idempotency.Tests.dll" adapterTypeName="executor://xunit/VsTestRunner2/netcoreapp" className="ALKAROS.Idempotency.Tests.RetryPolicyTests" name="NextRetryDelayZeroCompletedAttemptsThrows" />
    </UnitTest>
    <UnitTest name="ALKAROS.Idempotency.Tests.RetrySqlIdentifierTests.RegisteredIdentifiersPassTheGuardAndReachCommandExecution(tableName: &quot;inbox_messages&quot;)" storage="d:\project\alkaros\tests\buildingblocks\idempotency\bin\debug\net8.0\alkaros.idempotency.tests.dll" id="c2cab594-8bc8-0f10-d650-fe2b64aaf961">
      <Execution id="90a5ec15-e7cb-4343-a844-36fe890f965e" />
      <TestMethod codeBase="D:\PROJECT\ALKAROS\tests\BuildingBlocks\Idempotency\bin\Debug\net8.0\ALKAROS.Idempotency.Tests.dll" adapterTypeName="executor://xunit/VsTestRunner2/netcoreapp" className="ALKAROS.Idempotency.Tests.RetrySqlIdentifierTests" name="RegisteredIdentifiersPassTheGuardAndReachCommandExecution" />
    </UnitTest>
    <UnitTest name="ALKAROS.Idempotency.Tests.IdempotencyKeyStoreTests.RegisterOrReplayFirstUseReturnsCreatedAndStoresEnvelope" storage="d:\project\alkaros\tests\buildingblocks\idempotency\bin\debug\net8.0\alkaros.idempotency.tests.dll" id="1190b577-036a-5ffe-aa33-c27bfbfad53b">
      <Execution id="eb757ca8-60d4-4918-a4d4-bda8a53275c7" />
      <TestMethod codeBase="D:\PROJECT\ALKAROS\tests\BuildingBlocks\Idempotency\bin\Debug\net8.0\ALKAROS.Idempotency.Tests.dll" adapterTypeName="executor://xunit/VsTestRunner2/netcoreapp" className="ALKAROS.Idempotency.Tests.IdempotencyKeyStoreTests" name="RegisterOrReplayFirstUseReturnsCreatedAndStoresEnvelope" />
    </UnitTest>
    <UnitTest name="ALKAROS.Idempotency.Tests.OutboxStoreTests.DispatchDeadLetterMessageIsNotClaimedAgain" storage="d:\project\alkaros\tests\buildingblocks\idempotency\bin\debug\net8.0\alkaros.idempotency.tests.dll" id="e64cfde8-6946-a538-66f8-3aba83d3a931">
      <Execution id="6d9183ad-b3cc-4b09-9bf0-4152c6b9e8ff" />
      <TestMethod codeBase="D:\PROJECT\ALKAROS\tests\BuildingBlocks\Idempotency\bin\Debug\net8.0\ALKAROS.Idempotency.Tests.dll" adapterTypeName="executor://xunit/VsTestRunner2/netcoreapp" className="ALKAROS.Idempotency.Tests.OutboxStoreTests" name="DispatchDeadLetterMessageIsNotClaimedAgain" />
    </UnitTest>
    <UnitTest name="ALKAROS.Idempotency.Tests.IdempotencyKeyStoreTests.RegisterOrReplayExpiredKeySameHashRegistersNewOperation" storage="d:\project\alkaros\tests\buildingblocks\idempotency\bin\debug\net8.0\alkaros.idempotency.tests.dll" id="0a00a5f5-3387-97a2-1af6-365fe16e31dd">
      <Execution id="f9b80e1a-e2e3-4365-af79-fada4703d575" />
      <TestMethod codeBase="D:\PROJECT\ALKAROS\tests\BuildingBlocks\Idempotency\bin\Debug\net8.0\ALKAROS.Idempotency.Tests.dll" adapterTypeName="executor://xunit/VsTestRunner2/netcoreapp" className="ALKAROS.Idempotency.Tests.IdempotencyKeyStoreTests" name="RegisterOrReplayExpiredKeySameHashRegistersNewOperation" />
    </UnitTest>
    <UnitTest name="ALKAROS.Idempotency.Tests.EnvelopeValidationTests.OutboxEnvelopeInvalidEventTypeThrows(eventType: null)" storage="d:\project\alkaros\tests\buildingblocks\idempotency\bin\debug\net8.0\alkaros.idempotency.tests.dll" id="a00d30ab-00d1-be81-cdfb-4f294c5edb38">
      <Execution id="a897b446-0473-4727-a3ca-3ea8a679179a" />
      <TestMethod codeBase="D:\PROJECT\ALKAROS\tests\BuildingBlocks\Idempotency\bin\Debug\net8.0\ALKAROS.Idempotency.Tests.dll" adapterTypeName="executor://xunit/VsTestRunner2/netcoreapp" className="ALKAROS.Idempotency.Tests.EnvelopeValidationTests" name="OutboxEnvelopeInvalidEventTypeThrows" />
    </UnitTest>
  </TestDefinitions>
  <TestEntries>
    <TestEntry testId="afd112b4-4899-e668-e251-6b57ef909844" executionId="4fc37148-cab5-40e3-8a38-3cefac90f592" testListId="8c84fa94-04c1-424b-9868-57a2d4851a1d" />
    <TestEntry testId="b2c5d15a-4806-220b-ea56-4a1b58433c7c" executionId="f17c3ef8-5e02-4f59-a041-25c386f21775" testListId="8c84fa94-04c1-424b-9868-57a2d4851a1d" />
    <TestEntry testId="6c29677f-34a1-16ad-a803-da6487d2e6e3" executionId="9ccc43c3-00b5-404c-bfee-cb15091db034" testListId="8c84fa94-04c1-424b-9868-57a2d4851a1d" />
    <TestEntry testId="35f5c44e-411d-8426-a874-9c09863c8a04" executionId="09e47b18-1880-4277-8e9e-b5275d845d2d" testListId="8c84fa94-04c1-424b-9868-57a2d4851a1d" />
    <TestEntry testId="c9784506-0724-83c5-707f-fd3634830f13" executionId="332f94fe-941b-4071-aba0-c49567bcad93" testListId="8c84fa94-04c1-424b-9868-57a2d4851a1d" />
    <TestEntry testId="1190b577-036a-5ffe-aa33-c27bfbfad53b" executionId="eb757ca8-60d4-4918-a4d4-bda8a53275c7" testListId="8c84fa94-04c1-424b-9868-57a2d4851a1d" />
    <TestEntry testId="cc977dd7-8927-31ec-efeb-9d226814ff7c" executionId="e518165b-34a6-4e04-b2e0-e81fd6610f03" testListId="8c84fa94-04c1-424b-9868-57a2d4851a1d" />
    <TestEntry testId="c46676e9-679e-2ae0-7ed2-9a053e4f43a6" executionId="e51b1c72-369e-4c07-8d8a-ab07013b1b17" testListId="8c84fa94-04c1-424b-9868-57a2d4851a1d" />
    <TestEntry testId="fcf1f4c6-ce41-192c-3e12-1a92c16ab82b" executionId="e485a220-abb9-4751-ba34-581f2ea4c23d" testListId="8c84fa94-04c1-424b-9868-57a2d4851a1d" />
    <TestEntry testId="4e07c47a-75f6-e5fb-6117-65de88566648" executionId="545cc9e4-dba9-4701-8e60-883e8621d0dd" testListId="8c84fa94-04c1-424b-9868-57a2d4851a1d" />
    <TestEntry testId="7f483b71-936d-0063-acb7-b75158f4a174" executionId="2fd9b4d9-4f27-4103-ab22-147d31b97580" testListId="8c84fa94-04c1-424b-9868-57a2d4851a1d" />
    <TestEntry testId="3eb40130-3a29-4a28-bc9d-eaaa7aaf37c0" executionId="8747aa76-71da-41ed-984f-f010e37f12c5" testListId="8c84fa94-04c1-424b-9868-57a2d4851a1d" />
    <TestEntry testId="9efa43d3-54f9-76ee-d5f2-8b358fc0c400" executionId="812205af-8585-4f0f-9dbd-7310ae09f8a2" testListId="8c84fa94-04c1-424b-9868-57a2d4851a1d" />
    <TestEntry testId="a00d30ab-00d1-be81-cdfb-4f294c5edb38" executionId="a897b446-0473-4727-a3ca-3ea8a679179a" testListId="8c84fa94-04c1-424b-9868-57a2d4851a1d" />
    <TestEntry testId="a78d4f55-2d85-80a7-d93f-71054687d40a" executionId="92489539-9fb9-4638-baa5-2ada7bf74025" testListId="8c84fa94-04c1-424b-9868-57a2d4851a1d" />
    <TestEntry testId="7d9c8010-92d4-5fef-3343-366f5059a0ae" executionId="9abd6a2c-04d5-49de-a66b-7f30c470f10e" testListId="8c84fa94-04c1-424b-9868-57a2d4851a1d" />
    <TestEntry testId="1de7c2b5-5482-da52-df3e-568df067a44e" executionId="747bf2ce-511d-4858-b1d4-c6cde7e2b9b2" testListId="8c84fa94-04c1-424b-9868-57a2d4851a1d" />
    <TestEntry testId="afab77c3-edc1-8bed-4f16-cda5513eaa48" executionId="160eded7-e12a-4085-998a-8210bac7fafd" testListId="8c84fa94-04c1-424b-9868-57a2d4851a1d" />
    <TestEntry testId="685c6083-ff75-7bd5-4ca5-cb663323dcd9" executionId="71d9f8ef-0068-46ac-87ce-b06e1204301c" testListId="8c84fa94-04c1-424b-9868-57a2d4851a1d" />
    <TestEntry testId="3c566600-8a21-0527-8a6c-45108d68b034" executionId="c2c9ea17-dedc-48c6-80f1-6008d2053f7d" testListId="8c84fa94-04c1-424b-9868-57a2d4851a1d" />
    <TestEntry testId="8004444f-a9ee-8157-b00b-63fa9bff8399" executionId="98859738-cc5f-4f0a-8eb8-e24627540323" testListId="8c84fa94-04c1-424b-9868-57a2d4851a1d" />
    <TestEntry testId="74caced9-c829-9c03-947d-dbaa7887e631" executionId="56d156e0-fe6f-437e-9ee9-f040c17a7700" testListId="8c84fa94-04c1-424b-9868-57a2d4851a1d" />
    <TestEntry testId="96c29b2f-edc4-b63d-b1d1-ce6f825c7528" executionId="6dd031e4-6938-4545-8b59-ebca7eb7f0aa" testListId="8c84fa94-04c1-424b-9868-57a2d4851a1d" />
    <TestEntry testId="e275afb9-3323-799b-ee1d-1fe9241ae176" executionId="a2e4c74e-ad1c-421e-b91f-9defdfc1de6d" testListId="8c84fa94-04c1-424b-9868-57a2d4851a1d" />
    <TestEntry testId="e88b28b6-5a03-6f00-eea9-a857120dd512" executionId="8a17811e-7940-4184-924b-60ac5c685a09" testListId="8c84fa94-04c1-424b-9868-57a2d4851a1d" />
    <TestEntry testId="c2cab594-8bc8-0f10-d650-fe2b64aaf961" executionId="90a5ec15-e7cb-4343-a844-36fe890f965e" testListId="8c84fa94-04c1-424b-9868-57a2d4851a1d" />
    <TestEntry testId="d490b17b-e1e2-1f3e-9d56-928692609344" executionId="0f1a8bc4-4aa7-4232-abec-21564361f523" testListId="8c84fa94-04c1-424b-9868-57a2d4851a1d" />
    <TestEntry testId="07c0d3bb-883a-6b7e-bf25-55a5c9b6b9e3" executionId="d47fdbf7-4dff-45bc-8860-458fc08fd2f9" testListId="8c84fa94-04c1-424b-9868-57a2d4851a1d" />
    <TestEntry testId="ab84022b-44dd-00ff-72af-a6e53bf7ff86" executionId="c392a040-1519-4be4-811d-b5a4e9da5f47" testListId="8c84fa94-04c1-424b-9868-57a2d4851a1d" />
    <TestEntry testId="a75a3b83-3feb-0b0b-6b3c-2d16455c61d1" executionId="19e99c76-e44d-44f8-b129-1c158c800554" testListId="8c84fa94-04c1-424b-9868-57a2d4851a1d" />
    <TestEntry testId="10c15574-ec61-d948-4647-0292ab24b241" executionId="bfecd2cf-6788-475f-a24c-5c782b60ba7e" testListId="8c84fa94-04c1-424b-9868-57a2d4851a1d" />
    <TestEntry testId="e20880a7-4309-3ee9-a98b-7b7b4be96b47" executionId="e2b2a46c-5450-4049-bf6c-0b65c271c3fd" testListId="8c84fa94-04c1-424b-9868-57a2d4851a1d" />
    <TestEntry testId="a2920640-dbaa-20ea-a720-557bf5430481" executionId="053829ca-6f2d-4ede-a0d0-183f6d02f7aa" testListId="8c84fa94-04c1-424b-9868-57a2d4851a1d" />
    <TestEntry testId="1908897c-d988-8627-3296-519a49e396cc" executionId="54d4dd3d-2a3f-48d2-94f5-e30d30d4be22" testListId="8c84fa94-04c1-424b-9868-57a2d4851a1d" />
    <TestEntry testId="14b9ed1a-7038-23bc-8e69-dfc254e789fd" executionId="1cb4a842-ac3e-4af4-aebd-ac9904635a1b" testListId="8c84fa94-04c1-424b-9868-57a2d4851a1d" />
    <TestEntry testId="55acc19b-2894-ece3-2e3c-2c78fea8a493" executionId="1ce61d0d-c3ac-4069-9562-0ce578e9ef01" testListId="8c84fa94-04c1-424b-9868-57a2d4851a1d" />
    <TestEntry testId="d71e79d9-90be-ce0e-4207-1c4d4c157491" executionId="c9d24857-bacf-476d-a64e-155cca1d310e" testListId="8c84fa94-04c1-424b-9868-57a2d4851a1d" />
    <TestEntry testId="2a0ac941-6ae7-f33b-f6d0-b298547e0908" executionId="2d45a18c-5aea-4aa8-ac96-5cd0f05eb3be" testListId="8c84fa94-04c1-424b-9868-57a2d4851a1d" />
    <TestEntry testId="ca8d5ca7-64b1-6f69-fb8e-658cb5c534ce" executionId="481f690e-ecbd-424f-b469-e0ca53668a19" testListId="8c84fa94-04c1-424b-9868-57a2d4851a1d" />
    <TestEntry testId="637db4c1-14a2-6197-8df2-d4c8b2e909a0" executionId="37bf11f2-385f-4d9f-8fd7-3cd7f1b580aa" testListId="8c84fa94-04c1-424b-9868-57a2d4851a1d" />
    <TestEntry testId="f7ab76a3-369c-f2e7-5dfd-5a72c2c64eee" executionId="6aa1366c-ca80-4663-93cd-13cd815a0a2d" testListId="8c84fa94-04c1-424b-9868-57a2d4851a1d" />
    <TestEntry testId="274186cd-c2f9-5350-d55f-f3ab0b781898" executionId="dccbc0f9-fe7f-4d2d-80f5-b30ab9c5dcb1" testListId="8c84fa94-04c1-424b-9868-57a2d4851a1d" />
    <TestEntry testId="a6915049-7159-2512-0b45-0629d3c7bd9a" executionId="d94c5c08-262f-4b43-97d1-7260e5d80318" testListId="8c84fa94-04c1-424b-9868-57a2d4851a1d" />
    <TestEntry testId="cc47c48c-034d-7cef-6cdb-bb809020da61" executionId="6e5b137d-50db-49a6-9de8-8f493a417a82" testListId="8c84fa94-04c1-424b-9868-57a2d4851a1d" />
    <TestEntry testId="e64cfde8-6946-a538-66f8-3aba83d3a931" executionId="6d9183ad-b3cc-4b09-9bf0-4152c6b9e8ff" testListId="8c84fa94-04c1-424b-9868-57a2d4851a1d" />
    <TestEntry testId="5546954c-022f-0d02-3208-e2b340af3a1f" executionId="8cfcfc4a-90ee-45c0-8e04-3966c043aaa7" testListId="8c84fa94-04c1-424b-9868-57a2d4851a1d" />
    <TestEntry testId="0a00a5f5-3387-97a2-1af6-365fe16e31dd" executionId="f9b80e1a-e2e3-4365-af79-fada4703d575" testListId="8c84fa94-04c1-424b-9868-57a2d4851a1d" />
    <TestEntry testId="6dcd83d0-ba64-764a-7fe4-dd517de38416" executionId="cb1961e6-e596-417a-b1ca-36ea4f227a8a" testListId="8c84fa94-04c1-424b-9868-57a2d4851a1d" />
    <TestEntry testId="ef277b59-d7c5-5049-890f-27c01e10d814" executionId="7a4ee595-ac2b-4176-900a-f82c51b510cb" testListId="8c84fa94-04c1-424b-9868-57a2d4851a1d" />
    <TestEntry testId="0eb49845-4500-3410-315d-36a3bfa6eda0" executionId="877aa462-66cc-45c4-b992-97c96ae81f2f" testListId="8c84fa94-04c1-424b-9868-57a2d4851a1d" />
    <TestEntry testId="3a9ffdef-db86-e4e9-b24d-584dc6676b98" executionId="49a3efeb-0f7d-4867-83c2-5ebe202af0e6" testListId="8c84fa94-04c1-424b-9868-57a2d4851a1d" />
    <TestEntry testId="5610ae1b-c9c9-04c8-8de7-f933a20e044f" executionId="85675087-7192-444b-bb54-db7c90a39fe6" testListId="8c84fa94-04c1-424b-9868-57a2d4851a1d" />
    <TestEntry testId="584914d5-9645-8d2b-2130-c9ae55fadada" executionId="b8d971a8-fef5-4535-987d-944266b541bb" testListId="8c84fa94-04c1-424b-9868-57a2d4851a1d" />
    <TestEntry testId="5a0f2478-845b-e106-2eae-3f0c8e472ac1" executionId="6ea1bd45-64a9-4314-8e13-f766eeea9ed7" testListId="8c84fa94-04c1-424b-9868-57a2d4851a1d" />
    <TestEntry testId="a06153ff-6e09-67ae-fa89-a74989e9343a" executionId="53bff2dc-f7f7-4ea3-9049-6022848ff986" testListId="8c84fa94-04c1-424b-9868-57a2d4851a1d" />
    <TestEntry testId="1f518b4f-bca8-f201-ab24-bc63fb29e0f4" executionId="2e3b5082-448f-4929-b873-5ebdc413deba" testListId="8c84fa94-04c1-424b-9868-57a2d4851a1d" />
    <TestEntry testId="cf8dd8ba-4791-0b51-3e52-d10ed6ce0f6c" executionId="d249bfcf-8a54-43ab-9fd9-0561f4e0457c" testListId="8c84fa94-04c1-424b-9868-57a2d4851a1d" />
    <TestEntry testId="aaefda08-920b-39f5-d6a8-e23369cdb467" executionId="e28e6657-e3b4-42fe-a927-36bf9c254d6e" testListId="8c84fa94-04c1-424b-9868-57a2d4851a1d" />
    <TestEntry testId="0e13e160-ed7b-baf0-07fb-53eb92f43f7a" executionId="60ed3d9a-3f20-4dad-9d42-5a574a7297e6" testListId="8c84fa94-04c1-424b-9868-57a2d4851a1d" />
    <TestEntry testId="0d1a361f-9dd4-4e69-12c5-42a9a674eda8" executionId="85334b6a-3eac-4fea-a2c8-3805573607a7" testListId="8c84fa94-04c1-424b-9868-57a2d4851a1d" />
    <TestEntry testId="80123698-32a9-f188-e682-ab5b17aa4b93" executionId="6ef1096a-bdf7-4c4e-a89f-13013d904ef7" testListId="8c84fa94-04c1-424b-9868-57a2d4851a1d" />
    <TestEntry testId="68e5f9aa-4482-6947-9101-9d03a3578673" executionId="ef0ac250-50e0-4694-9e9b-fb905689fc3c" testListId="8c84fa94-04c1-424b-9868-57a2d4851a1d" />
    <TestEntry testId="85ecc1b9-2e08-e669-eb97-f7447174d12f" executionId="55739d23-ee19-45ad-98f6-0f73c758e6c3" testListId="8c84fa94-04c1-424b-9868-57a2d4851a1d" />
    <TestEntry testId="b06c1aa2-9b0a-ac32-f1be-5a3f7db057f6" executionId="ce4c6df0-220c-4ece-b74e-6bf1f7a89069" testListId="8c84fa94-04c1-424b-9868-57a2d4851a1d" />
    <TestEntry testId="4f7b981c-2bd1-4b1a-b120-7cd63fed3818" executionId="eecad33c-9982-47eb-b2d0-8632eef1e62e" testListId="8c84fa94-04c1-424b-9868-57a2d4851a1d" />
    <TestEntry testId="31b31fee-6e7e-7fce-36a2-e0b4a3fc3134" executionId="2a6a2f5c-0d78-495b-b4cb-82cfe2bb75e2" testListId="8c84fa94-04c1-424b-9868-57a2d4851a1d" />
    <TestEntry testId="f82df1aa-9303-7b9a-7241-d604b98a119e" executionId="aab481b6-e3aa-4056-8ebc-61eda20de3a8" testListId="8c84fa94-04c1-424b-9868-57a2d4851a1d" />
    <TestEntry testId="d752ae4a-ee43-c85e-505c-088298a512bc" executionId="2aba52b1-60bd-4ff2-8cd2-3c1c97ff8dfa" testListId="8c84fa94-04c1-424b-9868-57a2d4851a1d" />
    <TestEntry testId="ca774864-dcef-5770-f519-d685a625e992" executionId="1b5b3963-f3a2-44de-a618-8af98ba58e0e" testListId="8c84fa94-04c1-424b-9868-57a2d4851a1d" />
    <TestEntry testId="78af2e37-22c2-9a22-9c17-b8ad3833c5f8" executionId="24a44642-1e0c-477b-b051-a63382df50f0" testListId="8c84fa94-04c1-424b-9868-57a2d4851a1d" />
    <TestEntry testId="7334e02c-e98f-5f7f-05ba-f34c00b23aea" executionId="c8686b84-b443-4751-9cc6-f70fcd4fb35c" testListId="8c84fa94-04c1-424b-9868-57a2d4851a1d" />
    <TestEntry testId="a346fe94-fc53-f53c-c98b-745d31157b99" executionId="b1f97e13-c7f4-4a82-8a19-1a660d471d30" testListId="8c84fa94-04c1-424b-9868-57a2d4851a1d" />
    <TestEntry testId="74048095-7e5f-8903-28cd-81bb408c447b" executionId="365ec079-292d-43e3-adc1-388a1df0bf49" testListId="8c84fa94-04c1-424b-9868-57a2d4851a1d" />
    <TestEntry testId="baf4b933-078b-6419-67ba-a1c5ca60dedb" executionId="df41a931-511c-4689-83df-c898b8fd640e" testListId="8c84fa94-04c1-424b-9868-57a2d4851a1d" />
    <TestEntry testId="a503120e-eaa3-b02a-68d8-578b15ce19aa" executionId="2a4c3e49-3b0d-4b52-a996-b1cfb1dc93eb" testListId="8c84fa94-04c1-424b-9868-57a2d4851a1d" />
    <TestEntry testId="4f74e1b0-43f3-c55c-df10-534e635189c2" executionId="d1c81119-b795-4a34-a060-da7872eaf004" testListId="8c84fa94-04c1-424b-9868-57a2d4851a1d" />
    <TestEntry testId="f12036c5-1df3-b9c3-9637-bd5b7338a767" executionId="cf2cbef0-1d78-40a4-aa43-b3968735e206" testListId="8c84fa94-04c1-424b-9868-57a2d4851a1d" />
    <TestEntry testId="ffaee9bc-85fa-a200-ed49-f124957e8539" executionId="cf556119-6f2d-47fc-a1c5-2af54510660a" testListId="8c84fa94-04c1-424b-9868-57a2d4851a1d" />
    <TestEntry testId="fbc94bc4-71b0-a899-c70a-4aaf3d715ce4" executionId="26165b21-1fd4-482b-b4c6-5d4e038725e9" testListId="8c84fa94-04c1-424b-9868-57a2d4851a1d" />
    <TestEntry testId="35badc59-3464-0703-6a2e-6f9b68ee47ae" executionId="879b66ad-5a61-4a5f-a15d-e0e1bd50aa86" testListId="8c84fa94-04c1-424b-9868-57a2d4851a1d" />
  </TestEntries>
  <TestLists>
    <TestList name="Bir Listede Olmayan Sonuçlar" id="8c84fa94-04c1-424b-9868-57a2d4851a1d" />
    <TestList name="Yüklenen Tüm Sonuçlar" id="19431567-8539-422a-85d7-44ee4e166bda" />
  </TestLists>
  <ResultSummary outcome="Completed">
    <Counters total="80" executed="80" passed="80" failed="0" error="0" timeout="0" aborted="0" inconclusive="0" passedButRunAborted="0" notRunnable="0" notExecuted="0" disconnected="0" warning="0" completed="0" inProgress="0" pending="0" />
    <Output>
      <StdOut>[xUnit.net 00:00:00.00] xUnit.net VSTest Adapter v2.8.2+699d445a1a (64-bit .NET 8.0.29)&#xD;
[xUnit.net 00:00:00.08]   Discovering: ALKAROS.Idempotency.Tests&#xD;
[xUnit.net 00:00:00.15]   Discovered:  ALKAROS.Idempotency.Tests&#xD;
[xUnit.net 00:00:00.15]   Starting:    ALKAROS.Idempotency.Tests&#xD;
[xUnit.net 00:00:01.82]   Finished:    ALKAROS.Idempotency.Tests&#xD;
</StdOut>
    </Output>
  </ResultSummary>
</TestRun>