<?xml version="1.0" encoding="utf-8"?>
<TestRun id="1ccc8551-e764-4868-9e55-2a28dcfdc52b" name="semih@SEMIH 2026-08-05 08:33:39" runUser="SEMIH\semih" xmlns="http://microsoft.com/schemas/VisualStudio/TeamTest/2010">
  <Times creation="2026-08-05T08:33:39.6451775+03:00" queuing="2026-08-05T08:33:39.6451778+03:00" start="2026-08-05T08:33:38.1607094+03:00" finish="2026-08-05T08:33:39.8503213+03:00" />
  <TestSettings name="default" id="d770e7b9-9d1a-4d53-9a9d-0659a2b1b631">
    <Deployment runDeploymentRoot="semih_SEMIH_2026-08-05_08_33_39" />
  </TestSettings>
  <Results>
    <UnitTestResult executionId="f5c68fe6-2c46-4d14-bc9e-ff1328c279f7" testId="e5eb66ee-e240-8ed4-7d4a-4dba60d9f530" testName="ALKAROS.TransactionOutboxIntegration.Tests.TransactionOutboxIntegrationTests.PostCommitDispatchDeliversCommittedRecords" computerName="SEMIH" duration="00:00:00.0190959" startTime="2026-08-05T08:33:39.5029255+03:00" endTime="2026-08-05T08:33:39.5029258+03:00" testType="13cdc9d9-ddb5-4fa4-a97d-d965ccfc6d4b" outcome="Passed" testListId="8c84fa94-04c1-424b-9868-57a2d4851a1d" relativeResultsDirectory="f5c68fe6-2c46-4d14-bc9e-ff1328c279f7" />
    <UnitTestResult executionId="06af8897-f0d4-4080-9662-a9d070357356" testId="a0bb7b4e-ca69-5f44-a39b-314061555e84" testName="ALKAROS.TransactionOutboxIntegration.Tests.TransactionOutboxIntegrationTests.CommitFailureLeavesNoOutboxRecordAndNoDispatch" computerName="SEMIH" duration="00:00:00.0107869" startTime="2026-08-05T08:33:39.5141712+03:00" endTime="2026-08-05T08:33:39.5141715+03:00" testType="13cdc9d9-ddb5-4fa4-a97d-d965ccfc6d4b" outcome="Passed" testListId="8c84fa94-04c1-424b-9868-57a2d4851a1d" relativeResultsDirectory="06af8897-f0d4-4080-9662-a9d070357356" />
    <UnitTestResult executionId="9235f024-4493-41ac-ac49-bcae2cbbf50f" testId="9f9acdb5-3960-57a3-c96c-f9cd0d3c8a63" testName="ALKAROS.TransactionOutboxIntegration.Tests.TransactionOutboxIntegrationTests.OutboxCommitFailureRollsBackAllRowsAndPropagatesTypedError" computerName="SEMIH" duration="00:00:00.0245572" startTime="2026-08-05T08:33:39.6359072+03:00" endTime="2026-08-05T08:33:39.6359076+03:00" testType="13cdc9d9-ddb5-4fa4-a97d-d965ccfc6d4b" outcome="Passed" testListId="8c84fa94-04c1-424b-9868-57a2d4851a1d" relativeResultsDirectory="9235f024-4493-41ac-ac49-bcae2cbbf50f" />
    <UnitTestResult executionId="668352cf-51e7-4e37-a48d-b7c2fdfea181" testId="54e17c70-2c01-2aa6-a6b9-72f1a222aac0" testName="ALKAROS.TransactionOutboxIntegration.Tests.TransactionOutboxIntegrationTests.CommitPersistsEnqueuedEnvelopeWithoutDispatch" computerName="SEMIH" duration="00:00:00.0139882" startTime="2026-08-05T08:33:39.5578932+03:00" endTime="2026-08-05T08:33:39.5578934+03:00" testType="13cdc9d9-ddb5-4fa4-a97d-d965ccfc6d4b" outcome="Passed" testListId="8c84fa94-04c1-424b-9868-57a2d4851a1d" relativeResultsDirectory="668352cf-51e7-4e37-a48d-b7c2fdfea181" />
    <UnitTestResult executionId="60d10372-0ccc-4bad-99dc-779b184d17e0" testId="b669f8cb-40d8-86cf-82f2-572b586266b5" testName="ALKAROS.TransactionOutboxIntegration.Tests.TransactionOutboxIntegrationTests.RestartRecoveryDispatchesCommittedRecords" computerName="SEMIH" duration="00:00:00.0240791" startTime="2026-08-05T08:33:39.4833324+03:00" endTime="2026-08-05T08:33:39.4833330+03:00" testType="13cdc9d9-ddb5-4fa4-a97d-d965ccfc6d4b" outcome="Passed" testListId="8c84fa94-04c1-424b-9868-57a2d4851a1d" relativeResultsDirectory="60d10372-0ccc-4bad-99dc-779b184d17e0" />
    <UnitTestResult executionId="896d1c32-2893-4e37-a7c9-e47d4b3e1c13" testId="dcf7b915-a708-f238-7c86-f92b2344f17c" testName="ALKAROS.TransactionOutboxIntegration.Tests.TransactionOutboxIntegrationTests.DuplicateDeliveryDoesNotProduceSecondBusinessEffect" computerName="SEMIH" duration="00:00:00.1796005" startTime="2026-08-05T08:33:39.4243014+03:00" endTime="2026-08-05T08:33:39.4243259+03:00" testType="13cdc9d9-ddb5-4fa4-a97d-d965ccfc6d4b" outcome="Passed" testListId="8c84fa94-04c1-424b-9868-57a2d4851a1d" relativeResultsDirectory="896d1c32-2893-4e37-a7c9-e47d4b3e1c13" />
    <UnitTestResult executionId="3aef31ab-df4f-481b-9415-deab5fad3195" testId="bee1efd5-e6b2-482b-3047-1780d5205239" testName="ALKAROS.TransactionOutboxIntegration.Tests.TransactionOutboxIntegrationTests.RetryAttemptResetPreventsDuplicateOutboxRows" computerName="SEMIH" duration="00:00:00.0146138" startTime="2026-08-05T08:33:39.6108219+03:00" endTime="2026-08-05T08:33:39.6108222+03:00" testType="13cdc9d9-ddb5-4fa4-a97d-d965ccfc6d4b" outcome="Passed" testListId="8c84fa94-04c1-424b-9868-57a2d4851a1d" relativeResultsDirectory="3aef31ab-df4f-481b-9415-deab5fad3195" />
    <UnitTestResult executionId="8d3f588f-e938-4274-b58c-ca13dcea5119" testId="962348a7-4d25-da4d-e4dc-0ec00c26b20e" testName="ALKAROS.TransactionOutboxIntegration.Tests.TransactionOutboxIntegrationTests.DatabaseScopedCommitRejectsResourceWithoutDatabaseCommit" computerName="SEMIH" duration="00:00:00.0155838" startTime="2026-08-05T08:33:39.4409361+03:00" endTime="2026-08-05T08:33:39.4409366+03:00" testType="13cdc9d9-ddb5-4fa4-a97d-d965ccfc6d4b" outcome="Passed" testListId="8c84fa94-04c1-424b-9868-57a2d4851a1d" relativeResultsDirectory="8d3f588f-e938-4274-b58c-ca13dcea5119" />
    <UnitTestResult executionId="ae988061-3897-4c50-b15d-6a2680f6e820" testId="d6a764bc-df69-a5cd-d611-934aa5734e93" testName="ALKAROS.TransactionOutboxIntegration.Tests.TransactionOutboxIntegrationTests.WorkflowFailureRollsBackWithoutOutboxRecordOrDispatch" computerName="SEMIH" duration="00:00:00.0170512" startTime="2026-08-05T08:33:39.4584983+03:00" endTime="2026-08-05T08:33:39.4584988+03:00" testType="13cdc9d9-ddb5-4fa4-a97d-d965ccfc6d4b" outcome="Passed" testListId="8c84fa94-04c1-424b-9868-57a2d4851a1d" relativeResultsDirectory="ae988061-3897-4c50-b15d-6a2680f6e820" />
    <UnitTestResult executionId="c40acfe4-49a2-4cb6-a0f5-72dbc7f9f500" testId="9a7b89a2-75bb-5d5b-176f-c2b430d44543" testName="ALKAROS.TransactionOutboxIntegration.Tests.TransactionOutboxIntegrationTests.RetryUsesANewTransactionAndCommitsOnlyTheSuccessfulAttempt" computerName="SEMIH" duration="00:00:00.0195010" startTime="2026-08-05T08:33:39.6075224+03:00" endTime="2026-08-05T08:33:39.6075225+03:00" testType="13cdc9d9-ddb5-4fa4-a97d-d965ccfc6d4b" outcome="Passed" testListId="8c84fa94-04c1-424b-9868-57a2d4851a1d" relativeResultsDirectory="c40acfe4-49a2-4cb6-a0f5-72dbc7f9f500" />
    <UnitTestResult executionId="ef96f609-49ea-4784-95d9-d0aa50fc6008" testId="439eb800-6364-970e-841a-ddf1ebe282ac" testName="ALKAROS.TransactionOutboxIntegration.Tests.TransactionOutboxIntegrationTests.DomainWriteAndOutboxEnqueueCommitInTheSameTransaction" computerName="SEMIH" duration="00:00:00.0173495" startTime="2026-08-05T08:33:39.5756667+03:00" endTime="2026-08-05T08:33:39.5756670+03:00" testType="13cdc9d9-ddb5-4fa4-a97d-d965ccfc6d4b" outcome="Passed" testListId="8c84fa94-04c1-424b-9868-57a2d4851a1d" relativeResultsDirectory="ef96f609-49ea-4784-95d9-d0aa50fc6008" />
    <UnitTestResult executionId="44509845-ca84-4aa0-b355-af9113ea6fe9" testId="230f145a-c3f5-b9d2-cc7f-17adc9a9676a" testName="ALKAROS.TransactionOutboxIntegration.Tests.TransactionOutboxIntegrationTests.EnqueuedEnvelopeIsInvisibleBeforeCommit" computerName="SEMIH" duration="00:00:00.0286622" startTime="2026-08-05T08:33:39.5434212+03:00" endTime="2026-08-05T08:33:39.5434213+03:00" testType="13cdc9d9-ddb5-4fa4-a97d-d965ccfc6d4b" outcome="Passed" testListId="8c84fa94-04c1-424b-9868-57a2d4851a1d" relativeResultsDirectory="44509845-ca84-4aa0-b355-af9113ea6fe9" />
  </Results>
  <TestDefinitions>
    <UnitTest name="ALKAROS.TransactionOutboxIntegration.Tests.TransactionOutboxIntegrationTests.DatabaseScopedCommitRejectsResourceWithoutDatabaseCommit" storage="d:\project\alkaros\tests\buildingblocks\transactionoutboxintegration\bin\debug\net8.0\alkaros.transactionoutboxintegration.tests.dll" id="962348a7-4d25-da4d-e4dc-0ec00c26b20e">
      <Execution id="8d3f588f-e938-4274-b58c-ca13dcea5119" />
      <TestMethod codeBase="D:\PROJECT\ALKAROS\tests\BuildingBlocks\TransactionOutboxIntegration\bin\Debug\net8.0\ALKAROS.TransactionOutboxIntegration.Tests.dll" adapterTypeName="executor://xunit/VsTestRunner2/netcoreapp" className="ALKAROS.TransactionOutboxIntegration.Tests.TransactionOutboxIntegrationTests" name="DatabaseScopedCommitRejectsResourceWithoutDatabaseCommit" />
    </UnitTest>
    <UnitTest name="ALKAROS.TransactionOutboxIntegration.Tests.TransactionOutboxIntegrationTests.OutboxCommitFailureRollsBackAllRowsAndPropagatesTypedError" storage="d:\project\alkaros\tests\buildingblocks\transactionoutboxintegration\bin\debug\net8.0\alkaros.transactionoutboxintegration.tests.dll" id="9f9acdb5-3960-57a3-c96c-f9cd0d3c8a63">
      <Execution id="9235f024-4493-41ac-ac49-bcae2cbbf50f" />
      <TestMethod codeBase="D:\PROJECT\ALKAROS\tests\BuildingBlocks\TransactionOutboxIntegration\bin\Debug\net8.0\ALKAROS.TransactionOutboxIntegration.Tests.dll" adapterTypeName="executor://xunit/VsTestRunner2/netcoreapp" className="ALKAROS.TransactionOutboxIntegration.Tests.TransactionOutboxIntegrationTests" name="OutboxCommitFailureRollsBackAllRowsAndPropagatesTypedError" />
    </UnitTest>
    <UnitTest name="ALKAROS.TransactionOutboxIntegration.Tests.TransactionOutboxIntegrationTests.RetryUsesANewTransactionAndCommitsOnlyTheSuccessfulAttempt" storage="d:\project\alkaros\tests\buildingblocks\transactionoutboxintegration\bin\debug\net8.0\alkaros.transactionoutboxintegration.tests.dll" id="9a7b89a2-75bb-5d5b-176f-c2b430d44543">
      <Execution id="c40acfe4-49a2-4cb6-a0f5-72dbc7f9f500" />
      <TestMethod codeBase="D:\PROJECT\ALKAROS\tests\BuildingBlocks\TransactionOutboxIntegration\bin\Debug\net8.0\ALKAROS.TransactionOutboxIntegration.Tests.dll" adapterTypeName="executor://xunit/VsTestRunner2/netcoreapp" className="ALKAROS.TransactionOutboxIntegration.Tests.TransactionOutboxIntegrationTests" name="RetryUsesANewTransactionAndCommitsOnlyTheSuccessfulAttempt" />
    </UnitTest>
    <UnitTest name="ALKAROS.TransactionOutboxIntegration.Tests.TransactionOutboxIntegrationTests.EnqueuedEnvelopeIsInvisibleBeforeCommit" storage="d:\project\alkaros\tests\buildingblocks\transactionoutboxintegration\bin\debug\net8.0\alkaros.transactionoutboxintegration.tests.dll" id="230f145a-c3f5-b9d2-cc7f-17adc9a9676a">
      <Execution id="44509845-ca84-4aa0-b355-af9113ea6fe9" />
      <TestMethod codeBase="D:\PROJECT\ALKAROS\tests\BuildingBlocks\TransactionOutboxIntegration\bin\Debug\net8.0\ALKAROS.TransactionOutboxIntegration.Tests.dll" adapterTypeName="executor://xunit/VsTestRunner2/netcoreapp" className="ALKAROS.TransactionOutboxIntegration.Tests.TransactionOutboxIntegrationTests" name="EnqueuedEnvelopeIsInvisibleBeforeCommit" />
    </UnitTest>
    <UnitTest name="ALKAROS.TransactionOutboxIntegration.Tests.TransactionOutboxIntegrationTests.CommitFailureLeavesNoOutboxRecordAndNoDispatch" storage="d:\project\alkaros\tests\buildingblocks\transactionoutboxintegration\bin\debug\net8.0\alkaros.transactionoutboxintegration.tests.dll" id="a0bb7b4e-ca69-5f44-a39b-314061555e84">
      <Execution id="06af8897-f0d4-4080-9662-a9d070357356" />
      <TestMethod codeBase="D:\PROJECT\ALKAROS\tests\BuildingBlocks\TransactionOutboxIntegration\bin\Debug\net8.0\ALKAROS.TransactionOutboxIntegration.Tests.dll" adapterTypeName="executor://xunit/VsTestRunner2/netcoreapp" className="ALKAROS.TransactionOutboxIntegration.Tests.TransactionOutboxIntegrationTests" name="CommitFailureLeavesNoOutboxRecordAndNoDispatch" />
    </UnitTest>
    <UnitTest name="ALKAROS.TransactionOutboxIntegration.Tests.TransactionOutboxIntegrationTests.DomainWriteAndOutboxEnqueueCommitInTheSameTransaction" storage="d:\project\alkaros\tests\buildingblocks\transactionoutboxintegration\bin\debug\net8.0\alkaros.transactionoutboxintegration.tests.dll" id="439eb800-6364-970e-841a-ddf1ebe282ac">
      <Execution id="ef96f609-49ea-4784-95d9-d0aa50fc6008" />
      <TestMethod codeBase="D:\PROJECT\ALKAROS\tests\BuildingBlocks\TransactionOutboxIntegration\bin\Debug\net8.0\ALKAROS.TransactionOutboxIntegration.Tests.dll" adapterTypeName="executor://xunit/VsTestRunner2/netcoreapp" className="ALKAROS.TransactionOutboxIntegration.Tests.TransactionOutboxIntegrationTests" name="DomainWriteAndOutboxEnqueueCommitInTheSameTransaction" />
    </UnitTest>
    <UnitTest name="ALKAROS.TransactionOutboxIntegration.Tests.TransactionOutboxIntegrationTests.RestartRecoveryDispatchesCommittedRecords" storage="d:\project\alkaros\tests\buildingblocks\transactionoutboxintegration\bin\debug\net8.0\alkaros.transactionoutboxintegration.tests.dll" id="b669f8cb-40d8-86cf-82f2-572b586266b5">
      <Execution id="60d10372-0ccc-4bad-99dc-779b184d17e0" />
      <TestMethod codeBase="D:\PROJECT\ALKAROS\tests\BuildingBlocks\TransactionOutboxIntegration\bin\Debug\net8.0\ALKAROS.TransactionOutboxIntegration.Tests.dll" adapterTypeName="executor://xunit/VsTestRunner2/netcoreapp" className="ALKAROS.TransactionOutboxIntegration.Tests.TransactionOutboxIntegrationTests" name="RestartRecoveryDispatchesCommittedRecords" />
    </UnitTest>
    <UnitTest name="ALKAROS.TransactionOutboxIntegration.Tests.TransactionOutboxIntegrationTests.WorkflowFailureRollsBackWithoutOutboxRecordOrDispatch" storage="d:\project\alkaros\tests\buildingblocks\transactionoutboxintegration\bin\debug\net8.0\alkaros.transactionoutboxintegration.tests.dll" id="d6a764bc-df69-a5cd-d611-934aa5734e93">
      <Execution id="ae988061-3897-4c50-b15d-6a2680f6e820" />
      <TestMethod codeBase="D:\PROJECT\ALKAROS\tests\BuildingBlocks\TransactionOutboxIntegration\bin\Debug\net8.0\ALKAROS.TransactionOutboxIntegration.Tests.dll" adapterTypeName="executor://xunit/VsTestRunner2/netcoreapp" className="ALKAROS.TransactionOutboxIntegration.Tests.TransactionOutboxIntegrationTests" name="WorkflowFailureRollsBackWithoutOutboxRecordOrDispatch" />
    </UnitTest>
    <UnitTest name="ALKAROS.TransactionOutboxIntegration.Tests.TransactionOutboxIntegrationTests.DuplicateDeliveryDoesNotProduceSecondBusinessEffect" storage="d:\project\alkaros\tests\buildingblocks\transactionoutboxintegration\bin\debug\net8.0\alkaros.transactionoutboxintegration.tests.dll" id="dcf7b915-a708-f238-7c86-f92b2344f17c">
      <Execution id="896d1c32-2893-4e37-a7c9-e47d4b3e1c13" />
      <TestMethod codeBase="D:\PROJECT\ALKAROS\tests\BuildingBlocks\TransactionOutboxIntegration\bin\Debug\net8.0\ALKAROS.TransactionOutboxIntegration.Tests.dll" adapterTypeName="executor://xunit/VsTestRunner2/netcoreapp" className="ALKAROS.TransactionOutboxIntegration.Tests.TransactionOutboxIntegrationTests" name="DuplicateDeliveryDoesNotProduceSecondBusinessEffect" />
    </UnitTest>
    <UnitTest name="ALKAROS.TransactionOutboxIntegration.Tests.TransactionOutboxIntegrationTests.PostCommitDispatchDeliversCommittedRecords" storage="d:\project\alkaros\tests\buildingblocks\transactionoutboxintegration\bin\debug\net8.0\alkaros.transactionoutboxintegration.tests.dll" id="e5eb66ee-e240-8ed4-7d4a-4dba60d9f530">
      <Execution id="f5c68fe6-2c46-4d14-bc9e-ff1328c279f7" />
      <TestMethod codeBase="D:\PROJECT\ALKAROS\tests\BuildingBlocks\TransactionOutboxIntegration\bin\Debug\net8.0\ALKAROS.TransactionOutboxIntegration.Tests.dll" adapterTypeName="executor://xunit/VsTestRunner2/netcoreapp" className="ALKAROS.TransactionOutboxIntegration.Tests.TransactionOutboxIntegrationTests" name="PostCommitDispatchDeliversCommittedRecords" />
    </UnitTest>
    <UnitTest name="ALKAROS.TransactionOutboxIntegration.Tests.TransactionOutboxIntegrationTests.RetryAttemptResetPreventsDuplicateOutboxRows" storage="d:\project\alkaros\tests\buildingblocks\transactionoutboxintegration\bin\debug\net8.0\alkaros.transactionoutboxintegration.tests.dll" id="bee1efd5-e6b2-482b-3047-1780d5205239">
      <Execution id="3aef31ab-df4f-481b-9415-deab5fad3195" />
      <TestMethod codeBase="D:\PROJECT\ALKAROS\tests\BuildingBlocks\TransactionOutboxIntegration\bin\Debug\net8.0\ALKAROS.TransactionOutboxIntegration.Tests.dll" adapterTypeName="executor://xunit/VsTestRunner2/netcoreapp" className="ALKAROS.TransactionOutboxIntegration.Tests.TransactionOutboxIntegrationTests" name="RetryAttemptResetPreventsDuplicateOutboxRows" />
    </UnitTest>
    <UnitTest name="ALKAROS.TransactionOutboxIntegration.Tests.TransactionOutboxIntegrationTests.CommitPersistsEnqueuedEnvelopeWithoutDispatch" storage="d:\project\alkaros\tests\buildingblocks\transactionoutboxintegration\bin\debug\net8.0\alkaros.transactionoutboxintegration.tests.dll" id="54e17c70-2c01-2aa6-a6b9-72f1a222aac0">
      <Execution id="668352cf-51e7-4e37-a48d-b7c2fdfea181" />
      <TestMethod codeBase="D:\PROJECT\ALKAROS\tests\BuildingBlocks\TransactionOutboxIntegration\bin\Debug\net8.0\ALKAROS.TransactionOutboxIntegration.Tests.dll" adapterTypeName="executor://xunit/VsTestRunner2/netcoreapp" className="ALKAROS.TransactionOutboxIntegration.Tests.TransactionOutboxIntegrationTests" name="CommitPersistsEnqueuedEnvelopeWithoutDispatch" />
    </UnitTest>
  </TestDefinitions>
  <TestEntries>
    <TestEntry testId="e5eb66ee-e240-8ed4-7d4a-4dba60d9f530" executionId="f5c68fe6-2c46-4d14-bc9e-ff1328c279f7" testListId="8c84fa94-04c1-424b-9868-57a2d4851a1d" />
    <TestEntry testId="a0bb7b4e-ca69-5f44-a39b-314061555e84" executionId="06af8897-f0d4-4080-9662-a9d070357356" testListId="8c84fa94-04c1-424b-9868-57a2d4851a1d" />
    <TestEntry testId="9f9acdb5-3960-57a3-c96c-f9cd0d3c8a63" executionId="9235f024-4493-41ac-ac49-bcae2cbbf50f" testListId="8c84fa94-04c1-424b-9868-57a2d4851a1d" />
    <TestEntry testId="54e17c70-2c01-2aa6-a6b9-72f1a222aac0" executionId="668352cf-51e7-4e37-a48d-b7c2fdfea181" testListId="8c84fa94-04c1-424b-9868-57a2d4851a1d" />
    <TestEntry testId="b669f8cb-40d8-86cf-82f2-572b586266b5" executionId="60d10372-0ccc-4bad-99dc-779b184d17e0" testListId="8c84fa94-04c1-424b-9868-57a2d4851a1d" />
    <TestEntry testId="dcf7b915-a708-f238-7c86-f92b2344f17c" executionId="896d1c32-2893-4e37-a7c9-e47d4b3e1c13" testListId="8c84fa94-04c1-424b-9868-57a2d4851a1d" />
    <TestEntry testId="bee1efd5-e6b2-482b-3047-1780d5205239" executionId="3aef31ab-df4f-481b-9415-deab5fad3195" testListId="8c84fa94-04c1-424b-9868-57a2d4851a1d" />
    <TestEntry testId="962348a7-4d25-da4d-e4dc-0ec00c26b20e" executionId="8d3f588f-e938-4274-b58c-ca13dcea5119" testListId="8c84fa94-04c1-424b-9868-57a2d4851a1d" />
    <TestEntry testId="d6a764bc-df69-a5cd-d611-934aa5734e93" executionId="ae988061-3897-4c50-b15d-6a2680f6e820" testListId="8c84fa94-04c1-424b-9868-57a2d4851a1d" />
    <TestEntry testId="9a7b89a2-75bb-5d5b-176f-c2b430d44543" executionId="c40acfe4-49a2-4cb6-a0f5-72dbc7f9f500" testListId="8c84fa94-04c1-424b-9868-57a2d4851a1d" />
    <TestEntry testId="439eb800-6364-970e-841a-ddf1ebe282ac" executionId="ef96f609-49ea-4784-95d9-d0aa50fc6008" testListId="8c84fa94-04c1-424b-9868-57a2d4851a1d" />
    <TestEntry testId="230f145a-c3f5-b9d2-cc7f-17adc9a9676a" executionId="44509845-ca84-4aa0-b355-af9113ea6fe9" testListId="8c84fa94-04c1-424b-9868-57a2d4851a1d" />
  </TestEntries>
  <TestLists>
    <TestList name="Bir Listede Olmayan Sonuçlar" id="8c84fa94-04c1-424b-9868-57a2d4851a1d" />
    <TestList name="Yüklenen Tüm Sonuçlar" id="19431567-8539-422a-85d7-44ee4e166bda" />
  </TestLists>
  <ResultSummary outcome="Completed">
    <Counters total="12" executed="12" passed="12" failed="0" error="0" timeout="0" aborted="0" inconclusive="0" passedButRunAborted="0" notRunnable="0" notExecuted="0" disconnected="0" warning="0" completed="0" inProgress="0" pending="0" />
    <Output>
      <StdOut>[xUnit.net 00:00:00.00] xUnit.net VSTest Adapter v2.8.2+699d445a1a (64-bit .NET 8.0.29)&#xD;
[xUnit.net 00:00:00.08]   Discovering: ALKAROS.TransactionOutboxIntegration.Tests&#xD;
[xUnit.net 00:00:00.12]   Discovered:  ALKAROS.TransactionOutboxIntegration.Tests&#xD;
[xUnit.net 00:00:00.12]   Starting:    ALKAROS.TransactionOutboxIntegration.Tests&#xD;
[xUnit.net 00:00:01.05]   Finished:    ALKAROS.TransactionOutboxIntegration.Tests&#xD;
</StdOut>
    </Output>
  </ResultSummary>
</TestRun>