<?xml version="1.0" encoding="utf-8"?>
<TestRun id="216b177f-793d-4773-bcfb-f8907e1998bd" name="semih@SEMIH 2026-08-05 07:45:47" runUser="SEMIH\semih" xmlns="http://microsoft.com/schemas/VisualStudio/TeamTest/2010">
  <Times creation="2026-08-05T07:45:47.9650488+03:00" queuing="2026-08-05T07:45:47.9650491+03:00" start="2026-08-05T07:45:47.1207991+03:00" finish="2026-08-05T07:45:48.0291212+03:00" />
  <TestSettings name="default" id="853e6b29-54bd-454d-ab12-a2728fce3b2c">
    <Deployment runDeploymentRoot="semih_SEMIH_2026-08-05_07_45_47" />
  </TestSettings>
  <Results>
    <UnitTestResult executionId="d7c8626d-cbc5-4d84-a210-686ad36fe48e" testId="109cfce1-d089-3bb8-b8fc-2a9affb41c92" testName="ALKAROS.SensitiveData.Tests.Protection.EnvelopeProtectionTests.PayloadRejectsFieldWithoutClassification" computerName="SEMIH" duration="00:00:00.0005223" startTime="2026-08-05T07:45:47.9092222+03:00" endTime="2026-08-05T07:45:47.9092223+03:00" testType="13cdc9d9-ddb5-4fa4-a97d-d965ccfc6d4b" outcome="Passed" testListId="8c84fa94-04c1-424b-9868-57a2d4851a1d" relativeResultsDirectory="d7c8626d-cbc5-4d84-a210-686ad36fe48e" />
    <UnitTestResult executionId="c71a19a7-4563-4ea6-b1da-4d9651c2b5e0" testId="34fcd98b-11ea-0c44-e00f-f6b26d7d759f" testName="ALKAROS.SensitiveData.Tests.Encryption.KeyFailureTests.WrongLengthKeyFailsClosed" computerName="SEMIH" duration="00:00:00.0009692" startTime="2026-08-05T07:45:47.9178288+03:00" endTime="2026-08-05T07:45:47.9178291+03:00" testType="13cdc9d9-ddb5-4fa4-a97d-d965ccfc6d4b" outcome="Passed" testListId="8c84fa94-04c1-424b-9868-57a2d4851a1d" relativeResultsDirectory="c71a19a7-4563-4ea6-b1da-4d9651c2b5e0" />
    <UnitTestResult executionId="7e93bcdb-02f1-4a74-86fd-2d39a2d9fe84" testId="a73ed850-4395-b944-1c00-0a2b690a92c4" testName="ALKAROS.SensitiveData.Tests.Encryption.KeyFailureTests.MissingKeyFailsClosedOnUnprotect" computerName="SEMIH" duration="00:00:00.0008875" startTime="2026-08-05T07:45:47.9150529+03:00" endTime="2026-08-05T07:45:47.9150530+03:00" testType="13cdc9d9-ddb5-4fa4-a97d-d965ccfc6d4b" outcome="Passed" testListId="8c84fa94-04c1-424b-9868-57a2d4851a1d" relativeResultsDirectory="7e93bcdb-02f1-4a74-86fd-2d39a2d9fe84" />
    <UnitTestResult executionId="b06d60df-0597-43cd-a432-a5c7f86d3ae7" testId="cb3b62b8-99d5-34cc-f5dc-d289585676c6" testName="ALKAROS.SensitiveData.Tests.Protection.EnvelopeProtectionTests.ProtectProducesEnvelopeWithoutAnyPlaintextValue" computerName="SEMIH" duration="00:00:00.0963043" startTime="2026-08-05T07:45:47.9091656+03:00" endTime="2026-08-05T07:45:47.9091656+03:00" testType="13cdc9d9-ddb5-4fa4-a97d-d965ccfc6d4b" outcome="Passed" testListId="8c84fa94-04c1-424b-9868-57a2d4851a1d" relativeResultsDirectory="b06d60df-0597-43cd-a432-a5c7f86d3ae7" />
    <UnitTestResult executionId="c8a2ac88-242f-4c26-ad8b-9362f5ef409e" testId="9e001ee1-b35e-9f98-1c28-f2b5f199fb76" testName="ALKAROS.SensitiveData.Tests.MetadataIntegrity.EnvelopeMetadataIntegrityTests.AlteredCreatedAtCannotDecrypt" computerName="SEMIH" duration="00:00:00.0022482" startTime="2026-08-05T07:45:47.9090540+03:00" endTime="2026-08-05T07:45:47.9090541+03:00" testType="13cdc9d9-ddb5-4fa4-a97d-d965ccfc6d4b" outcome="Passed" testListId="8c84fa94-04c1-424b-9868-57a2d4851a1d" relativeResultsDirectory="c8a2ac88-242f-4c26-ad8b-9362f5ef409e" />
    <UnitTestResult executionId="1c54c285-6398-4c66-8fd8-b91494dabe32" testId="2c6ffbaf-cbae-7eda-e0ef-f4b0f41a5318" testName="ALKAROS.SensitiveData.Tests.Retention.RetentionPolicyHookTests.MaxAgeRejectsNegativeDuration" computerName="SEMIH" duration="00:00:00.0008914" startTime="2026-08-05T07:45:47.8323983+03:00" endTime="2026-08-05T07:45:47.8323984+03:00" testType="13cdc9d9-ddb5-4fa4-a97d-d965ccfc6d4b" outcome="Passed" testListId="8c84fa94-04c1-424b-9868-57a2d4851a1d" relativeResultsDirectory="1c54c285-6398-4c66-8fd8-b91494dabe32" />
    <UnitTestResult executionId="b9505d76-b3bf-4a01-a57e-486dc792e33e" testId="c35cba4a-afdd-87fe-da9c-ebf599ea53fb" testName="ALKAROS.SensitiveData.Tests.Retention.RetentionPolicyHookTests.OldEnvelopeIsExpired" computerName="SEMIH" duration="00:00:00.0004335" startTime="2026-08-05T07:45:47.8322575+03:00" endTime="2026-08-05T07:45:47.8322576+03:00" testType="13cdc9d9-ddb5-4fa4-a97d-d965ccfc6d4b" outcome="Passed" testListId="8c84fa94-04c1-424b-9868-57a2d4851a1d" relativeResultsDirectory="b9505d76-b3bf-4a01-a57e-486dc792e33e" />
    <UnitTestResult executionId="5f16cf5f-8332-4929-ab9e-4bf9abeb4e21" testId="637f8c8b-2176-3986-b436-776aff172148" testName="ALKAROS.SensitiveData.Tests.MetadataIntegrity.EnvelopeMetadataIntegrityTests.AlteredKeyIdentityIsRejectedBeforeDecrypt" computerName="SEMIH" duration="00:00:00.0017403" startTime="2026-08-05T07:45:47.9091142+03:00" endTime="2026-08-05T07:45:47.9091143+03:00" testType="13cdc9d9-ddb5-4fa4-a97d-d965ccfc6d4b" outcome="Passed" testListId="8c84fa94-04c1-424b-9868-57a2d4851a1d" relativeResultsDirectory="5f16cf5f-8332-4929-ab9e-4bf9abeb4e21" />
    <UnitTestResult executionId="721f1400-a99d-44b4-a8c4-217f86845d14" testId="443befb8-2eca-4b88-8c66-7f512abf68c0" testName="ALKAROS.SensitiveData.Tests.Protection.PayloadRedactionTests.RedactedLogLineContainsNoSensitiveValue" computerName="SEMIH" duration="00:00:00.0117463" startTime="2026-08-05T07:45:47.8269488+03:00" endTime="2026-08-05T07:45:47.8270545+03:00" testType="13cdc9d9-ddb5-4fa4-a97d-d965ccfc6d4b" outcome="Passed" testListId="8c84fa94-04c1-424b-9868-57a2d4851a1d" relativeResultsDirectory="721f1400-a99d-44b4-a8c4-217f86845d14" />
    <UnitTestResult executionId="8634720f-bf62-41e7-b3f8-b5cb6cdf4cb0" testId="9d7d4821-f29b-a1d2-4dfe-846e1bffc92f" testName="ALKAROS.SensitiveData.Tests.Encryption.KeyFailureTests.MissingKeyFailsClosedOnProtect" computerName="SEMIH" duration="00:00:00.0006882" startTime="2026-08-05T07:45:47.9179273+03:00" endTime="2026-08-05T07:45:47.9179274+03:00" testType="13cdc9d9-ddb5-4fa4-a97d-d965ccfc6d4b" outcome="Passed" testListId="8c84fa94-04c1-424b-9868-57a2d4851a1d" relativeResultsDirectory="8634720f-bf62-41e7-b3f8-b5cb6cdf4cb0" />
    <UnitTestResult executionId="a6962837-de99-4fbd-aae3-e5448b373a2a" testId="aa277117-6714-e505-77c0-a2fac4671331" testName="ALKAROS.SensitiveData.Tests.Retention.RetentionPolicyHookTests.FreshEnvelopeIsNotExpired" computerName="SEMIH" duration="00:00:00.0001660" startTime="2026-08-05T07:45:47.8951407+03:00" endTime="2026-08-05T07:45:47.8951408+03:00" testType="13cdc9d9-ddb5-4fa4-a97d-d965ccfc6d4b" outcome="Passed" testListId="8c84fa94-04c1-424b-9868-57a2d4851a1d" relativeResultsDirectory="a6962837-de99-4fbd-aae3-e5448b373a2a" />
    <UnitTestResult executionId="c5e9a630-ccc5-41a5-9645-94e64e419681" testId="4201b778-a2b8-9da4-3555-f9e653a14be5" testName="ALKAROS.SensitiveData.Tests.Protection.EnvelopeProtectionTests.ProtectThenUnprotectReturnsTheOriginalPayload" computerName="SEMIH" duration="00:00:00.0003908" startTime="2026-08-05T07:45:47.9309207+03:00" endTime="2026-08-05T07:45:47.9309208+03:00" testType="13cdc9d9-ddb5-4fa4-a97d-d965ccfc6d4b" outcome="Passed" testListId="8c84fa94-04c1-424b-9868-57a2d4851a1d" relativeResultsDirectory="c5e9a630-ccc5-41a5-9645-94e64e419681" />
    <UnitTestResult executionId="6b74df8a-ea30-4dc8-80b5-fcc314fd1fa7" testId="2a325430-4637-0d20-7c70-04717b4d6f3c" testName="ALKAROS.SensitiveData.Tests.Authorization.UnauthorizedReadTests.UnauthorizedReadThrowsAndDecryptIsNeverCalled" computerName="SEMIH" duration="00:00:00.0878208" startTime="2026-08-05T07:45:47.9089800+03:00" endTime="2026-08-05T07:45:47.9089800+03:00" testType="13cdc9d9-ddb5-4fa4-a97d-d965ccfc6d4b" outcome="Passed" testListId="8c84fa94-04c1-424b-9868-57a2d4851a1d" relativeResultsDirectory="6b74df8a-ea30-4dc8-80b5-fcc314fd1fa7" />
    <UnitTestResult executionId="4442e657-94ad-49f3-95b0-ef500ffe2977" testId="043016e9-9637-6b34-5793-6227e233e83f" testName="ALKAROS.SensitiveData.Tests.Protection.PayloadRedactionTests.RedactMasksNonPublicFieldsAndKeepsPublicFields" computerName="SEMIH" duration="00:00:00.0011074" startTime="2026-08-05T07:45:47.8323051+03:00" endTime="2026-08-05T07:45:47.8323052+03:00" testType="13cdc9d9-ddb5-4fa4-a97d-d965ccfc6d4b" outcome="Passed" testListId="8c84fa94-04c1-424b-9868-57a2d4851a1d" relativeResultsDirectory="4442e657-94ad-49f3-95b0-ef500ffe2977" />
    <UnitTestResult executionId="b4ca85f2-d4d4-4bd2-8cfa-d9a050ebdeca" testId="74a7dfe2-eec1-0c69-56a2-a19ef1344b9a" testName="ALKAROS.SensitiveData.Tests.Protection.EnvelopeProtectionTests.FromPersistenceBytesRejectsNullJsonWithTypedException" computerName="SEMIH" duration="00:00:00.0003973" startTime="2026-08-05T07:45:47.9333472+03:00" endTime="2026-08-05T07:45:47.9333473+03:00" testType="13cdc9d9-ddb5-4fa4-a97d-d965ccfc6d4b" outcome="Passed" testListId="8c84fa94-04c1-424b-9868-57a2d4851a1d" relativeResultsDirectory="b4ca85f2-d4d4-4bd2-8cfa-d9a050ebdeca" />
    <UnitTestResult executionId="33c99202-1a63-43c5-ae9d-befc90359304" testId="b5e5c80e-3453-c843-cec4-811b59541f65" testName="ALKAROS.SensitiveData.Tests.Encryption.KeyFailureTests.MalformedKeyFailsClosedOnProtect" computerName="SEMIH" duration="00:00:00.0012777" startTime="2026-08-05T07:45:47.9151217+03:00" endTime="2026-08-05T07:45:47.9151218+03:00" testType="13cdc9d9-ddb5-4fa4-a97d-d965ccfc6d4b" outcome="Passed" testListId="8c84fa94-04c1-424b-9868-57a2d4851a1d" relativeResultsDirectory="33c99202-1a63-43c5-ae9d-befc90359304" />
    <UnitTestResult executionId="6b120b85-5916-49b9-942d-422889005fbc" testId="08c3515f-0f13-6a69-ee86-19b05f8bdccc" testName="ALKAROS.SensitiveData.Tests.Authorization.UnauthorizedReadTests.AuthorizedReadDecryptsExactlyOnce" computerName="SEMIH" duration="00:00:00.0136227" startTime="2026-08-05T07:45:47.9126194+03:00" endTime="2026-08-05T07:45:47.9126200+03:00" testType="13cdc9d9-ddb5-4fa4-a97d-d965ccfc6d4b" outcome="Passed" testListId="8c84fa94-04c1-424b-9868-57a2d4851a1d" relativeResultsDirectory="6b120b85-5916-49b9-942d-422889005fbc" />
    <UnitTestResult executionId="ad4958b7-6618-42fb-9c04-30c926b1b08e" testId="d9f71318-e8e8-b5b1-73e7-94ab276141bc" testName="ALKAROS.SensitiveData.Tests.MetadataIntegrity.EnvelopeMetadataIntegrityTests.AlteredClassificationCannotBypassPolicyOrDecrypt" computerName="SEMIH" duration="00:00:00.0873399" startTime="2026-08-05T07:45:47.9082718+03:00" endTime="2026-08-05T07:45:47.9082719+03:00" testType="13cdc9d9-ddb5-4fa4-a97d-d965ccfc6d4b" outcome="Passed" testListId="8c84fa94-04c1-424b-9868-57a2d4851a1d" relativeResultsDirectory="ad4958b7-6618-42fb-9c04-30c926b1b08e" />
    <UnitTestResult executionId="4f0001ac-6b07-416c-b0cb-ab6f1ce5eace" testId="2206693f-c3ce-ca93-b378-9751f51ae867" testName="ALKAROS.SensitiveData.Tests.Authorization.UnauthorizedReadTests.UnauthorizedReadExceptionDoesNotRevealPayloadContent" computerName="SEMIH" duration="00:00:00.0011300" startTime="2026-08-05T07:45:47.9150003+03:00" endTime="2026-08-05T07:45:47.9150004+03:00" testType="13cdc9d9-ddb5-4fa4-a97d-d965ccfc6d4b" outcome="Passed" testListId="8c84fa94-04c1-424b-9868-57a2d4851a1d" relativeResultsDirectory="4f0001ac-6b07-416c-b0cb-ab6f1ce5eace" />
    <UnitTestResult executionId="213bc9b3-bc6d-4f8b-baee-4c5fa8271fd1" testId="60ae47be-5593-2532-1477-24bbba7996e7" testName="ALKAROS.SensitiveData.Tests.Retention.RetentionPolicyHookTests.EnvelopeAtExactlyTheMaxAgeIsNotExpired" computerName="SEMIH" duration="00:00:00.0114144" startTime="2026-08-05T07:45:47.8305687+03:00" endTime="2026-08-05T07:45:47.8305690+03:00" testType="13cdc9d9-ddb5-4fa4-a97d-d965ccfc6d4b" outcome="Passed" testListId="8c84fa94-04c1-424b-9868-57a2d4851a1d" relativeResultsDirectory="213bc9b3-bc6d-4f8b-baee-4c5fa8271fd1" />
    <UnitTestResult executionId="24e425b7-fdf2-41ce-aee6-13c955209dc7" testId="8fb1becc-8a75-0629-5f9a-b291e670601a" testName="ALKAROS.SensitiveData.Tests.Protection.EnvelopeProtectionTests.EnvelopeSurvivesPersistenceRoundTrip" computerName="SEMIH" duration="00:00:00.0224401" startTime="2026-08-05T07:45:47.9304010+03:00" endTime="2026-08-05T07:45:47.9304015+03:00" testType="13cdc9d9-ddb5-4fa4-a97d-d965ccfc6d4b" outcome="Passed" testListId="8c84fa94-04c1-424b-9868-57a2d4851a1d" relativeResultsDirectory="24e425b7-fdf2-41ce-aee6-13c955209dc7" />
    <UnitTestResult executionId="fcc7a0fd-73a2-486e-ba0e-52ad09d60293" testId="937a9a53-0ccd-8388-7f69-c01ff52e49a0" testName="ALKAROS.SensitiveData.Tests.Encryption.KeyFailureTests.TamperedCiphertextFailsIntegrityCheckWithoutPlaintext" computerName="SEMIH" duration="00:00:00.1018440" startTime="2026-08-05T07:45:47.9149084+03:00" endTime="2026-08-05T07:45:47.9149085+03:00" testType="13cdc9d9-ddb5-4fa4-a97d-d965ccfc6d4b" outcome="Passed" testListId="8c84fa94-04c1-424b-9868-57a2d4851a1d" relativeResultsDirectory="fcc7a0fd-73a2-486e-ba0e-52ad09d60293" />
    <UnitTestResult executionId="4a92c7a3-9b67-4e38-8666-740c3160ee88" testId="3af4293d-cce9-930b-769b-d690daaab32d" testName="ALKAROS.SensitiveData.Tests.Protection.EnvelopeProtectionTests.FromPersistenceBytesRejectsMalformedBytesWithTypedException" computerName="SEMIH" duration="00:00:00.0015483" startTime="2026-08-05T07:45:47.9325786+03:00" endTime="2026-08-05T07:45:47.9325789+03:00" testType="13cdc9d9-ddb5-4fa4-a97d-d965ccfc6d4b" outcome="Passed" testListId="8c84fa94-04c1-424b-9868-57a2d4851a1d" relativeResultsDirectory="4a92c7a3-9b67-4e38-8666-740c3160ee88" />
  </Results>
  <TestDefinitions>
    <UnitTest name="ALKAROS.SensitiveData.Tests.MetadataIntegrity.EnvelopeMetadataIntegrityTests.AlteredKeyIdentityIsRejectedBeforeDecrypt" storage="d:\project\alkaros\tests\buildingblocks\security\sensitivedata\bin\debug\net8.0\alkaros.sensitivedata.tests.dll" id="637f8c8b-2176-3986-b436-776aff172148">
      <Execution id="5f16cf5f-8332-4929-ab9e-4bf9abeb4e21" />
      <TestMethod codeBase="D:\PROJECT\ALKAROS\tests\BuildingBlocks\Security\SensitiveData\bin\Debug\net8.0\ALKAROS.SensitiveData.Tests.dll" adapterTypeName="executor://xunit/VsTestRunner2/netcoreapp" className="ALKAROS.SensitiveData.Tests.MetadataIntegrity.EnvelopeMetadataIntegrityTests" name="AlteredKeyIdentityIsRejectedBeforeDecrypt" />
    </UnitTest>
    <UnitTest name="ALKAROS.SensitiveData.Tests.Encryption.KeyFailureTests.MissingKeyFailsClosedOnUnprotect" storage="d:\project\alkaros\tests\buildingblocks\security\sensitivedata\bin\debug\net8.0\alkaros.sensitivedata.tests.dll" id="a73ed850-4395-b944-1c00-0a2b690a92c4">
      <Execution id="7e93bcdb-02f1-4a74-86fd-2d39a2d9fe84" />
      <TestMethod codeBase="D:\PROJECT\ALKAROS\tests\BuildingBlocks\Security\SensitiveData\bin\Debug\net8.0\ALKAROS.SensitiveData.Tests.dll" adapterTypeName="executor://xunit/VsTestRunner2/netcoreapp" className="ALKAROS.SensitiveData.Tests.Encryption.KeyFailureTests" name="MissingKeyFailsClosedOnUnprotect" />
    </UnitTest>
    <UnitTest name="ALKAROS.SensitiveData.Tests.Encryption.KeyFailureTests.MalformedKeyFailsClosedOnProtect" storage="d:\project\alkaros\tests\buildingblocks\security\sensitivedata\bin\debug\net8.0\alkaros.sensitivedata.tests.dll" id="b5e5c80e-3453-c843-cec4-811b59541f65">
      <Execution id="33c99202-1a63-43c5-ae9d-befc90359304" />
      <TestMethod codeBase="D:\PROJECT\ALKAROS\tests\BuildingBlocks\Security\SensitiveData\bin\Debug\net8.0\ALKAROS.SensitiveData.Tests.dll" adapterTypeName="executor://xunit/VsTestRunner2/netcoreapp" className="ALKAROS.SensitiveData.Tests.Encryption.KeyFailureTests" name="MalformedKeyFailsClosedOnProtect" />
    </UnitTest>
    <UnitTest name="ALKAROS.SensitiveData.Tests.Protection.EnvelopeProtectionTests.ProtectThenUnprotectReturnsTheOriginalPayload" storage="d:\project\alkaros\tests\buildingblocks\security\sensitivedata\bin\debug\net8.0\alkaros.sensitivedata.tests.dll" id="4201b778-a2b8-9da4-3555-f9e653a14be5">
      <Execution id="c5e9a630-ccc5-41a5-9645-94e64e419681" />
      <TestMethod codeBase="D:\PROJECT\ALKAROS\tests\BuildingBlocks\Security\SensitiveData\bin\Debug\net8.0\ALKAROS.SensitiveData.Tests.dll" adapterTypeName="executor://xunit/VsTestRunner2/netcoreapp" className="ALKAROS.SensitiveData.Tests.Protection.EnvelopeProtectionTests" name="ProtectThenUnprotectReturnsTheOriginalPayload" />
    </UnitTest>
    <UnitTest name="ALKAROS.SensitiveData.Tests.Protection.EnvelopeProtectionTests.PayloadRejectsFieldWithoutClassification" storage="d:\project\alkaros\tests\buildingblocks\security\sensitivedata\bin\debug\net8.0\alkaros.sensitivedata.tests.dll" id="109cfce1-d089-3bb8-b8fc-2a9affb41c92">
      <Execution id="d7c8626d-cbc5-4d84-a210-686ad36fe48e" />
      <TestMethod codeBase="D:\PROJECT\ALKAROS\tests\BuildingBlocks\Security\SensitiveData\bin\Debug\net8.0\ALKAROS.SensitiveData.Tests.dll" adapterTypeName="executor://xunit/VsTestRunner2/netcoreapp" className="ALKAROS.SensitiveData.Tests.Protection.EnvelopeProtectionTests" name="PayloadRejectsFieldWithoutClassification" />
    </UnitTest>
    <UnitTest name="ALKAROS.SensitiveData.Tests.Protection.EnvelopeProtectionTests.EnvelopeSurvivesPersistenceRoundTrip" storage="d:\project\alkaros\tests\buildingblocks\security\sensitivedata\bin\debug\net8.0\alkaros.sensitivedata.tests.dll" id="8fb1becc-8a75-0629-5f9a-b291e670601a">
      <Execution id="24e425b7-fdf2-41ce-aee6-13c955209dc7" />
      <TestMethod codeBase="D:\PROJECT\ALKAROS\tests\BuildingBlocks\Security\SensitiveData\bin\Debug\net8.0\ALKAROS.SensitiveData.Tests.dll" adapterTypeName="executor://xunit/VsTestRunner2/netcoreapp" className="ALKAROS.SensitiveData.Tests.Protection.EnvelopeProtectionTests" name="EnvelopeSurvivesPersistenceRoundTrip" />
    </UnitTest>
    <UnitTest name="ALKAROS.SensitiveData.Tests.MetadataIntegrity.EnvelopeMetadataIntegrityTests.AlteredCreatedAtCannotDecrypt" storage="d:\project\alkaros\tests\buildingblocks\security\sensitivedata\bin\debug\net8.0\alkaros.sensitivedata.tests.dll" id="9e001ee1-b35e-9f98-1c28-f2b5f199fb76">
      <Execution id="c8a2ac88-242f-4c26-ad8b-9362f5ef409e" />
      <TestMethod codeBase="D:\PROJECT\ALKAROS\tests\BuildingBlocks\Security\SensitiveData\bin\Debug\net8.0\ALKAROS.SensitiveData.Tests.dll" adapterTypeName="executor://xunit/VsTestRunner2/netcoreapp" className="ALKAROS.SensitiveData.Tests.MetadataIntegrity.EnvelopeMetadataIntegrityTests" name="AlteredCreatedAtCannotDecrypt" />
    </UnitTest>
    <UnitTest name="ALKAROS.SensitiveData.Tests.Protection.EnvelopeProtectionTests.FromPersistenceBytesRejectsNullJsonWithTypedException" storage="d:\project\alkaros\tests\buildingblocks\security\sensitivedata\bin\debug\net8.0\alkaros.sensitivedata.tests.dll" id="74a7dfe2-eec1-0c69-56a2-a19ef1344b9a">
      <Execution id="b4ca85f2-d4d4-4bd2-8cfa-d9a050ebdeca" />
      <TestMethod codeBase="D:\PROJECT\ALKAROS\tests\BuildingBlocks\Security\SensitiveData\bin\Debug\net8.0\ALKAROS.SensitiveData.Tests.dll" adapterTypeName="executor://xunit/VsTestRunner2/netcoreapp" className="ALKAROS.SensitiveData.Tests.Protection.EnvelopeProtectionTests" name="FromPersistenceBytesRejectsNullJsonWithTypedException" />
    </UnitTest>
    <UnitTest name="ALKAROS.SensitiveData.Tests.Protection.EnvelopeProtectionTests.FromPersistenceBytesRejectsMalformedBytesWithTypedException" storage="d:\project\alkaros\tests\buildingblocks\security\sensitivedata\bin\debug\net8.0\alkaros.sensitivedata.tests.dll" id="3af4293d-cce9-930b-769b-d690daaab32d">
      <Execution id="4a92c7a3-9b67-4e38-8666-740c3160ee88" />
      <TestMethod codeBase="D:\PROJECT\ALKAROS\tests\BuildingBlocks\Security\SensitiveData\bin\Debug\net8.0\ALKAROS.SensitiveData.Tests.dll" adapterTypeName="executor://xunit/VsTestRunner2/netcoreapp" className="ALKAROS.SensitiveData.Tests.Protection.EnvelopeProtectionTests" name="FromPersistenceBytesRejectsMalformedBytesWithTypedException" />
    </UnitTest>
    <UnitTest name="ALKAROS.SensitiveData.Tests.Encryption.KeyFailureTests.MissingKeyFailsClosedOnProtect" storage="d:\project\alkaros\tests\buildingblocks\security\sensitivedata\bin\debug\net8.0\alkaros.sensitivedata.tests.dll" id="9d7d4821-f29b-a1d2-4dfe-846e1bffc92f">
      <Execution id="8634720f-bf62-41e7-b3f8-b5cb6cdf4cb0" />
      <TestMethod codeBase="D:\PROJECT\ALKAROS\tests\BuildingBlocks\Security\SensitiveData\bin\Debug\net8.0\ALKAROS.SensitiveData.Tests.dll" adapterTypeName="executor://xunit/VsTestRunner2/netcoreapp" className="ALKAROS.SensitiveData.Tests.Encryption.KeyFailureTests" name="MissingKeyFailsClosedOnProtect" />
    </UnitTest>
    <UnitTest name="ALKAROS.SensitiveData.Tests.Authorization.UnauthorizedReadTests.UnauthorizedReadExceptionDoesNotRevealPayloadContent" storage="d:\project\alkaros\tests\buildingblocks\security\sensitivedata\bin\debug\net8.0\alkaros.sensitivedata.tests.dll" id="2206693f-c3ce-ca93-b378-9751f51ae867">
      <Execution id="4f0001ac-6b07-416c-b0cb-ab6f1ce5eace" />
      <TestMethod codeBase="D:\PROJECT\ALKAROS\tests\BuildingBlocks\Security\SensitiveData\bin\Debug\net8.0\ALKAROS.SensitiveData.Tests.dll" adapterTypeName="executor://xunit/VsTestRunner2/netcoreapp" className="ALKAROS.SensitiveData.Tests.Authorization.UnauthorizedReadTests" name="UnauthorizedReadExceptionDoesNotRevealPayloadContent" />
    </UnitTest>
    <UnitTest name="ALKAROS.SensitiveData.Tests.Authorization.UnauthorizedReadTests.UnauthorizedReadThrowsAndDecryptIsNeverCalled" storage="d:\project\alkaros\tests\buildingblocks\security\sensitivedata\bin\debug\net8.0\alkaros.sensitivedata.tests.dll" id="2a325430-4637-0d20-7c70-04717b4d6f3c">
      <Execution id="6b74df8a-ea30-4dc8-80b5-fcc314fd1fa7" />
      <TestMethod codeBase="D:\PROJECT\ALKAROS\tests\BuildingBlocks\Security\SensitiveData\bin\Debug\net8.0\ALKAROS.SensitiveData.Tests.dll" adapterTypeName="executor://xunit/VsTestRunner2/netcoreapp" className="ALKAROS.SensitiveData.Tests.Authorization.UnauthorizedReadTests" name="UnauthorizedReadThrowsAndDecryptIsNeverCalled" />
    </UnitTest>
    <UnitTest name="ALKAROS.SensitiveData.Tests.Encryption.KeyFailureTests.TamperedCiphertextFailsIntegrityCheckWithoutPlaintext" storage="d:\project\alkaros\tests\buildingblocks\security\sensitivedata\bin\debug\net8.0\alkaros.sensitivedata.tests.dll" id="937a9a53-0ccd-8388-7f69-c01ff52e49a0">
      <Execution id="fcc7a0fd-73a2-486e-ba0e-52ad09d60293" />
      <TestMethod codeBase="D:\PROJECT\ALKAROS\tests\BuildingBlocks\Security\SensitiveData\bin\Debug\net8.0\ALKAROS.SensitiveData.Tests.dll" adapterTypeName="executor://xunit/VsTestRunner2/netcoreapp" className="ALKAROS.SensitiveData.Tests.Encryption.KeyFailureTests" name="TamperedCiphertextFailsIntegrityCheckWithoutPlaintext" />
    </UnitTest>
    <UnitTest name="ALKAROS.SensitiveData.Tests.Protection.PayloadRedactionTests.RedactedLogLineContainsNoSensitiveValue" storage="d:\project\alkaros\tests\buildingblocks\security\sensitivedata\bin\debug\net8.0\alkaros.sensitivedata.tests.dll" id="443befb8-2eca-4b88-8c66-7f512abf68c0">
      <Execution id="721f1400-a99d-44b4-a8c4-217f86845d14" />
      <TestMethod codeBase="D:\PROJECT\ALKAROS\tests\BuildingBlocks\Security\SensitiveData\bin\Debug\net8.0\ALKAROS.SensitiveData.Tests.dll" adapterTypeName="executor://xunit/VsTestRunner2/netcoreapp" className="ALKAROS.SensitiveData.Tests.Protection.PayloadRedactionTests" name="RedactedLogLineContainsNoSensitiveValue" />
    </UnitTest>
    <UnitTest name="ALKAROS.SensitiveData.Tests.Retention.RetentionPolicyHookTests.MaxAgeRejectsNegativeDuration" storage="d:\project\alkaros\tests\buildingblocks\security\sensitivedata\bin\debug\net8.0\alkaros.sensitivedata.tests.dll" id="2c6ffbaf-cbae-7eda-e0ef-f4b0f41a5318">
      <Execution id="1c54c285-6398-4c66-8fd8-b91494dabe32" />
      <TestMethod codeBase="D:\PROJECT\ALKAROS\tests\BuildingBlocks\Security\SensitiveData\bin\Debug\net8.0\ALKAROS.SensitiveData.Tests.dll" adapterTypeName="executor://xunit/VsTestRunner2/netcoreapp" className="ALKAROS.SensitiveData.Tests.Retention.RetentionPolicyHookTests" name="MaxAgeRejectsNegativeDuration" />
    </UnitTest>
    <UnitTest name="ALKAROS.SensitiveData.Tests.Protection.PayloadRedactionTests.RedactMasksNonPublicFieldsAndKeepsPublicFields" storage="d:\project\alkaros\tests\buildingblocks\security\sensitivedata\bin\debug\net8.0\alkaros.sensitivedata.tests.dll" id="043016e9-9637-6b34-5793-6227e233e83f">
      <Execution id="4442e657-94ad-49f3-95b0-ef500ffe2977" />
      <TestMethod codeBase="D:\PROJECT\ALKAROS\tests\BuildingBlocks\Security\SensitiveData\bin\Debug\net8.0\ALKAROS.SensitiveData.Tests.dll" adapterTypeName="executor://xunit/VsTestRunner2/netcoreapp" className="ALKAROS.SensitiveData.Tests.Protection.PayloadRedactionTests" name="RedactMasksNonPublicFieldsAndKeepsPublicFields" />
    </UnitTest>
    <UnitTest name="ALKAROS.SensitiveData.Tests.Retention.RetentionPolicyHookTests.EnvelopeAtExactlyTheMaxAgeIsNotExpired" storage="d:\project\alkaros\tests\buildingblocks\security\sensitivedata\bin\debug\net8.0\alkaros.sensitivedata.tests.dll" id="60ae47be-5593-2532-1477-24bbba7996e7">
      <Execution id="213bc9b3-bc6d-4f8b-baee-4c5fa8271fd1" />
      <TestMethod codeBase="D:\PROJECT\ALKAROS\tests\BuildingBlocks\Security\SensitiveData\bin\Debug\net8.0\ALKAROS.SensitiveData.Tests.dll" adapterTypeName="executor://xunit/VsTestRunner2/netcoreapp" className="ALKAROS.SensitiveData.Tests.Retention.RetentionPolicyHookTests" name="EnvelopeAtExactlyTheMaxAgeIsNotExpired" />
    </UnitTest>
    <UnitTest name="ALKAROS.SensitiveData.Tests.MetadataIntegrity.EnvelopeMetadataIntegrityTests.AlteredClassificationCannotBypassPolicyOrDecrypt" storage="d:\project\alkaros\tests\buildingblocks\security\sensitivedata\bin\debug\net8.0\alkaros.sensitivedata.tests.dll" id="d9f71318-e8e8-b5b1-73e7-94ab276141bc">
      <Execution id="ad4958b7-6618-42fb-9c04-30c926b1b08e" />
      <TestMethod codeBase="D:\PROJECT\ALKAROS\tests\BuildingBlocks\Security\SensitiveData\bin\Debug\net8.0\ALKAROS.SensitiveData.Tests.dll" adapterTypeName="executor://xunit/VsTestRunner2/netcoreapp" className="ALKAROS.SensitiveData.Tests.MetadataIntegrity.EnvelopeMetadataIntegrityTests" name="AlteredClassificationCannotBypassPolicyOrDecrypt" />
    </UnitTest>
    <UnitTest name="ALKAROS.SensitiveData.Tests.Encryption.KeyFailureTests.WrongLengthKeyFailsClosed" storage="d:\project\alkaros\tests\buildingblocks\security\sensitivedata\bin\debug\net8.0\alkaros.sensitivedata.tests.dll" id="34fcd98b-11ea-0c44-e00f-f6b26d7d759f">
      <Execution id="c71a19a7-4563-4ea6-b1da-4d9651c2b5e0" />
      <TestMethod codeBase="D:\PROJECT\ALKAROS\tests\BuildingBlocks\Security\SensitiveData\bin\Debug\net8.0\ALKAROS.SensitiveData.Tests.dll" adapterTypeName="executor://xunit/VsTestRunner2/netcoreapp" className="ALKAROS.SensitiveData.Tests.Encryption.KeyFailureTests" name="WrongLengthKeyFailsClosed" />
    </UnitTest>
    <UnitTest name="ALKAROS.SensitiveData.Tests.Retention.RetentionPolicyHookTests.OldEnvelopeIsExpired" storage="d:\project\alkaros\tests\buildingblocks\security\sensitivedata\bin\debug\net8.0\alkaros.sensitivedata.tests.dll" id="c35cba4a-afdd-87fe-da9c-ebf599ea53fb">
      <Execution id="b9505d76-b3bf-4a01-a57e-486dc792e33e" />
      <TestMethod codeBase="D:\PROJECT\ALKAROS\tests\BuildingBlocks\Security\SensitiveData\bin\Debug\net8.0\ALKAROS.SensitiveData.Tests.dll" adapterTypeName="executor://xunit/VsTestRunner2/netcoreapp" className="ALKAROS.SensitiveData.Tests.Retention.RetentionPolicyHookTests" name="OldEnvelopeIsExpired" />
    </UnitTest>
    <UnitTest name="ALKAROS.SensitiveData.Tests.Authorization.UnauthorizedReadTests.AuthorizedReadDecryptsExactlyOnce" storage="d:\project\alkaros\tests\buildingblocks\security\sensitivedata\bin\debug\net8.0\alkaros.sensitivedata.tests.dll" id="08c3515f-0f13-6a69-ee86-19b05f8bdccc">
      <Execution id="6b120b85-5916-49b9-942d-422889005fbc" />
      <TestMethod codeBase="D:\PROJECT\ALKAROS\tests\BuildingBlocks\Security\SensitiveData\bin\Debug\net8.0\ALKAROS.SensitiveData.Tests.dll" adapterTypeName="executor://xunit/VsTestRunner2/netcoreapp" className="ALKAROS.SensitiveData.Tests.Authorization.UnauthorizedReadTests" name="AuthorizedReadDecryptsExactlyOnce" />
    </UnitTest>
    <UnitTest name="ALKAROS.SensitiveData.Tests.Retention.RetentionPolicyHookTests.FreshEnvelopeIsNotExpired" storage="d:\project\alkaros\tests\buildingblocks\security\sensitivedata\bin\debug\net8.0\alkaros.sensitivedata.tests.dll" id="aa277117-6714-e505-77c0-a2fac4671331">
      <Execution id="a6962837-de99-4fbd-aae3-e5448b373a2a" />
      <TestMethod codeBase="D:\PROJECT\ALKAROS\tests\BuildingBlocks\Security\SensitiveData\bin\Debug\net8.0\ALKAROS.SensitiveData.Tests.dll" adapterTypeName="executor://xunit/VsTestRunner2/netcoreapp" className="ALKAROS.SensitiveData.Tests.Retention.RetentionPolicyHookTests" name="FreshEnvelopeIsNotExpired" />
    </UnitTest>
    <UnitTest name="ALKAROS.SensitiveData.Tests.Protection.EnvelopeProtectionTests.ProtectProducesEnvelopeWithoutAnyPlaintextValue" storage="d:\project\alkaros\tests\buildingblocks\security\sensitivedata\bin\debug\net8.0\alkaros.sensitivedata.tests.dll" id="cb3b62b8-99d5-34cc-f5dc-d289585676c6">
      <Execution id="b06d60df-0597-43cd-a432-a5c7f86d3ae7" />
      <TestMethod codeBase="D:\PROJECT\ALKAROS\tests\BuildingBlocks\Security\SensitiveData\bin\Debug\net8.0\ALKAROS.SensitiveData.Tests.dll" adapterTypeName="executor://xunit/VsTestRunner2/netcoreapp" className="ALKAROS.SensitiveData.Tests.Protection.EnvelopeProtectionTests" name="ProtectProducesEnvelopeWithoutAnyPlaintextValue" />
    </UnitTest>
  </TestDefinitions>
  <TestEntries>
    <TestEntry testId="109cfce1-d089-3bb8-b8fc-2a9affb41c92" executionId="d7c8626d-cbc5-4d84-a210-686ad36fe48e" testListId="8c84fa94-04c1-424b-9868-57a2d4851a1d" />
    <TestEntry testId="34fcd98b-11ea-0c44-e00f-f6b26d7d759f" executionId="c71a19a7-4563-4ea6-b1da-4d9651c2b5e0" testListId="8c84fa94-04c1-424b-9868-57a2d4851a1d" />
    <TestEntry testId="a73ed850-4395-b944-1c00-0a2b690a92c4" executionId="7e93bcdb-02f1-4a74-86fd-2d39a2d9fe84" testListId="8c84fa94-04c1-424b-9868-57a2d4851a1d" />
    <TestEntry testId="cb3b62b8-99d5-34cc-f5dc-d289585676c6" executionId="b06d60df-0597-43cd-a432-a5c7f86d3ae7" testListId="8c84fa94-04c1-424b-9868-57a2d4851a1d" />
    <TestEntry testId="9e001ee1-b35e-9f98-1c28-f2b5f199fb76" executionId="c8a2ac88-242f-4c26-ad8b-9362f5ef409e" testListId="8c84fa94-04c1-424b-9868-57a2d4851a1d" />
    <TestEntry testId="2c6ffbaf-cbae-7eda-e0ef-f4b0f41a5318" executionId="1c54c285-6398-4c66-8fd8-b91494dabe32" testListId="8c84fa94-04c1-424b-9868-57a2d4851a1d" />
    <TestEntry testId="c35cba4a-afdd-87fe-da9c-ebf599ea53fb" executionId="b9505d76-b3bf-4a01-a57e-486dc792e33e" testListId="8c84fa94-04c1-424b-9868-57a2d4851a1d" />
    <TestEntry testId="637f8c8b-2176-3986-b436-776aff172148" executionId="5f16cf5f-8332-4929-ab9e-4bf9abeb4e21" testListId="8c84fa94-04c1-424b-9868-57a2d4851a1d" />
    <TestEntry testId="443befb8-2eca-4b88-8c66-7f512abf68c0" executionId="721f1400-a99d-44b4-a8c4-217f86845d14" testListId="8c84fa94-04c1-424b-9868-57a2d4851a1d" />
    <TestEntry testId="9d7d4821-f29b-a1d2-4dfe-846e1bffc92f" executionId="8634720f-bf62-41e7-b3f8-b5cb6cdf4cb0" testListId="8c84fa94-04c1-424b-9868-57a2d4851a1d" />
    <TestEntry testId="aa277117-6714-e505-77c0-a2fac4671331" executionId="a6962837-de99-4fbd-aae3-e5448b373a2a" testListId="8c84fa94-04c1-424b-9868-57a2d4851a1d" />
    <TestEntry testId="4201b778-a2b8-9da4-3555-f9e653a14be5" executionId="c5e9a630-ccc5-41a5-9645-94e64e419681" testListId="8c84fa94-04c1-424b-9868-57a2d4851a1d" />
    <TestEntry testId="2a325430-4637-0d20-7c70-04717b4d6f3c" executionId="6b74df8a-ea30-4dc8-80b5-fcc314fd1fa7" testListId="8c84fa94-04c1-424b-9868-57a2d4851a1d" />
    <TestEntry testId="043016e9-9637-6b34-5793-6227e233e83f" executionId="4442e657-94ad-49f3-95b0-ef500ffe2977" testListId="8c84fa94-04c1-424b-9868-57a2d4851a1d" />
    <TestEntry testId="74a7dfe2-eec1-0c69-56a2-a19ef1344b9a" executionId="b4ca85f2-d4d4-4bd2-8cfa-d9a050ebdeca" testListId="8c84fa94-04c1-424b-9868-57a2d4851a1d" />
    <TestEntry testId="b5e5c80e-3453-c843-cec4-811b59541f65" executionId="33c99202-1a63-43c5-ae9d-befc90359304" testListId="8c84fa94-04c1-424b-9868-57a2d4851a1d" />
    <TestEntry testId="08c3515f-0f13-6a69-ee86-19b05f8bdccc" executionId="6b120b85-5916-49b9-942d-422889005fbc" testListId="8c84fa94-04c1-424b-9868-57a2d4851a1d" />
    <TestEntry testId="d9f71318-e8e8-b5b1-73e7-94ab276141bc" executionId="ad4958b7-6618-42fb-9c04-30c926b1b08e" testListId="8c84fa94-04c1-424b-9868-57a2d4851a1d" />
    <TestEntry testId="2206693f-c3ce-ca93-b378-9751f51ae867" executionId="4f0001ac-6b07-416c-b0cb-ab6f1ce5eace" testListId="8c84fa94-04c1-424b-9868-57a2d4851a1d" />
    <TestEntry testId="60ae47be-5593-2532-1477-24bbba7996e7" executionId="213bc9b3-bc6d-4f8b-baee-4c5fa8271fd1" testListId="8c84fa94-04c1-424b-9868-57a2d4851a1d" />
    <TestEntry testId="8fb1becc-8a75-0629-5f9a-b291e670601a" executionId="24e425b7-fdf2-41ce-aee6-13c955209dc7" testListId="8c84fa94-04c1-424b-9868-57a2d4851a1d" />
    <TestEntry testId="937a9a53-0ccd-8388-7f69-c01ff52e49a0" executionId="fcc7a0fd-73a2-486e-ba0e-52ad09d60293" testListId="8c84fa94-04c1-424b-9868-57a2d4851a1d" />
    <TestEntry testId="3af4293d-cce9-930b-769b-d690daaab32d" executionId="4a92c7a3-9b67-4e38-8666-740c3160ee88" testListId="8c84fa94-04c1-424b-9868-57a2d4851a1d" />
  </TestEntries>
  <TestLists>
    <TestList name="Bir Listede Olmayan Sonuçlar" id="8c84fa94-04c1-424b-9868-57a2d4851a1d" />
    <TestList name="Yüklenen Tüm Sonuçlar" id="19431567-8539-422a-85d7-44ee4e166bda" />
  </TestLists>
  <ResultSummary outcome="Completed">
    <Counters total="23" executed="23" passed="23" failed="0" error="0" timeout="0" aborted="0" inconclusive="0" passedButRunAborted="0" notRunnable="0" notExecuted="0" disconnected="0" warning="0" completed="0" inProgress="0" pending="0" />
    <Output>
      <StdOut>[xUnit.net 00:00:00.00] xUnit.net VSTest Adapter v2.8.2+699d445a1a (64-bit .NET 8.0.29)&#xD;
[xUnit.net 00:00:00.08]   Discovering: ALKAROS.SensitiveData.Tests&#xD;
[xUnit.net 00:00:00.12]   Discovered:  ALKAROS.SensitiveData.Tests&#xD;
[xUnit.net 00:00:00.12]   Starting:    ALKAROS.SensitiveData.Tests&#xD;
[xUnit.net 00:00:00.32]   Finished:    ALKAROS.SensitiveData.Tests&#xD;
</StdOut>
    </Output>
  </ResultSummary>
</TestRun>